<?xml version="1.0" encoding="UTF-8"?>
<testsuite xmlns:xsi="http://www.w3.org/2001/XMLSchema-instance" xsi:noNamespaceSchemaLocation="https://maven.apache.org/surefire/maven-surefire-plugin/xsd/surefire-test-report.xsd" version="3.0.2" name="com.condominio.condominio_api.controller.AuthControllerTest" time="48.149" tests="8" errors="0" skipped="0" failures="0">
  <properties>
[...]
</properties>
  <testcase name="passwordIncorrecta" classname="com.condominio.condominio_api.controller.AuthControllerTest" time="7.437">
    <system-out><![CDATA[17:07:07.576 [main] INFO org.springframework.test.context.support.AnnotationConfigContextLoaderUtils -- Could not detect default configuration classes for test class [com.condominio.condominio_api.controller.AuthControllerTest]: AuthControllerTest does not declare any static, non-private, non-final, nested classes annotated with @Configuration.
17:07:07.762 [main] INFO org.springframework.boot.test.context.SpringBootTestContextBootstrapper -- Found @SpringBootConfiguration com.condominio.condominio_api.CondominioApiApplication for test class com.condominio.condominio_api.controller.AuthControllerTest
17:07:07.944 [main] INFO org.springframework.boot.devtools.restart.RestartApplicationListener -- Restart disabled due to context in which it is running

  .   ____          _            __ _ _
 /\\ / ___'_ __ _ _(_)_ __  __ _ \ \ \ \
( ( )\___ | '_ | '_| | '_ \/ _` | \ \ \ \
 \\/  ___)| |_)| | | | | || (_| |  ) ) ) )
  '  |____| .__|_| |_|_| |_\__, | / / / /
 =========|_|==============|___/=/_/_/_/

 :: Spring Boot ::                (v3.5.3)

17:07:08.314 INFO  [           main] c.c.c.controller.AuthControllerTest      : Starting AuthControllerTest using Java 25.0.3 with PID 46888 (started by xavo in /home/xavo/GitHub/Personal/condominio-api)
17:07:08.315 DEBUG [           main] c.c.c.controller.AuthControllerTest      : Running with Spring Boot v3.5.3, Spring v6.2.8
17:07:08.315 INFO  [           main] c.c.c.controller.AuthControllerTest      : The following 1 profile is active: "dev"
17:07:09.331 INFO  [           main] .s.d.r.c.RepositoryConfigurationDelegate : Bootstrapping Spring Data JPA repositories in DEFAULT mode.
17:07:09.418 INFO  [           main] .s.d.r.c.RepositoryConfigurationDelegate : Finished Spring Data repository scanning in 61 ms. Found 6 JPA repository interfaces.
17:07:10.347 DEBUG [           main] o.f.c.i.s.classpath.ClassPathScanner     : Scanning for classpath resources at 'classpath:db/callback' ...
17:07:10.347 DEBUG [           main] o.f.c.i.s.classpath.ClassPathScanner     : Determining location urls for classpath:db/callback using ClassLoader jdk.internal.loader.ClassLoaders$AppClassLoader@7c84929b ...
17:07:10.347 DEBUG [           main] o.f.c.i.s.classpath.ClassPathScanner     : Unable to resolve location classpath:db/callback.
17:07:10.348 DEBUG [           main] o.f.c.i.s.classpath.ClassPathScanner     : Scanning for classpath resources at 'classpath:db/migration' ...
17:07:10.348 DEBUG [           main] o.f.c.i.s.classpath.ClassPathScanner     : Determining location urls for classpath:db/migration using ClassLoader jdk.internal.loader.ClassLoaders$AppClassLoader@7c84929b ...
17:07:10.348 DEBUG [           main] o.f.c.i.s.classpath.ClassPathScanner     : Scanning URL: file:/home/xavo/GitHub/Personal/condominio-api/target/classes/db/migration
17:07:10.349 DEBUG [           main] i.s.c.FileSystemClassPathLocationScanner : Scanning starting at classpath root in filesystem: /home/xavo/GitHub/Personal/condominio-api/target/classes/
17:07:10.350 DEBUG [           main] i.s.c.FileSystemClassPathLocationScanner : Scanning for resources in path: /home/xavo/GitHub/Personal/condominio-api/target/classes/db/migration (db/migration)
17:07:10.352 DEBUG [           main] o.f.c.i.s.classpath.ClassPathScanner     : Found resource: db/migration/V1__schema.sql
17:07:10.352 DEBUG [           main] o.f.c.i.s.classpath.ClassPathScanner     : Found resource: db/migration/V2__constraints.sql
17:07:10.352 DEBUG [           main] o.f.c.i.s.classpath.ClassPathScanner     : Found resource: db/migration/V3__indexes.sql
17:07:10.352 DEBUG [           main] o.f.c.i.s.classpath.ClassPathScanner     : Found resource: db/migration/V4__triggers.sql
17:07:10.352 DEBUG [           main] o.f.c.i.s.classpath.ClassPathScanner     : Found resource: db/migration/V5__functions.sql
17:07:10.352 DEBUG [           main] o.f.c.i.s.classpath.ClassPathScanner     : Found resource: db/migration/V6__seed.sql
17:07:10.352 DEBUG [           main] o.f.c.i.s.classpath.ClassPathScanner     : Found resource: db/migration/V7__views.sql
17:07:10.352 DEBUG [           main] o.f.c.i.s.classpath.ClassPathScanner     : Found resource: db/migration/V8__test_auth_seed.sql
17:07:10.353 DEBUG [           main] o.f.c.i.s.classpath.ClassPathScanner     : Found resource: db/migration/V9__fix_admin_password.sql
17:07:10.353 DEBUG [           main] o.f.c.i.s.classpath.ClassPathScanner     : Scanning for classes at classpath:db/migration
17:07:11.848 DEBUG [           main] o.f.c.i.resource.ResourceNameValidator   : Validating V1__schema.sql
17:07:11.849 DEBUG [           main] o.f.c.i.resource.ResourceNameValidator   : Validating V5__functions.sql
17:07:11.850 DEBUG [           main] o.f.c.i.resource.ResourceNameValidator   : Validating V7__views.sql
17:07:11.850 DEBUG [           main] o.f.c.i.resource.ResourceNameValidator   : Validating V4__triggers.sql
17:07:11.850 DEBUG [           main] o.f.c.i.resource.ResourceNameValidator   : Validating V2__constraints.sql
17:07:11.850 DEBUG [           main] o.f.c.i.resource.ResourceNameValidator   : Validating V9__fix_admin_password.sql
17:07:11.850 DEBUG [           main] o.f.c.i.resource.ResourceNameValidator   : Validating V6__seed.sql
17:07:11.850 DEBUG [           main] o.f.c.i.resource.ResourceNameValidator   : Validating V3__indexes.sql
17:07:11.850 DEBUG [           main] o.f.c.i.resource.ResourceNameValidator   : Validating V8__test_auth_seed.sql
17:07:11.857 DEBUG [           main] o.f.c.i.database.DatabaseTypeRegister    : Multiple databases found that handle url 'jdbc:postgresql://db.uegmjdakzkjatjctmmdw.supabase.co:5432/postgres?sslmode=require': CockroachDB,PostgreSQL
17:07:11.859 INFO  [           main] org.flywaydb.core.FlywayExecutor         : Database: jdbc:postgresql://db.uegmjdakzkjatjctmmdw.supabase.co:5432/postgres?sslmode=require (PostgreSQL 17.6)
17:07:11.859 DEBUG [           main] org.flywaydb.core.FlywayExecutor         : Database Type: PostgreSQL
17:07:11.859 DEBUG [           main] org.flywaydb.core.FlywayExecutor         : Driver: PostgreSQL JDBC Driver 42.7.7
17:07:11.859 DEBUG [           main] org.flywaydb.core.FlywayExecutor         : DDL Transactions Supported: true
17:07:11.861 DEBUG [           main] o.f.c.i.s.SchemaHistoryFactory           : Schemas: 
17:07:11.861 DEBUG [           main] o.f.c.i.s.SchemaHistoryFactory           : Default schema: null
17:07:13.102 DEBUG [           main] org.flywaydb.core.FlywayExecutor         : Scanning for script callbacks ...
17:07:13.108 DEBUG [           main] o.f.c.i.c.SqlScriptCallbackFactory       : Scanning for SQL callbacks ...
17:07:13.224 DEBUG [           main] o.f.core.internal.command.DbValidate     : Validating migrations ...
17:07:13.230 DEBUG [           main] o.f.c.a.c.ClassicConfiguration           : CherryPickConfigurationExtension not found
17:07:13.246 DEBUG [           main] o.f.core.internal.scanner.Scanner        : Filtering out resource: db/migration/V1__schema.sql (filename: V1__schema.sql)
17:07:13.247 DEBUG [           main] o.f.core.internal.scanner.Scanner        : Filtering out resource: db/migration/V5__functions.sql (filename: V5__functions.sql)
17:07:13.248 DEBUG [           main] o.f.core.internal.scanner.Scanner        : Filtering out resource: db/migration/V7__views.sql (filename: V7__views.sql)
17:07:13.248 DEBUG [           main] o.f.core.internal.scanner.Scanner        : Filtering out resource: db/migration/V4__triggers.sql (filename: V4__triggers.sql)
17:07:13.248 DEBUG [           main] o.f.core.internal.scanner.Scanner        : Filtering out resource: db/migration/V2__constraints.sql (filename: V2__constraints.sql)
17:07:13.248 DEBUG [           main] o.f.core.internal.scanner.Scanner        : Filtering out resource: db/migration/V9__fix_admin_password.sql (filename: V9__fix_admin_password.sql)
17:07:13.248 DEBUG [           main] o.f.core.internal.scanner.Scanner        : Filtering out resource: db/migration/V6__seed.sql (filename: V6__seed.sql)
17:07:13.249 DEBUG [           main] o.f.core.internal.scanner.Scanner        : Filtering out resource: db/migration/V3__indexes.sql (filename: V3__indexes.sql)
17:07:13.249 DEBUG [           main] o.f.core.internal.scanner.Scanner        : Filtering out resource: db/migration/V8__test_auth_seed.sql (filename: V8__test_auth_seed.sql)
17:07:13.251 DEBUG [           main] o.f.core.internal.scanner.Scanner        : Filtering out resource: db/migration/V1__schema.sql (filename: V1__schema.sql)
17:07:13.251 DEBUG [           main] o.f.core.internal.scanner.Scanner        : Filtering out resource: db/migration/V5__functions.sql (filename: V5__functions.sql)
17:07:13.252 DEBUG [           main] o.f.core.internal.scanner.Scanner        : Filtering out resource: db/migration/V7__views.sql (filename: V7__views.sql)
17:07:13.252 DEBUG [           main] o.f.core.internal.scanner.Scanner        : Filtering out resource: db/migration/V4__triggers.sql (filename: V4__triggers.sql)
17:07:13.252 DEBUG [           main] o.f.core.internal.scanner.Scanner        : Filtering out resource: db/migration/V2__constraints.sql (filename: V2__constraints.sql)
17:07:13.252 DEBUG [           main] o.f.core.internal.scanner.Scanner        : Filtering out resource: db/migration/V9__fix_admin_password.sql (filename: V9__fix_admin_password.sql)
17:07:13.253 DEBUG [           main] o.f.core.internal.scanner.Scanner        : Filtering out resource: db/migration/V6__seed.sql (filename: V6__seed.sql)
17:07:13.253 DEBUG [           main] o.f.core.internal.scanner.Scanner        : Filtering out resource: db/migration/V3__indexes.sql (filename: V3__indexes.sql)
17:07:13.253 DEBUG [           main] o.f.core.internal.scanner.Scanner        : Filtering out resource: db/migration/V8__test_auth_seed.sql (filename: V8__test_auth_seed.sql)
17:07:13.256 DEBUG [           main] o.f.core.internal.scanner.Scanner        : Filtering out resource: db/migration/V1__schema.sql (filename: V1__schema.sql)
17:07:13.256 DEBUG [           main] o.f.core.internal.scanner.Scanner        : Filtering out resource: db/migration/V5__functions.sql (filename: V5__functions.sql)
17:07:13.256 DEBUG [           main] o.f.core.internal.scanner.Scanner        : Filtering out resource: db/migration/V7__views.sql (filename: V7__views.sql)
17:07:13.257 DEBUG [           main] o.f.core.internal.scanner.Scanner        : Filtering out resource: db/migration/V4__triggers.sql (filename: V4__triggers.sql)
17:07:13.257 DEBUG [           main] o.f.core.internal.scanner.Scanner        : Filtering out resource: db/migration/V2__constraints.sql (filename: V2__constraints.sql)
17:07:13.257 DEBUG [           main] o.f.core.internal.scanner.Scanner        : Filtering out resource: db/migration/V9__fix_admin_password.sql (filename: V9__fix_admin_password.sql)
17:07:13.257 DEBUG [           main] o.f.core.internal.scanner.Scanner        : Filtering out resource: db/migration/V6__seed.sql (filename: V6__seed.sql)
17:07:13.257 DEBUG [           main] o.f.core.internal.scanner.Scanner        : Filtering out resource: db/migration/V3__indexes.sql (filename: V3__indexes.sql)
17:07:13.257 DEBUG [           main] o.f.core.internal.scanner.Scanner        : Filtering out resource: db/migration/V8__test_auth_seed.sql (filename: V8__test_auth_seed.sql)
17:07:13.258 DEBUG [           main] o.f.core.internal.scanner.Scanner        : Filtering out resource: db/migration/V1__schema.sql (filename: V1__schema.sql)
17:07:13.258 DEBUG [           main] o.f.core.internal.scanner.Scanner        : Filtering out resource: db/migration/V5__functions.sql (filename: V5__functions.sql)
17:07:13.258 DEBUG [           main] o.f.core.internal.scanner.Scanner        : Filtering out resource: db/migration/V7__views.sql (filename: V7__views.sql)
17:07:13.258 DEBUG [           main] o.f.core.internal.scanner.Scanner        : Filtering out resource: db/migration/V4__triggers.sql (filename: V4__triggers.sql)
17:07:13.259 DEBUG [           main] o.f.core.internal.scanner.Scanner        : Filtering out resource: db/migration/V2__constraints.sql (filename: V2__constraints.sql)
17:07:13.259 DEBUG [           main] o.f.core.internal.scanner.Scanner        : Filtering out resource: db/migration/V9__fix_admin_password.sql (filename: V9__fix_admin_password.sql)
17:07:13.259 DEBUG [           main] o.f.core.internal.scanner.Scanner        : Filtering out resource: db/migration/V6__seed.sql (filename: V6__seed.sql)
17:07:13.259 DEBUG [           main] o.f.core.internal.scanner.Scanner        : Filtering out resource: db/migration/V3__indexes.sql (filename: V3__indexes.sql)
17:07:13.259 DEBUG [           main] o.f.core.internal.scanner.Scanner        : Filtering out resource: db/migration/V8__test_auth_seed.sql (filename: V8__test_auth_seed.sql)
17:07:13.687 INFO  [           main] o.f.core.internal.command.DbValidate     : Successfully validated 9 migrations (execution time 00:00.460s)
17:07:13.874 DEBUG [           main] o.f.core.internal.command.DbSchemas      : Skipping creation of existing schema: "public"
17:07:15.553 DEBUG [           main] o.f.c.a.c.ClassicConfiguration           : CherryPickConfigurationExtension not found
17:07:15.852 INFO  [           main] o.f.core.internal.command.DbMigrate      : Current version of schema "public": 9
17:07:15.960 INFO  [           main] o.f.core.internal.command.DbMigrate      : Schema "public" is up to date. No migration necessary.
17:07:16.772 DEBUG [           main] org.flywaydb.core.FlywayExecutor         : Memory usage: 35 of 70M
17:07:16.885 INFO  [           main] o.hibernate.jpa.internal.util.LogHelper  : HHH000204: Processing PersistenceUnitInfo [name: default]
17:07:16.926 INFO  [           main] org.hibernate.Version                    : HHH000412: Hibernate ORM core version 6.6.18.Final
17:07:16.951 INFO  [           main] o.h.c.internal.RegionFactoryInitiator    : HHH000026: Second-level cache disabled
17:07:17.182 INFO  [           main] o.s.o.j.p.SpringPersistenceUnitInfo      : No LoadTimeWeaver setup: ignoring JPA class transformer
17:07:17.208 INFO  [           main] com.zaxxer.hikari.HikariDataSource       : HikariPool-1 - Starting...
17:07:18.218 INFO  [           main] com.zaxxer.hikari.pool.HikariPool        : HikariPool-1 - Added connection org.postgresql.jdbc.PgConnection@58a7ca42
17:07:18.222 INFO  [           main] com.zaxxer.hikari.HikariDataSource       : HikariPool-1 - Start completed.
17:07:18.795 INFO  [           main] org.hibernate.orm.connections.pooling    : HHH10001005: Database info:
	Database JDBC URL [Connecting through datasource 'HikariDataSource (HikariPool-1)']
	Database driver: undefined/unknown
	Database version: 17.6
	Autocommit mode: undefined/unknown
	Isolation level: undefined/unknown
	Minimum pool size: undefined/unknown
	Maximum pool size: undefined/unknown
17:07:19.919 INFO  [           main] o.h.e.t.j.p.i.JtaPlatformInitiator       : HHH000489: No JTA platform available (set 'hibernate.transaction.jta.platform' to enable JTA platform integration)
17:07:23.214 INFO  [           main] j.LocalContainerEntityManagerFactoryBean : Initialized JPA EntityManagerFactory for persistence unit 'default'
17:07:23.519 INFO  [           main] o.s.d.j.r.query.QueryEnhancerFactory     : Hibernate is in classpath; If applicable, HQL parser will be used.
17:07:24.076 INFO  [           main] eAuthenticationProviderManagerConfigurer : Global AuthenticationManager configured with AuthenticationProvider bean with name authenticationProvider
17:07:24.076 WARN  [           main] r$InitializeUserDetailsManagerConfigurer : Global AuthenticationManager configured with an AuthenticationProvider bean. UserDetailsService beans will not be used by Spring Security for automatically configuring username/password login. Consider removing the AuthenticationProvider bean. Alternatively, consider using the UserDetailsService in a manually instantiated DaoAuthenticationProvider. If the current configuration is intentional, to turn off this warning, increase the logging level of 'org.springframework.security.config.annotation.authentication.configuration.InitializeUserDetailsBeanManagerConfigurer' to ERROR
17:07:24.762 DEBUG [           main] o.s.s.web.DefaultSecurityFilterChain     : Will secure any request with filters: DisableEncodeUrlFilter, WebAsyncManagerIntegrationFilter, SecurityContextHolderFilter, HeaderWriterFilter, CorsFilter, LogoutFilter, JwtAuthenticationFilter, RequestCacheAwareFilter, SecurityContextHolderAwareRequestFilter, AnonymousAuthenticationFilter, SessionManagementFilter, ExceptionTranslationFilter, AuthorizationFilter
17:07:25.232 DEBUG [           main] c.c.c.security.JwtAuthenticationFilter   : Filter 'jwtAuthenticationFilter' configured for use
17:07:25.233 INFO  [           main] o.s.b.t.m.w.SpringBootMockServletContext : Initializing Spring TestDispatcherServlet ''
17:07:25.233 INFO  [           main] o.s.t.web.servlet.TestDispatcherServlet  : Initializing Servlet ''
17:07:25.235 INFO  [           main] o.s.t.web.servlet.TestDispatcherServlet  : Completed initialization in 2 ms
17:07:25.264 INFO  [           main] c.c.c.controller.AuthControllerTest      : Started AuthControllerTest in 17.33 seconds (process running for 18.647)
17:07:26.496 DEBUG [           main] o.s.security.web.FilterChainProxy        : Securing POST /api/v1/auth/login
17:07:26.508 DEBUG [           main] o.s.s.w.a.AnonymousAuthenticationFilter  : Set SecurityContextHolder to anonymous SecurityContext
17:07:26.512 DEBUG [           main] o.s.security.web.FilterChainProxy        : Secured POST /api/v1/auth/login
17:07:27.094 DEBUG [           main] org.hibernate.SQL                        : 
    select
        u1_0.id_usuario,
        u1_0.bloqueado_hasta,
        u1_0.estado,
        u1_0.fecha_creacion,
        u1_0.fecha_expiracion_token,
        u1_0.intentos_fallidos,
        u1_0.password_hash,
        u1_0.id_persona,
        p1_0.id_persona,
        p1_0.apellidos,
        p1_0.correo,
        p1_0.direccion,
        p1_0.estado,
        p1_0.fecha_nacimiento,
        p1_0.foto_perfil,
        p1_0.nombres,
        p1_0.numero_identificacion,
        p1_0.telefono,
        p1_0.tipo_identificacion,
        u1_0.token_recuperacion,
        u1_0.ultimo_login,
        u1_0.username,
        ur1_0.id_usuario,
        ur1_0.id_rol,
        ur1_0.fecha_asignacion,
        r1_0.id_rol,
        r1_0.descripcion,
        r1_0.nombre 
    from
        public.usuario u1_0 
    left join
        public.persona p1_0 
            on p1_0.id_persona=u1_0.id_persona 
    left join
        public.usuario_rol ur1_0 
            on u1_0.id_usuario=ur1_0.id_usuario 
    left join
        public.rol r1_0 
            on r1_0.id_rol=ur1_0.id_rol 
    where
        u1_0.username=?
Hibernate: 
    select
        u1_0.id_usuario,
        u1_0.bloqueado_hasta,
        u1_0.estado,
        u1_0.fecha_creacion,
        u1_0.fecha_expiracion_token,
        u1_0.intentos_fallidos,
        u1_0.password_hash,
        u1_0.id_persona,
        p1_0.id_persona,
        p1_0.apellidos,
        p1_0.correo,
        p1_0.direccion,
        p1_0.estado,
        p1_0.fecha_nacimiento,
        p1_0.foto_perfil,
        p1_0.nombres,
        p1_0.numero_identificacion,
        p1_0.telefono,
        p1_0.tipo_identificacion,
        u1_0.token_recuperacion,
        u1_0.ultimo_login,
        u1_0.username,
        ur1_0.id_usuario,
        ur1_0.id_rol,
        ur1_0.fecha_asignacion,
        r1_0.id_rol,
        r1_0.descripcion,
        r1_0.nombre 
    from
        public.usuario u1_0 
    left join
        public.persona p1_0 
            on p1_0.id_persona=u1_0.id_persona 
    left join
        public.usuario_rol ur1_0 
            on u1_0.id_usuario=ur1_0.id_usuario 
    left join
        public.rol r1_0 
            on r1_0.id_rol=ur1_0.id_rol 
    where
        u1_0.username=?
17:07:27.095 TRACE [           main] org.hibernate.orm.jdbc.bind              : binding parameter (1:VARCHAR) <- [admin]
17:07:27.263 DEBUG [           main] org.hibernate.SQL                        : 
    select
        rp1_0.id_rol,
        rp1_0.id_permiso 
    from
        public.rol_permiso rp1_0 
    where
        rp1_0.id_rol=?
Hibernate: 
    select
        rp1_0.id_rol,
        rp1_0.id_permiso 
    from
        public.rol_permiso rp1_0 
    where
        rp1_0.id_rol=?
17:07:27.264 TRACE [           main] org.hibernate.orm.jdbc.bind              : binding parameter (1:BIGINT) <- [1]
17:07:27.381 DEBUG [           main] org.hibernate.SQL                        : 
    select
        p1_0.id_permiso,
        p1_0.accion,
        p1_0.modulo,
        p1_0.nombre 
    from
        public.permiso p1_0 
    where
        p1_0.id_permiso=?
Hibernate: 
    select
        p1_0.id_permiso,
        p1_0.accion,
        p1_0.modulo,
        p1_0.nombre 
    from
        public.permiso p1_0 
    where
        p1_0.id_permiso=?
17:07:27.382 TRACE [           main] org.hibernate.orm.jdbc.bind              : binding parameter (1:BIGINT) <- [1]
17:07:27.479 DEBUG [           main] org.hibernate.SQL                        : 
    select
        p1_0.id_permiso,
        p1_0.accion,
        p1_0.modulo,
        p1_0.nombre 
    from
        public.permiso p1_0 
    where
        p1_0.id_permiso=?
Hibernate: 
    select
        p1_0.id_permiso,
        p1_0.accion,
        p1_0.modulo,
        p1_0.nombre 
    from
        public.permiso p1_0 
    where
        p1_0.id_permiso=?
17:07:27.479 TRACE [           main] org.hibernate.orm.jdbc.bind              : binding parameter (1:BIGINT) <- [2]
17:07:27.573 DEBUG [           main] org.hibernate.SQL                        : 
    select
        p1_0.id_permiso,
        p1_0.accion,
        p1_0.modulo,
        p1_0.nombre 
    from
        public.permiso p1_0 
    where
        p1_0.id_permiso=?
Hibernate: 
    select
        p1_0.id_permiso,
        p1_0.accion,
        p1_0.modulo,
        p1_0.nombre 
    from
        public.permiso p1_0 
    where
        p1_0.id_permiso=?
17:07:27.573 TRACE [           main] org.hibernate.orm.jdbc.bind              : binding parameter (1:BIGINT) <- [3]
17:07:27.676 DEBUG [           main] org.hibernate.SQL                        : 
    select
        p1_0.id_permiso,
        p1_0.accion,
        p1_0.modulo,
        p1_0.nombre 
    from
        public.permiso p1_0 
    where
        p1_0.id_permiso=?
Hibernate: 
    select
        p1_0.id_permiso,
        p1_0.accion,
        p1_0.modulo,
        p1_0.nombre 
    from
        public.permiso p1_0 
    where
        p1_0.id_permiso=?
17:07:27.676 TRACE [           main] org.hibernate.orm.jdbc.bind              : binding parameter (1:BIGINT) <- [4]
17:07:27.777 DEBUG [           main] org.hibernate.SQL                        : 
    select
        p1_0.id_permiso,
        p1_0.accion,
        p1_0.modulo,
        p1_0.nombre 
    from
        public.permiso p1_0 
    where
        p1_0.id_permiso=?
Hibernate: 
    select
        p1_0.id_permiso,
        p1_0.accion,
        p1_0.modulo,
        p1_0.nombre 
    from
        public.permiso p1_0 
    where
        p1_0.id_permiso=?
17:07:27.777 TRACE [           main] org.hibernate.orm.jdbc.bind              : binding parameter (1:BIGINT) <- [5]
17:07:27.880 DEBUG [           main] org.hibernate.SQL                        : 
    select
        p1_0.id_permiso,
        p1_0.accion,
        p1_0.modulo,
        p1_0.nombre 
    from
        public.permiso p1_0 
    where
        p1_0.id_permiso=?
Hibernate: 
    select
        p1_0.id_permiso,
        p1_0.accion,
        p1_0.modulo,
        p1_0.nombre 
    from
        public.permiso p1_0 
    where
        p1_0.id_permiso=?
17:07:27.881 TRACE [           main] org.hibernate.orm.jdbc.bind              : binding parameter (1:BIGINT) <- [6]
17:07:27.982 DEBUG [           main] org.hibernate.SQL                        : 
    select
        p1_0.id_permiso,
        p1_0.accion,
        p1_0.modulo,
        p1_0.nombre 
    from
        public.permiso p1_0 
    where
        p1_0.id_permiso=?
Hibernate: 
    select
        p1_0.id_permiso,
        p1_0.accion,
        p1_0.modulo,
        p1_0.nombre 
    from
        public.permiso p1_0 
    where
        p1_0.id_permiso=?
17:07:27.983 TRACE [           main] org.hibernate.orm.jdbc.bind              : binding parameter (1:BIGINT) <- [7]
17:07:28.086 DEBUG [           main] org.hibernate.SQL                        : 
    select
        p1_0.id_permiso,
        p1_0.accion,
        p1_0.modulo,
        p1_0.nombre 
    from
        public.permiso p1_0 
    where
        p1_0.id_permiso=?
Hibernate: 
    select
        p1_0.id_permiso,
        p1_0.accion,
        p1_0.modulo,
        p1_0.nombre 
    from
        public.permiso p1_0 
    where
        p1_0.id_permiso=?
17:07:28.086 TRACE [           main] org.hibernate.orm.jdbc.bind              : binding parameter (1:BIGINT) <- [8]
17:07:28.181 DEBUG [           main] org.hibernate.SQL                        : 
    select
        p1_0.id_permiso,
        p1_0.accion,
        p1_0.modulo,
        p1_0.nombre 
    from
        public.permiso p1_0 
    where
        p1_0.id_permiso=?
Hibernate: 
    select
        p1_0.id_permiso,
        p1_0.accion,
        p1_0.modulo,
        p1_0.nombre 
    from
        public.permiso p1_0 
    where
        p1_0.id_permiso=?
17:07:28.182 TRACE [           main] org.hibernate.orm.jdbc.bind              : binding parameter (1:BIGINT) <- [9]
17:07:28.278 DEBUG [           main] org.hibernate.SQL                        : 
    select
        p1_0.id_permiso,
        p1_0.accion,
        p1_0.modulo,
        p1_0.nombre 
    from
        public.permiso p1_0 
    where
        p1_0.id_permiso=?
Hibernate: 
    select
        p1_0.id_permiso,
        p1_0.accion,
        p1_0.modulo,
        p1_0.nombre 
    from
        public.permiso p1_0 
    where
        p1_0.id_permiso=?
17:07:28.279 TRACE [           main] org.hibernate.orm.jdbc.bind              : binding parameter (1:BIGINT) <- [10]
17:07:28.375 DEBUG [           main] org.hibernate.SQL                        : 
    select
        p1_0.id_permiso,
        p1_0.accion,
        p1_0.modulo,
        p1_0.nombre 
    from
        public.permiso p1_0 
    where
        p1_0.id_permiso=?
Hibernate: 
    select
        p1_0.id_permiso,
        p1_0.accion,
        p1_0.modulo,
        p1_0.nombre 
    from
        public.permiso p1_0 
    where
        p1_0.id_permiso=?
17:07:28.376 TRACE [           main] org.hibernate.orm.jdbc.bind              : binding parameter (1:BIGINT) <- [11]
17:07:28.469 DEBUG [           main] org.hibernate.SQL                        : 
    select
        p1_0.id_permiso,
        p1_0.accion,
        p1_0.modulo,
        p1_0.nombre 
    from
        public.permiso p1_0 
    where
        p1_0.id_permiso=?
Hibernate: 
    select
        p1_0.id_permiso,
        p1_0.accion,
        p1_0.modulo,
        p1_0.nombre 
    from
        public.permiso p1_0 
    where
        p1_0.id_permiso=?
17:07:28.470 TRACE [           main] org.hibernate.orm.jdbc.bind              : binding parameter (1:BIGINT) <- [12]
17:07:28.566 DEBUG [           main] org.hibernate.SQL                        : 
    select
        p1_0.id_permiso,
        p1_0.accion,
        p1_0.modulo,
        p1_0.nombre 
    from
        public.permiso p1_0 
    where
        p1_0.id_permiso=?
Hibernate: 
    select
        p1_0.id_permiso,
        p1_0.accion,
        p1_0.modulo,
        p1_0.nombre 
    from
        public.permiso p1_0 
    where
        p1_0.id_permiso=?
17:07:28.566 TRACE [           main] org.hibernate.orm.jdbc.bind              : binding parameter (1:BIGINT) <- [13]
17:07:28.670 DEBUG [           main] org.hibernate.SQL                        : 
    select
        p1_0.id_permiso,
        p1_0.accion,
        p1_0.modulo,
        p1_0.nombre 
    from
        public.permiso p1_0 
    where
        p1_0.id_permiso=?
Hibernate: 
    select
        p1_0.id_permiso,
        p1_0.accion,
        p1_0.modulo,
        p1_0.nombre 
    from
        public.permiso p1_0 
    where
        p1_0.id_permiso=?
17:07:28.670 TRACE [           main] org.hibernate.orm.jdbc.bind              : binding parameter (1:BIGINT) <- [14]
17:07:28.768 DEBUG [           main] org.hibernate.SQL                        : 
    select
        p1_0.id_permiso,
        p1_0.accion,
        p1_0.modulo,
        p1_0.nombre 
    from
        public.permiso p1_0 
    where
        p1_0.id_permiso=?
Hibernate: 
    select
        p1_0.id_permiso,
        p1_0.accion,
        p1_0.modulo,
        p1_0.nombre 
    from
        public.permiso p1_0 
    where
        p1_0.id_permiso=?
17:07:28.769 TRACE [           main] org.hibernate.orm.jdbc.bind              : binding parameter (1:BIGINT) <- [15]
17:07:28.865 DEBUG [           main] org.hibernate.SQL                        : 
    select
        p1_0.id_permiso,
        p1_0.accion,
        p1_0.modulo,
        p1_0.nombre 
    from
        public.permiso p1_0 
    where
        p1_0.id_permiso=?
Hibernate: 
    select
        p1_0.id_permiso,
        p1_0.accion,
        p1_0.modulo,
        p1_0.nombre 
    from
        public.permiso p1_0 
    where
        p1_0.id_permiso=?
17:07:28.866 TRACE [           main] org.hibernate.orm.jdbc.bind              : binding parameter (1:BIGINT) <- [16]
17:07:28.960 DEBUG [           main] org.hibernate.SQL                        : 
    select
        p1_0.id_permiso,
        p1_0.accion,
        p1_0.modulo,
        p1_0.nombre 
    from
        public.permiso p1_0 
    where
        p1_0.id_permiso=?
Hibernate: 
    select
        p1_0.id_permiso,
        p1_0.accion,
        p1_0.modulo,
        p1_0.nombre 
    from
        public.permiso p1_0 
    where
        p1_0.id_permiso=?
17:07:28.961 TRACE [           main] org.hibernate.orm.jdbc.bind              : binding parameter (1:BIGINT) <- [17]
17:07:29.057 DEBUG [           main] org.hibernate.SQL                        : 
    select
        p1_0.id_permiso,
        p1_0.accion,
        p1_0.modulo,
        p1_0.nombre 
    from
        public.permiso p1_0 
    where
        p1_0.id_permiso=?
Hibernate: 
    select
        p1_0.id_permiso,
        p1_0.accion,
        p1_0.modulo,
        p1_0.nombre 
    from
        public.permiso p1_0 
    where
        p1_0.id_permiso=?
17:07:29.058 TRACE [           main] org.hibernate.orm.jdbc.bind              : binding parameter (1:BIGINT) <- [18]
17:07:29.155 DEBUG [           main] org.hibernate.SQL                        : 
    select
        p1_0.id_permiso,
        p1_0.accion,
        p1_0.modulo,
        p1_0.nombre 
    from
        public.permiso p1_0 
    where
        p1_0.id_permiso=?
Hibernate: 
    select
        p1_0.id_permiso,
        p1_0.accion,
        p1_0.modulo,
        p1_0.nombre 
    from
        public.permiso p1_0 
    where
        p1_0.id_permiso=?
17:07:29.156 TRACE [           main] org.hibernate.orm.jdbc.bind              : binding parameter (1:BIGINT) <- [19]
17:07:29.379 DEBUG [           main] org.hibernate.SQL                        : 
    select
        p1_0.id_permiso,
        p1_0.accion,
        p1_0.modulo,
        p1_0.nombre 
    from
        public.permiso p1_0 
    where
        p1_0.id_permiso=?
Hibernate: 
    select
        p1_0.id_permiso,
        p1_0.accion,
        p1_0.modulo,
        p1_0.nombre 
    from
        public.permiso p1_0 
    where
        p1_0.id_permiso=?
17:07:29.380 TRACE [           main] org.hibernate.orm.jdbc.bind              : binding parameter (1:BIGINT) <- [20]
17:07:29.633 DEBUG [           main] org.hibernate.SQL                        : 
    select
        p1_0.id_permiso,
        p1_0.accion,
        p1_0.modulo,
        p1_0.nombre 
    from
        public.permiso p1_0 
    where
        p1_0.id_permiso=?
Hibernate: 
    select
        p1_0.id_permiso,
        p1_0.accion,
        p1_0.modulo,
        p1_0.nombre 
    from
        public.permiso p1_0 
    where
        p1_0.id_permiso=?
17:07:29.634 TRACE [           main] org.hibernate.orm.jdbc.bind              : binding parameter (1:BIGINT) <- [21]
17:07:29.843 DEBUG [           main] org.hibernate.SQL                        : 
    select
        p1_0.id_permiso,
        p1_0.accion,
        p1_0.modulo,
        p1_0.nombre 
    from
        public.permiso p1_0 
    where
        p1_0.id_permiso=?
Hibernate: 
    select
        p1_0.id_permiso,
        p1_0.accion,
        p1_0.modulo,
        p1_0.nombre 
    from
        public.permiso p1_0 
    where
        p1_0.id_permiso=?
17:07:29.844 TRACE [           main] org.hibernate.orm.jdbc.bind              : binding parameter (1:BIGINT) <- [22]
17:07:30.023 DEBUG [           main] org.hibernate.SQL                        : 
    select
        p1_0.id_permiso,
        p1_0.accion,
        p1_0.modulo,
        p1_0.nombre 
    from
        public.permiso p1_0 
    where
        p1_0.id_permiso=?
Hibernate: 
    select
        p1_0.id_permiso,
        p1_0.accion,
        p1_0.modulo,
        p1_0.nombre 
    from
        public.permiso p1_0 
    where
        p1_0.id_permiso=?
17:07:30.024 TRACE [           main] org.hibernate.orm.jdbc.bind              : binding parameter (1:BIGINT) <- [23]
17:07:30.201 DEBUG [           main] org.hibernate.SQL                        : 
    select
        p1_0.id_permiso,
        p1_0.accion,
        p1_0.modulo,
        p1_0.nombre 
    from
        public.permiso p1_0 
    where
        p1_0.id_permiso=?
Hibernate: 
    select
        p1_0.id_permiso,
        p1_0.accion,
        p1_0.modulo,
        p1_0.nombre 
    from
        public.permiso p1_0 
    where
        p1_0.id_permiso=?
17:07:30.202 TRACE [           main] org.hibernate.orm.jdbc.bind              : binding parameter (1:BIGINT) <- [24]
17:07:30.299 DEBUG [           main] org.hibernate.SQL                        : 
    select
        p1_0.id_permiso,
        p1_0.accion,
        p1_0.modulo,
        p1_0.nombre 
    from
        public.permiso p1_0 
    where
        p1_0.id_permiso=?
Hibernate: 
    select
        p1_0.id_permiso,
        p1_0.accion,
        p1_0.modulo,
        p1_0.nombre 
    from
        public.permiso p1_0 
    where
        p1_0.id_permiso=?
17:07:30.299 TRACE [           main] org.hibernate.orm.jdbc.bind              : binding parameter (1:BIGINT) <- [25]
17:07:30.393 DEBUG [           main] org.hibernate.SQL                        : 
    select
        p1_0.id_permiso,
        p1_0.accion,
        p1_0.modulo,
        p1_0.nombre 
    from
        public.permiso p1_0 
    where
        p1_0.id_permiso=?
Hibernate: 
    select
        p1_0.id_permiso,
        p1_0.accion,
        p1_0.modulo,
        p1_0.nombre 
    from
        public.permiso p1_0 
    where
        p1_0.id_permiso=?
17:07:30.393 TRACE [           main] org.hibernate.orm.jdbc.bind              : binding parameter (1:BIGINT) <- [26]
17:07:30.491 DEBUG [           main] org.hibernate.SQL                        : 
    select
        p1_0.id_permiso,
        p1_0.accion,
        p1_0.modulo,
        p1_0.nombre 
    from
        public.permiso p1_0 
    where
        p1_0.id_permiso=?
Hibernate: 
    select
        p1_0.id_permiso,
        p1_0.accion,
        p1_0.modulo,
        p1_0.nombre 
    from
        public.permiso p1_0 
    where
        p1_0.id_permiso=?
17:07:30.491 TRACE [           main] org.hibernate.orm.jdbc.bind              : binding parameter (1:BIGINT) <- [27]
17:07:30.587 DEBUG [           main] org.hibernate.SQL                        : 
    select
        p1_0.id_permiso,
        p1_0.accion,
        p1_0.modulo,
        p1_0.nombre 
    from
        public.permiso p1_0 
    where
        p1_0.id_permiso=?
Hibernate: 
    select
        p1_0.id_permiso,
        p1_0.accion,
        p1_0.modulo,
        p1_0.nombre 
    from
        public.permiso p1_0 
    where
        p1_0.id_permiso=?
17:07:30.588 TRACE [           main] org.hibernate.orm.jdbc.bind              : binding parameter (1:BIGINT) <- [28]
17:07:30.685 DEBUG [           main] org.hibernate.SQL                        : 
    select
        p1_0.id_permiso,
        p1_0.accion,
        p1_0.modulo,
        p1_0.nombre 
    from
        public.permiso p1_0 
    where
        p1_0.id_permiso=?
Hibernate: 
    select
        p1_0.id_permiso,
        p1_0.accion,
        p1_0.modulo,
        p1_0.nombre 
    from
        public.permiso p1_0 
    where
        p1_0.id_permiso=?
17:07:30.686 TRACE [           main] org.hibernate.orm.jdbc.bind              : binding parameter (1:BIGINT) <- [29]
17:07:30.797 DEBUG [           main] org.hibernate.SQL                        : 
    select
        p1_0.id_permiso,
        p1_0.accion,
        p1_0.modulo,
        p1_0.nombre 
    from
        public.permiso p1_0 
    where
        p1_0.id_permiso=?
Hibernate: 
    select
        p1_0.id_permiso,
        p1_0.accion,
        p1_0.modulo,
        p1_0.nombre 
    from
        public.permiso p1_0 
    where
        p1_0.id_permiso=?
17:07:30.797 TRACE [           main] org.hibernate.orm.jdbc.bind              : binding parameter (1:BIGINT) <- [30]
17:07:30.893 DEBUG [           main] org.hibernate.SQL                        : 
    select
        p1_0.id_permiso,
        p1_0.accion,
        p1_0.modulo,
        p1_0.nombre 
    from
        public.permiso p1_0 
    where
        p1_0.id_permiso=?
Hibernate: 
    select
        p1_0.id_permiso,
        p1_0.accion,
        p1_0.modulo,
        p1_0.nombre 
    from
        public.permiso p1_0 
    where
        p1_0.id_permiso=?
17:07:30.894 TRACE [           main] org.hibernate.orm.jdbc.bind              : binding parameter (1:BIGINT) <- [31]
17:07:30.989 DEBUG [           main] org.hibernate.SQL                        : 
    select
        p1_0.id_permiso,
        p1_0.accion,
        p1_0.modulo,
        p1_0.nombre 
    from
        public.permiso p1_0 
    where
        p1_0.id_permiso=?
Hibernate: 
    select
        p1_0.id_permiso,
        p1_0.accion,
        p1_0.modulo,
        p1_0.nombre 
    from
        public.permiso p1_0 
    where
        p1_0.id_permiso=?
17:07:30.990 TRACE [           main] org.hibernate.orm.jdbc.bind              : binding parameter (1:BIGINT) <- [32]
17:07:31.085 DEBUG [           main] org.hibernate.SQL                        : 
    select
        p1_0.id_permiso,
        p1_0.accion,
        p1_0.modulo,
        p1_0.nombre 
    from
        public.permiso p1_0 
    where
        p1_0.id_permiso=?
Hibernate: 
    select
        p1_0.id_permiso,
        p1_0.accion,
        p1_0.modulo,
        p1_0.nombre 
    from
        public.permiso p1_0 
    where
        p1_0.id_permiso=?
17:07:31.086 TRACE [           main] org.hibernate.orm.jdbc.bind              : binding parameter (1:BIGINT) <- [33]
17:07:31.179 DEBUG [           main] org.hibernate.SQL                        : 
    select
        p1_0.id_permiso,
        p1_0.accion,
        p1_0.modulo,
        p1_0.nombre 
    from
        public.permiso p1_0 
    where
        p1_0.id_permiso=?
Hibernate: 
    select
        p1_0.id_permiso,
        p1_0.accion,
        p1_0.modulo,
        p1_0.nombre 
    from
        public.permiso p1_0 
    where
        p1_0.id_permiso=?
17:07:31.180 TRACE [           main] org.hibernate.orm.jdbc.bind              : binding parameter (1:BIGINT) <- [34]
17:07:31.275 DEBUG [           main] org.hibernate.SQL                        : 
    select
        p1_0.id_permiso,
        p1_0.accion,
        p1_0.modulo,
        p1_0.nombre 
    from
        public.permiso p1_0 
    where
        p1_0.id_permiso=?
Hibernate: 
    select
        p1_0.id_permiso,
        p1_0.accion,
        p1_0.modulo,
        p1_0.nombre 
    from
        public.permiso p1_0 
    where
        p1_0.id_permiso=?
17:07:31.276 TRACE [           main] org.hibernate.orm.jdbc.bind              : binding parameter (1:BIGINT) <- [35]
17:07:31.372 DEBUG [           main] org.hibernate.SQL                        : 
    select
        p1_0.id_permiso,
        p1_0.accion,
        p1_0.modulo,
        p1_0.nombre 
    from
        public.permiso p1_0 
    where
        p1_0.id_permiso=?
Hibernate: 
    select
        p1_0.id_permiso,
        p1_0.accion,
        p1_0.modulo,
        p1_0.nombre 
    from
        public.permiso p1_0 
    where
        p1_0.id_permiso=?
17:07:31.372 TRACE [           main] org.hibernate.orm.jdbc.bind              : binding parameter (1:BIGINT) <- [36]
17:07:31.469 DEBUG [           main] org.hibernate.SQL                        : 
    select
        p1_0.id_permiso,
        p1_0.accion,
        p1_0.modulo,
        p1_0.nombre 
    from
        public.permiso p1_0 
    where
        p1_0.id_permiso=?
Hibernate: 
    select
        p1_0.id_permiso,
        p1_0.accion,
        p1_0.modulo,
        p1_0.nombre 
    from
        public.permiso p1_0 
    where
        p1_0.id_permiso=?
17:07:31.470 TRACE [           main] org.hibernate.orm.jdbc.bind              : binding parameter (1:BIGINT) <- [37]
17:07:31.570 DEBUG [           main] org.hibernate.SQL                        : 
    select
        p1_0.id_permiso,
        p1_0.accion,
        p1_0.modulo,
        p1_0.nombre 
    from
        public.permiso p1_0 
    where
        p1_0.id_permiso=?
Hibernate: 
    select
        p1_0.id_permiso,
        p1_0.accion,
        p1_0.modulo,
        p1_0.nombre 
    from
        public.permiso p1_0 
    where
        p1_0.id_permiso=?
17:07:31.572 TRACE [           main] org.hibernate.orm.jdbc.bind              : binding parameter (1:BIGINT) <- [38]
17:07:31.670 DEBUG [           main] org.hibernate.SQL                        : 
    select
        p1_0.id_permiso,
        p1_0.accion,
        p1_0.modulo,
        p1_0.nombre 
    from
        public.permiso p1_0 
    where
        p1_0.id_permiso=?
Hibernate: 
    select
        p1_0.id_permiso,
        p1_0.accion,
        p1_0.modulo,
        p1_0.nombre 
    from
        public.permiso p1_0 
    where
        p1_0.id_permiso=?
17:07:31.672 TRACE [           main] org.hibernate.orm.jdbc.bind              : binding parameter (1:BIGINT) <- [39]
17:07:31.768 DEBUG [           main] org.hibernate.SQL                        : 
    select
        p1_0.id_permiso,
        p1_0.accion,
        p1_0.modulo,
        p1_0.nombre 
    from
        public.permiso p1_0 
    where
        p1_0.id_permiso=?
Hibernate: 
    select
        p1_0.id_permiso,
        p1_0.accion,
        p1_0.modulo,
        p1_0.nombre 
    from
        public.permiso p1_0 
    where
        p1_0.id_permiso=?
17:07:31.770 TRACE [           main] org.hibernate.orm.jdbc.bind              : binding parameter (1:BIGINT) <- [40]
17:07:31.877 DEBUG [           main] org.hibernate.SQL                        : 
    select
        p1_0.id_permiso,
        p1_0.accion,
        p1_0.modulo,
        p1_0.nombre 
    from
        public.permiso p1_0 
    where
        p1_0.id_permiso=?
Hibernate: 
    select
        p1_0.id_permiso,
        p1_0.accion,
        p1_0.modulo,
        p1_0.nombre 
    from
        public.permiso p1_0 
    where
        p1_0.id_permiso=?
17:07:31.877 TRACE [           main] org.hibernate.orm.jdbc.bind              : binding parameter (1:BIGINT) <- [41]
17:07:31.972 DEBUG [           main] org.hibernate.SQL                        : 
    select
        p1_0.id_permiso,
        p1_0.accion,
        p1_0.modulo,
        p1_0.nombre 
    from
        public.permiso p1_0 
    where
        p1_0.id_permiso=?
Hibernate: 
    select
        p1_0.id_permiso,
        p1_0.accion,
        p1_0.modulo,
        p1_0.nombre 
    from
        public.permiso p1_0 
    where
        p1_0.id_permiso=?
17:07:31.973 TRACE [           main] org.hibernate.orm.jdbc.bind              : binding parameter (1:BIGINT) <- [42]
17:07:32.554 DEBUG [           main] o.s.s.a.dao.DaoAuthenticationProvider    : Failed to authenticate since password does not match stored value
17:07:32.554 DEBUG [           main] o.s.s.authentication.ProviderManager     : Authentication failed with provider DaoAuthenticationProvider since Bad credentials
17:07:32.558 WARN  [           main] c.c.c.exception.GlobalExceptionHandler   : Credenciales inválidas en '/api/v1/auth/login'
]]></system-out>
    <system-err><![CDATA[Mockito is currently self-attaching to enable the inline-mock-maker. This will no longer work in future releases of the JDK. Please add Mockito as an agent to your build as described in Mockito's documentation: https://javadoc.io/doc/org.mockito/mockito-core/latest/org.mockito/org/mockito/Mockito.html#0.3
WARNING: A Java agent has been loaded dynamically (/home/xavo/.m2/repository/net/bytebuddy/byte-buddy-agent/1.17.6/byte-buddy-agent-1.17.6.jar)
WARNING: If a serviceability tool is in use, please run with -XX:+EnableDynamicAgentLoading to hide this warning
WARNING: If a serviceability tool is not in use, please run with -Djdk.instrument.traceUsage for more information
WARNING: Dynamic loading of agents will be disallowed by default in a future release
]]></system-err>
  </testcase>
  <testcase name="jwtInvalido" classname="com.condominio.condominio_api.controller.AuthControllerTest" time="0.77">
    <system-out><![CDATA[17:07:33.311 DEBUG [           main] o.s.security.web.FilterChainProxy        : Securing GET /api/v1/roles
17:07:33.391 ERROR [           main] c.c.c.security.JwtAuthenticationFilter   : No se pudo autenticar el JWT: Malformed protected header JSON: Unable to deserialize: Unexpected character ('�' (code 65533 / 0xfffd)): expected a valid value (JSON String, Number, Array, Object or token 'null', 'true' or 'false')
 at [Source: REDACTED (`StreamReadFeature.INCLUDE_SOURCE_IN_LOCATION` disabled); line: 1, column: 1]
17:07:33.392 DEBUG [           main] o.s.s.w.a.AnonymousAuthenticationFilter  : Set SecurityContextHolder to anonymous SecurityContext
17:07:33.393 WARN  [           main] c.c.c.s.JwtAuthenticationEntryPoint      : Acceso no autorizado a '/api/v1/roles': Full authentication is required to access this resource
]]></system-out>
  </testcase>
  <testcase name="loginCorrecto" classname="com.condominio.condominio_api.controller.AuthControllerTest" time="6.406">
    <system-out><![CDATA[17:07:34.060 DEBUG [           main] o.s.security.web.FilterChainProxy        : Securing POST /api/v1/auth/login
17:07:34.061 DEBUG [           main] o.s.s.w.a.AnonymousAuthenticationFilter  : Set SecurityContextHolder to anonymous SecurityContext
17:07:34.062 DEBUG [           main] o.s.security.web.FilterChainProxy        : Secured POST /api/v1/auth/login
17:07:34.067 DEBUG [           main] org.hibernate.SQL                        : 
    select
        u1_0.id_usuario,
        u1_0.bloqueado_hasta,
        u1_0.estado,
        u1_0.fecha_creacion,
        u1_0.fecha_expiracion_token,
        u1_0.intentos_fallidos,
        u1_0.password_hash,
        u1_0.id_persona,
        p1_0.id_persona,
        p1_0.apellidos,
        p1_0.correo,
        p1_0.direccion,
        p1_0.estado,
        p1_0.fecha_nacimiento,
        p1_0.foto_perfil,
        p1_0.nombres,
        p1_0.numero_identificacion,
        p1_0.telefono,
        p1_0.tipo_identificacion,
        u1_0.token_recuperacion,
        u1_0.ultimo_login,
        u1_0.username,
        ur1_0.id_usuario,
        ur1_0.id_rol,
        ur1_0.fecha_asignacion,
        r1_0.id_rol,
        r1_0.descripcion,
        r1_0.nombre 
    from
        public.usuario u1_0 
    left join
        public.persona p1_0 
            on p1_0.id_persona=u1_0.id_persona 
    left join
        public.usuario_rol ur1_0 
            on u1_0.id_usuario=ur1_0.id_usuario 
    left join
        public.rol r1_0 
            on r1_0.id_rol=ur1_0.id_rol 
    where
        u1_0.username=?
Hibernate: 
    select
        u1_0.id_usuario,
        u1_0.bloqueado_hasta,
        u1_0.estado,
        u1_0.fecha_creacion,
        u1_0.fecha_expiracion_token,
        u1_0.intentos_fallidos,
        u1_0.password_hash,
        u1_0.id_persona,
        p1_0.id_persona,
        p1_0.apellidos,
        p1_0.correo,
        p1_0.direccion,
        p1_0.estado,
        p1_0.fecha_nacimiento,
        p1_0.foto_perfil,
        p1_0.nombres,
        p1_0.numero_identificacion,
        p1_0.telefono,
        p1_0.tipo_identificacion,
        u1_0.token_recuperacion,
        u1_0.ultimo_login,
        u1_0.username,
        ur1_0.id_usuario,
        ur1_0.id_rol,
        ur1_0.fecha_asignacion,
        r1_0.id_rol,
        r1_0.descripcion,
        r1_0.nombre 
    from
        public.usuario u1_0 
    left join
        public.persona p1_0 
            on p1_0.id_persona=u1_0.id_persona 
    left join
        public.usuario_rol ur1_0 
            on u1_0.id_usuario=ur1_0.id_usuario 
    left join
        public.rol r1_0 
            on r1_0.id_rol=ur1_0.id_rol 
    where
        u1_0.username=?
17:07:34.068 TRACE [           main] org.hibernate.orm.jdbc.bind              : binding parameter (1:VARCHAR) <- [admin]
17:07:34.297 DEBUG [           main] org.hibernate.SQL                        : 
    select
        rp1_0.id_rol,
        rp1_0.id_permiso 
    from
        public.rol_permiso rp1_0 
    where
        rp1_0.id_rol=?
Hibernate: 
    select
        rp1_0.id_rol,
        rp1_0.id_permiso 
    from
        public.rol_permiso rp1_0 
    where
        rp1_0.id_rol=?
17:07:34.297 TRACE [           main] org.hibernate.orm.jdbc.bind              : binding parameter (1:BIGINT) <- [1]
17:07:34.615 DEBUG [           main] org.hibernate.SQL                        : 
    select
        p1_0.id_permiso,
        p1_0.accion,
        p1_0.modulo,
        p1_0.nombre 
    from
        public.permiso p1_0 
    where
        p1_0.id_permiso=?
Hibernate: 
    select
        p1_0.id_permiso,
        p1_0.accion,
        p1_0.modulo,
        p1_0.nombre 
    from
        public.permiso p1_0 
    where
        p1_0.id_permiso=?
17:07:34.615 TRACE [           main] org.hibernate.orm.jdbc.bind              : binding parameter (1:BIGINT) <- [1]
17:07:34.817 DEBUG [           main] org.hibernate.SQL                        : 
    select
        p1_0.id_permiso,
        p1_0.accion,
        p1_0.modulo,
        p1_0.nombre 
    from
        public.permiso p1_0 
    where
        p1_0.id_permiso=?
Hibernate: 
    select
        p1_0.id_permiso,
        p1_0.accion,
        p1_0.modulo,
        p1_0.nombre 
    from
        public.permiso p1_0 
    where
        p1_0.id_permiso=?
17:07:34.818 TRACE [           main] org.hibernate.orm.jdbc.bind              : binding parameter (1:BIGINT) <- [2]
17:07:34.995 DEBUG [           main] org.hibernate.SQL                        : 
    select
        p1_0.id_permiso,
        p1_0.accion,
        p1_0.modulo,
        p1_0.nombre 
    from
        public.permiso p1_0 
    where
        p1_0.id_permiso=?
Hibernate: 
    select
        p1_0.id_permiso,
        p1_0.accion,
        p1_0.modulo,
        p1_0.nombre 
    from
        public.permiso p1_0 
    where
        p1_0.id_permiso=?
17:07:34.995 TRACE [           main] org.hibernate.orm.jdbc.bind              : binding parameter (1:BIGINT) <- [3]
17:07:35.218 DEBUG [           main] org.hibernate.SQL                        : 
    select
        p1_0.id_permiso,
        p1_0.accion,
        p1_0.modulo,
        p1_0.nombre 
    from
        public.permiso p1_0 
    where
        p1_0.id_permiso=?
Hibernate: 
    select
        p1_0.id_permiso,
        p1_0.accion,
        p1_0.modulo,
        p1_0.nombre 
    from
        public.permiso p1_0 
    where
        p1_0.id_permiso=?
17:07:35.218 TRACE [           main] org.hibernate.orm.jdbc.bind              : binding parameter (1:BIGINT) <- [4]
17:07:35.310 DEBUG [           main] org.hibernate.SQL                        : 
    select
        p1_0.id_permiso,
        p1_0.accion,
        p1_0.modulo,
        p1_0.nombre 
    from
        public.permiso p1_0 
    where
        p1_0.id_permiso=?
Hibernate: 
    select
        p1_0.id_permiso,
        p1_0.accion,
        p1_0.modulo,
        p1_0.nombre 
    from
        public.permiso p1_0 
    where
        p1_0.id_permiso=?
17:07:35.311 TRACE [           main] org.hibernate.orm.jdbc.bind              : binding parameter (1:BIGINT) <- [5]
17:07:35.404 DEBUG [           main] org.hibernate.SQL                        : 
    select
        p1_0.id_permiso,
        p1_0.accion,
        p1_0.modulo,
        p1_0.nombre 
    from
        public.permiso p1_0 
    where
        p1_0.id_permiso=?
Hibernate: 
    select
        p1_0.id_permiso,
        p1_0.accion,
        p1_0.modulo,
        p1_0.nombre 
    from
        public.permiso p1_0 
    where
        p1_0.id_permiso=?
17:07:35.405 TRACE [           main] org.hibernate.orm.jdbc.bind              : binding parameter (1:BIGINT) <- [6]
17:07:35.503 DEBUG [           main] org.hibernate.SQL                        : 
    select
        p1_0.id_permiso,
        p1_0.accion,
        p1_0.modulo,
        p1_0.nombre 
    from
        public.permiso p1_0 
    where
        p1_0.id_permiso=?
Hibernate: 
    select
        p1_0.id_permiso,
        p1_0.accion,
        p1_0.modulo,
        p1_0.nombre 
    from
        public.permiso p1_0 
    where
        p1_0.id_permiso=?
17:07:35.504 TRACE [           main] org.hibernate.orm.jdbc.bind              : binding parameter (1:BIGINT) <- [7]
17:07:35.601 DEBUG [           main] org.hibernate.SQL                        : 
    select
        p1_0.id_permiso,
        p1_0.accion,
        p1_0.modulo,
        p1_0.nombre 
    from
        public.permiso p1_0 
    where
        p1_0.id_permiso=?
Hibernate: 
    select
        p1_0.id_permiso,
        p1_0.accion,
        p1_0.modulo,
        p1_0.nombre 
    from
        public.permiso p1_0 
    where
        p1_0.id_permiso=?
17:07:35.601 TRACE [           main] org.hibernate.orm.jdbc.bind              : binding parameter (1:BIGINT) <- [8]
17:07:35.695 DEBUG [           main] org.hibernate.SQL                        : 
    select
        p1_0.id_permiso,
        p1_0.accion,
        p1_0.modulo,
        p1_0.nombre 
    from
        public.permiso p1_0 
    where
        p1_0.id_permiso=?
Hibernate: 
    select
        p1_0.id_permiso,
        p1_0.accion,
        p1_0.modulo,
        p1_0.nombre 
    from
        public.permiso p1_0 
    where
        p1_0.id_permiso=?
17:07:35.696 TRACE [           main] org.hibernate.orm.jdbc.bind              : binding parameter (1:BIGINT) <- [9]
17:07:35.793 DEBUG [           main] org.hibernate.SQL                        : 
    select
        p1_0.id_permiso,
        p1_0.accion,
        p1_0.modulo,
        p1_0.nombre 
    from
        public.permiso p1_0 
    where
        p1_0.id_permiso=?
Hibernate: 
    select
        p1_0.id_permiso,
        p1_0.accion,
        p1_0.modulo,
        p1_0.nombre 
    from
        public.permiso p1_0 
    where
        p1_0.id_permiso=?
17:07:35.794 TRACE [           main] org.hibernate.orm.jdbc.bind              : binding parameter (1:BIGINT) <- [10]
17:07:35.890 DEBUG [           main] org.hibernate.SQL                        : 
    select
        p1_0.id_permiso,
        p1_0.accion,
        p1_0.modulo,
        p1_0.nombre 
    from
        public.permiso p1_0 
    where
        p1_0.id_permiso=?
Hibernate: 
    select
        p1_0.id_permiso,
        p1_0.accion,
        p1_0.modulo,
        p1_0.nombre 
    from
        public.permiso p1_0 
    where
        p1_0.id_permiso=?
17:07:35.891 TRACE [           main] org.hibernate.orm.jdbc.bind              : binding parameter (1:BIGINT) <- [11]
17:07:35.985 DEBUG [           main] org.hibernate.SQL                        : 
    select
        p1_0.id_permiso,
        p1_0.accion,
        p1_0.modulo,
        p1_0.nombre 
    from
        public.permiso p1_0 
    where
        p1_0.id_permiso=?
Hibernate: 
    select
        p1_0.id_permiso,
        p1_0.accion,
        p1_0.modulo,
        p1_0.nombre 
    from
        public.permiso p1_0 
    where
        p1_0.id_permiso=?
17:07:35.986 TRACE [           main] org.hibernate.orm.jdbc.bind              : binding parameter (1:BIGINT) <- [12]
17:07:36.086 DEBUG [           main] org.hibernate.SQL                        : 
    select
        p1_0.id_permiso,
        p1_0.accion,
        p1_0.modulo,
        p1_0.nombre 
    from
        public.permiso p1_0 
    where
        p1_0.id_permiso=?
Hibernate: 
    select
        p1_0.id_permiso,
        p1_0.accion,
        p1_0.modulo,
        p1_0.nombre 
    from
        public.permiso p1_0 
    where
        p1_0.id_permiso=?
17:07:36.087 TRACE [           main] org.hibernate.orm.jdbc.bind              : binding parameter (1:BIGINT) <- [13]
17:07:36.184 DEBUG [           main] org.hibernate.SQL                        : 
    select
        p1_0.id_permiso,
        p1_0.accion,
        p1_0.modulo,
        p1_0.nombre 
    from
        public.permiso p1_0 
    where
        p1_0.id_permiso=?
Hibernate: 
    select
        p1_0.id_permiso,
        p1_0.accion,
        p1_0.modulo,
        p1_0.nombre 
    from
        public.permiso p1_0 
    where
        p1_0.id_permiso=?
17:07:36.185 TRACE [           main] org.hibernate.orm.jdbc.bind              : binding parameter (1:BIGINT) <- [14]
17:07:36.279 DEBUG [           main] org.hibernate.SQL                        : 
    select
        p1_0.id_permiso,
        p1_0.accion,
        p1_0.modulo,
        p1_0.nombre 
    from
        public.permiso p1_0 
    where
        p1_0.id_permiso=?
Hibernate: 
    select
        p1_0.id_permiso,
        p1_0.accion,
        p1_0.modulo,
        p1_0.nombre 
    from
        public.permiso p1_0 
    where
        p1_0.id_permiso=?
17:07:36.279 TRACE [           main] org.hibernate.orm.jdbc.bind              : binding parameter (1:BIGINT) <- [15]
17:07:36.383 DEBUG [           main] org.hibernate.SQL                        : 
    select
        p1_0.id_permiso,
        p1_0.accion,
        p1_0.modulo,
        p1_0.nombre 
    from
        public.permiso p1_0 
    where
        p1_0.id_permiso=?
Hibernate: 
    select
        p1_0.id_permiso,
        p1_0.accion,
        p1_0.modulo,
        p1_0.nombre 
    from
        public.permiso p1_0 
    where
        p1_0.id_permiso=?
17:07:36.384 TRACE [           main] org.hibernate.orm.jdbc.bind              : binding parameter (1:BIGINT) <- [16]
17:07:36.479 DEBUG [           main] org.hibernate.SQL                        : 
    select
        p1_0.id_permiso,
        p1_0.accion,
        p1_0.modulo,
        p1_0.nombre 
    from
        public.permiso p1_0 
    where
        p1_0.id_permiso=?
Hibernate: 
    select
        p1_0.id_permiso,
        p1_0.accion,
        p1_0.modulo,
        p1_0.nombre 
    from
        public.permiso p1_0 
    where
        p1_0.id_permiso=?
17:07:36.480 TRACE [           main] org.hibernate.orm.jdbc.bind              : binding parameter (1:BIGINT) <- [17]
17:07:36.587 DEBUG [           main] org.hibernate.SQL                        : 
    select
        p1_0.id_permiso,
        p1_0.accion,
        p1_0.modulo,
        p1_0.nombre 
    from
        public.permiso p1_0 
    where
        p1_0.id_permiso=?
Hibernate: 
    select
        p1_0.id_permiso,
        p1_0.accion,
        p1_0.modulo,
        p1_0.nombre 
    from
        public.permiso p1_0 
    where
        p1_0.id_permiso=?
17:07:36.588 TRACE [           main] org.hibernate.orm.jdbc.bind              : binding parameter (1:BIGINT) <- [18]
17:07:36.684 DEBUG [           main] org.hibernate.SQL                        : 
    select
        p1_0.id_permiso,
        p1_0.accion,
        p1_0.modulo,
        p1_0.nombre 
    from
        public.permiso p1_0 
    where
        p1_0.id_permiso=?
Hibernate: 
    select
        p1_0.id_permiso,
        p1_0.accion,
        p1_0.modulo,
        p1_0.nombre 
    from
        public.permiso p1_0 
    where
        p1_0.id_permiso=?
17:07:36.685 TRACE [           main] org.hibernate.orm.jdbc.bind              : binding parameter (1:BIGINT) <- [19]
17:07:36.789 DEBUG [           main] org.hibernate.SQL                        : 
    select
        p1_0.id_permiso,
        p1_0.accion,
        p1_0.modulo,
        p1_0.nombre 
    from
        public.permiso p1_0 
    where
        p1_0.id_permiso=?
Hibernate: 
    select
        p1_0.id_permiso,
        p1_0.accion,
        p1_0.modulo,
        p1_0.nombre 
    from
        public.permiso p1_0 
    where
        p1_0.id_permiso=?
17:07:36.790 TRACE [           main] org.hibernate.orm.jdbc.bind              : binding parameter (1:BIGINT) <- [20]
17:07:36.894 DEBUG [           main] org.hibernate.SQL                        : 
    select
        p1_0.id_permiso,
        p1_0.accion,
        p1_0.modulo,
        p1_0.nombre 
    from
        public.permiso p1_0 
    where
        p1_0.id_permiso=?
Hibernate: 
    select
        p1_0.id_permiso,
        p1_0.accion,
        p1_0.modulo,
        p1_0.nombre 
    from
        public.permiso p1_0 
    where
        p1_0.id_permiso=?
17:07:36.895 TRACE [           main] org.hibernate.orm.jdbc.bind              : binding parameter (1:BIGINT) <- [21]
17:07:36.993 DEBUG [           main] org.hibernate.SQL                        : 
    select
        p1_0.id_permiso,
        p1_0.accion,
        p1_0.modulo,
        p1_0.nombre 
    from
        public.permiso p1_0 
    where
        p1_0.id_permiso=?
Hibernate: 
    select
        p1_0.id_permiso,
        p1_0.accion,
        p1_0.modulo,
        p1_0.nombre 
    from
        public.permiso p1_0 
    where
        p1_0.id_permiso=?
17:07:36.995 TRACE [           main] org.hibernate.orm.jdbc.bind              : binding parameter (1:BIGINT) <- [22]
17:07:37.092 DEBUG [           main] org.hibernate.SQL                        : 
    select
        p1_0.id_permiso,
        p1_0.accion,
        p1_0.modulo,
        p1_0.nombre 
    from
        public.permiso p1_0 
    where
        p1_0.id_permiso=?
Hibernate: 
    select
        p1_0.id_permiso,
        p1_0.accion,
        p1_0.modulo,
        p1_0.nombre 
    from
        public.permiso p1_0 
    where
        p1_0.id_permiso=?
17:07:37.094 TRACE [           main] org.hibernate.orm.jdbc.bind              : binding parameter (1:BIGINT) <- [23]
17:07:37.198 DEBUG [           main] org.hibernate.SQL                        : 
    select
        p1_0.id_permiso,
        p1_0.accion,
        p1_0.modulo,
        p1_0.nombre 
    from
        public.permiso p1_0 
    where
        p1_0.id_permiso=?
Hibernate: 
    select
        p1_0.id_permiso,
        p1_0.accion,
        p1_0.modulo,
        p1_0.nombre 
    from
        public.permiso p1_0 
    where
        p1_0.id_permiso=?
17:07:37.199 TRACE [           main] org.hibernate.orm.jdbc.bind              : binding parameter (1:BIGINT) <- [24]
17:07:37.365 DEBUG [           main] org.hibernate.SQL                        : 
    select
        p1_0.id_permiso,
        p1_0.accion,
        p1_0.modulo,
        p1_0.nombre 
    from
        public.permiso p1_0 
    where
        p1_0.id_permiso=?
Hibernate: 
    select
        p1_0.id_permiso,
        p1_0.accion,
        p1_0.modulo,
        p1_0.nombre 
    from
        public.permiso p1_0 
    where
        p1_0.id_permiso=?
17:07:37.366 TRACE [           main] org.hibernate.orm.jdbc.bind              : binding parameter (1:BIGINT) <- [25]
17:07:37.460 DEBUG [           main] org.hibernate.SQL                        : 
    select
        p1_0.id_permiso,
        p1_0.accion,
        p1_0.modulo,
        p1_0.nombre 
    from
        public.permiso p1_0 
    where
        p1_0.id_permiso=?
Hibernate: 
    select
        p1_0.id_permiso,
        p1_0.accion,
        p1_0.modulo,
        p1_0.nombre 
    from
        public.permiso p1_0 
    where
        p1_0.id_permiso=?
17:07:37.461 TRACE [           main] org.hibernate.orm.jdbc.bind              : binding parameter (1:BIGINT) <- [26]
17:07:37.554 DEBUG [           main] org.hibernate.SQL                        : 
    select
        p1_0.id_permiso,
        p1_0.accion,
        p1_0.modulo,
        p1_0.nombre 
    from
        public.permiso p1_0 
    where
        p1_0.id_permiso=?
Hibernate: 
    select
        p1_0.id_permiso,
        p1_0.accion,
        p1_0.modulo,
        p1_0.nombre 
    from
        public.permiso p1_0 
    where
        p1_0.id_permiso=?
17:07:37.554 TRACE [           main] org.hibernate.orm.jdbc.bind              : binding parameter (1:BIGINT) <- [27]
17:07:37.652 DEBUG [           main] org.hibernate.SQL                        : 
    select
        p1_0.id_permiso,
        p1_0.accion,
        p1_0.modulo,
        p1_0.nombre 
    from
        public.permiso p1_0 
    where
        p1_0.id_permiso=?
Hibernate: 
    select
        p1_0.id_permiso,
        p1_0.accion,
        p1_0.modulo,
        p1_0.nombre 
    from
        public.permiso p1_0 
    where
        p1_0.id_permiso=?
17:07:37.652 TRACE [           main] org.hibernate.orm.jdbc.bind              : binding parameter (1:BIGINT) <- [28]
17:07:37.752 DEBUG [           main] org.hibernate.SQL                        : 
    select
        p1_0.id_permiso,
        p1_0.accion,
        p1_0.modulo,
        p1_0.nombre 
    from
        public.permiso p1_0 
    where
        p1_0.id_permiso=?
Hibernate: 
    select
        p1_0.id_permiso,
        p1_0.accion,
        p1_0.modulo,
        p1_0.nombre 
    from
        public.permiso p1_0 
    where
        p1_0.id_permiso=?
17:07:37.752 TRACE [           main] org.hibernate.orm.jdbc.bind              : binding parameter (1:BIGINT) <- [29]
17:07:37.845 DEBUG [           main] org.hibernate.SQL                        : 
    select
        p1_0.id_permiso,
        p1_0.accion,
        p1_0.modulo,
        p1_0.nombre 
    from
        public.permiso p1_0 
    where
        p1_0.id_permiso=?
Hibernate: 
    select
        p1_0.id_permiso,
        p1_0.accion,
        p1_0.modulo,
        p1_0.nombre 
    from
        public.permiso p1_0 
    where
        p1_0.id_permiso=?
17:07:37.846 TRACE [           main] org.hibernate.orm.jdbc.bind              : binding parameter (1:BIGINT) <- [30]
17:07:37.942 DEBUG [           main] org.hibernate.SQL                        : 
    select
        p1_0.id_permiso,
        p1_0.accion,
        p1_0.modulo,
        p1_0.nombre 
    from
        public.permiso p1_0 
    where
        p1_0.id_permiso=?
Hibernate: 
    select
        p1_0.id_permiso,
        p1_0.accion,
        p1_0.modulo,
        p1_0.nombre 
    from
        public.permiso p1_0 
    where
        p1_0.id_permiso=?
17:07:37.943 TRACE [           main] org.hibernate.orm.jdbc.bind              : binding parameter (1:BIGINT) <- [31]
17:07:38.035 DEBUG [           main] org.hibernate.SQL                        : 
    select
        p1_0.id_permiso,
        p1_0.accion,
        p1_0.modulo,
        p1_0.nombre 
    from
        public.permiso p1_0 
    where
        p1_0.id_permiso=?
Hibernate: 
    select
        p1_0.id_permiso,
        p1_0.accion,
        p1_0.modulo,
        p1_0.nombre 
    from
        public.permiso p1_0 
    where
        p1_0.id_permiso=?
17:07:38.036 TRACE [           main] org.hibernate.orm.jdbc.bind              : binding parameter (1:BIGINT) <- [32]
17:07:38.133 DEBUG [           main] org.hibernate.SQL                        : 
    select
        p1_0.id_permiso,
        p1_0.accion,
        p1_0.modulo,
        p1_0.nombre 
    from
        public.permiso p1_0 
    where
        p1_0.id_permiso=?
Hibernate: 
    select
        p1_0.id_permiso,
        p1_0.accion,
        p1_0.modulo,
        p1_0.nombre 
    from
        public.permiso p1_0 
    where
        p1_0.id_permiso=?
17:07:38.134 TRACE [           main] org.hibernate.orm.jdbc.bind              : binding parameter (1:BIGINT) <- [33]
17:07:38.230 DEBUG [           main] org.hibernate.SQL                        : 
    select
        p1_0.id_permiso,
        p1_0.accion,
        p1_0.modulo,
        p1_0.nombre 
    from
        public.permiso p1_0 
    where
        p1_0.id_permiso=?
Hibernate: 
    select
        p1_0.id_permiso,
        p1_0.accion,
        p1_0.modulo,
        p1_0.nombre 
    from
        public.permiso p1_0 
    where
        p1_0.id_permiso=?
17:07:38.230 TRACE [           main] org.hibernate.orm.jdbc.bind              : binding parameter (1:BIGINT) <- [34]
17:07:38.325 DEBUG [           main] org.hibernate.SQL                        : 
    select
        p1_0.id_permiso,
        p1_0.accion,
        p1_0.modulo,
        p1_0.nombre 
    from
        public.permiso p1_0 
    where
        p1_0.id_permiso=?
Hibernate: 
    select
        p1_0.id_permiso,
        p1_0.accion,
        p1_0.modulo,
        p1_0.nombre 
    from
        public.permiso p1_0 
    where
        p1_0.id_permiso=?
17:07:38.326 TRACE [           main] org.hibernate.orm.jdbc.bind              : binding parameter (1:BIGINT) <- [35]
17:07:38.422 DEBUG [           main] org.hibernate.SQL                        : 
    select
        p1_0.id_permiso,
        p1_0.accion,
        p1_0.modulo,
        p1_0.nombre 
    from
        public.permiso p1_0 
    where
        p1_0.id_permiso=?
Hibernate: 
    select
        p1_0.id_permiso,
        p1_0.accion,
        p1_0.modulo,
        p1_0.nombre 
    from
        public.permiso p1_0 
    where
        p1_0.id_permiso=?
17:07:38.422 TRACE [           main] org.hibernate.orm.jdbc.bind              : binding parameter (1:BIGINT) <- [36]
17:07:38.518 DEBUG [           main] org.hibernate.SQL                        : 
    select
        p1_0.id_permiso,
        p1_0.accion,
        p1_0.modulo,
        p1_0.nombre 
    from
        public.permiso p1_0 
    where
        p1_0.id_permiso=?
Hibernate: 
    select
        p1_0.id_permiso,
        p1_0.accion,
        p1_0.modulo,
        p1_0.nombre 
    from
        public.permiso p1_0 
    where
        p1_0.id_permiso=?
17:07:38.519 TRACE [           main] org.hibernate.orm.jdbc.bind              : binding parameter (1:BIGINT) <- [37]
17:07:38.612 DEBUG [           main] org.hibernate.SQL                        : 
    select
        p1_0.id_permiso,
        p1_0.accion,
        p1_0.modulo,
        p1_0.nombre 
    from
        public.permiso p1_0 
    where
        p1_0.id_permiso=?
Hibernate: 
    select
        p1_0.id_permiso,
        p1_0.accion,
        p1_0.modulo,
        p1_0.nombre 
    from
        public.permiso p1_0 
    where
        p1_0.id_permiso=?
17:07:38.613 TRACE [           main] org.hibernate.orm.jdbc.bind              : binding parameter (1:BIGINT) <- [38]
17:07:38.707 DEBUG [           main] org.hibernate.SQL                        : 
    select
        p1_0.id_permiso,
        p1_0.accion,
        p1_0.modulo,
        p1_0.nombre 
    from
        public.permiso p1_0 
    where
        p1_0.id_permiso=?
Hibernate: 
    select
        p1_0.id_permiso,
        p1_0.accion,
        p1_0.modulo,
        p1_0.nombre 
    from
        public.permiso p1_0 
    where
        p1_0.id_permiso=?
17:07:38.707 TRACE [           main] org.hibernate.orm.jdbc.bind              : binding parameter (1:BIGINT) <- [39]
17:07:38.805 DEBUG [           main] org.hibernate.SQL                        : 
    select
        p1_0.id_permiso,
        p1_0.accion,
        p1_0.modulo,
        p1_0.nombre 
    from
        public.permiso p1_0 
    where
        p1_0.id_permiso=?
Hibernate: 
    select
        p1_0.id_permiso,
        p1_0.accion,
        p1_0.modulo,
        p1_0.nombre 
    from
        public.permiso p1_0 
    where
        p1_0.id_permiso=?
17:07:38.806 TRACE [           main] org.hibernate.orm.jdbc.bind              : binding parameter (1:BIGINT) <- [40]
17:07:38.903 DEBUG [           main] org.hibernate.SQL                        : 
    select
        p1_0.id_permiso,
        p1_0.accion,
        p1_0.modulo,
        p1_0.nombre 
    from
        public.permiso p1_0 
    where
        p1_0.id_permiso=?
Hibernate: 
    select
        p1_0.id_permiso,
        p1_0.accion,
        p1_0.modulo,
        p1_0.nombre 
    from
        public.permiso p1_0 
    where
        p1_0.id_permiso=?
17:07:38.904 TRACE [           main] org.hibernate.orm.jdbc.bind              : binding parameter (1:BIGINT) <- [41]
17:07:39.019 DEBUG [           main] org.hibernate.SQL                        : 
    select
        p1_0.id_permiso,
        p1_0.accion,
        p1_0.modulo,
        p1_0.nombre 
    from
        public.permiso p1_0 
    where
        p1_0.id_permiso=?
Hibernate: 
    select
        p1_0.id_permiso,
        p1_0.accion,
        p1_0.modulo,
        p1_0.nombre 
    from
        public.permiso p1_0 
    where
        p1_0.id_permiso=?
17:07:39.019 TRACE [           main] org.hibernate.orm.jdbc.bind              : binding parameter (1:BIGINT) <- [42]
17:07:39.590 DEBUG [           main] o.s.s.a.dao.DaoAuthenticationProvider    : Authenticated user
17:07:39.592 INFO  [           main] c.c.c.service.impl.AuthServiceImpl       : Login exitoso para usuario: admin
]]></system-out>
  </testcase>
  <testcase name="refreshTokenValido" classname="com.condominio.condominio_api.controller.AuthControllerTest" time="6.842">
    <system-out><![CDATA[17:07:40.523 DEBUG [           main] o.s.security.web.FilterChainProxy        : Securing POST /api/v1/auth/login
17:07:40.524 DEBUG [           main] o.s.s.w.a.AnonymousAuthenticationFilter  : Set SecurityContextHolder to anonymous SecurityContext
17:07:40.524 DEBUG [           main] o.s.security.web.FilterChainProxy        : Secured POST /api/v1/auth/login
17:07:40.528 DEBUG [           main] org.hibernate.SQL                        : 
    select
        u1_0.id_usuario,
        u1_0.bloqueado_hasta,
        u1_0.estado,
        u1_0.fecha_creacion,
        u1_0.fecha_expiracion_token,
        u1_0.intentos_fallidos,
        u1_0.password_hash,
        u1_0.id_persona,
        p1_0.id_persona,
        p1_0.apellidos,
        p1_0.correo,
        p1_0.direccion,
        p1_0.estado,
        p1_0.fecha_nacimiento,
        p1_0.foto_perfil,
        p1_0.nombres,
        p1_0.numero_identificacion,
        p1_0.telefono,
        p1_0.tipo_identificacion,
        u1_0.token_recuperacion,
        u1_0.ultimo_login,
        u1_0.username,
        ur1_0.id_usuario,
        ur1_0.id_rol,
        ur1_0.fecha_asignacion,
        r1_0.id_rol,
        r1_0.descripcion,
        r1_0.nombre 
    from
        public.usuario u1_0 
    left join
        public.persona p1_0 
            on p1_0.id_persona=u1_0.id_persona 
    left join
        public.usuario_rol ur1_0 
            on u1_0.id_usuario=ur1_0.id_usuario 
    left join
        public.rol r1_0 
            on r1_0.id_rol=ur1_0.id_rol 
    where
        u1_0.username=?
Hibernate: 
    select
        u1_0.id_usuario,
        u1_0.bloqueado_hasta,
        u1_0.estado,
        u1_0.fecha_creacion,
        u1_0.fecha_expiracion_token,
        u1_0.intentos_fallidos,
        u1_0.password_hash,
        u1_0.id_persona,
        p1_0.id_persona,
        p1_0.apellidos,
        p1_0.correo,
        p1_0.direccion,
        p1_0.estado,
        p1_0.fecha_nacimiento,
        p1_0.foto_perfil,
        p1_0.nombres,
        p1_0.numero_identificacion,
        p1_0.telefono,
        p1_0.tipo_identificacion,
        u1_0.token_recuperacion,
        u1_0.ultimo_login,
        u1_0.username,
        ur1_0.id_usuario,
        ur1_0.id_rol,
        ur1_0.fecha_asignacion,
        r1_0.id_rol,
        r1_0.descripcion,
        r1_0.nombre 
    from
        public.usuario u1_0 
    left join
        public.persona p1_0 
            on p1_0.id_persona=u1_0.id_persona 
    left join
        public.usuario_rol ur1_0 
            on u1_0.id_usuario=ur1_0.id_usuario 
    left join
        public.rol r1_0 
            on r1_0.id_rol=ur1_0.id_rol 
    where
        u1_0.username=?
17:07:40.528 TRACE [           main] org.hibernate.orm.jdbc.bind              : binding parameter (1:VARCHAR) <- [admin]
17:07:40.626 DEBUG [           main] org.hibernate.SQL                        : 
    select
        rp1_0.id_rol,
        rp1_0.id_permiso 
    from
        public.rol_permiso rp1_0 
    where
        rp1_0.id_rol=?
Hibernate: 
    select
        rp1_0.id_rol,
        rp1_0.id_permiso 
    from
        public.rol_permiso rp1_0 
    where
        rp1_0.id_rol=?
17:07:40.627 TRACE [           main] org.hibernate.orm.jdbc.bind              : binding parameter (1:BIGINT) <- [1]
17:07:40.740 DEBUG [           main] org.hibernate.SQL                        : 
    select
        p1_0.id_permiso,
        p1_0.accion,
        p1_0.modulo,
        p1_0.nombre 
    from
        public.permiso p1_0 
    where
        p1_0.id_permiso=?
Hibernate: 
    select
        p1_0.id_permiso,
        p1_0.accion,
        p1_0.modulo,
        p1_0.nombre 
    from
        public.permiso p1_0 
    where
        p1_0.id_permiso=?
17:07:40.741 TRACE [           main] org.hibernate.orm.jdbc.bind              : binding parameter (1:BIGINT) <- [1]
17:07:40.838 DEBUG [           main] org.hibernate.SQL                        : 
    select
        p1_0.id_permiso,
        p1_0.accion,
        p1_0.modulo,
        p1_0.nombre 
    from
        public.permiso p1_0 
    where
        p1_0.id_permiso=?
Hibernate: 
    select
        p1_0.id_permiso,
        p1_0.accion,
        p1_0.modulo,
        p1_0.nombre 
    from
        public.permiso p1_0 
    where
        p1_0.id_permiso=?
17:07:40.838 TRACE [           main] org.hibernate.orm.jdbc.bind              : binding parameter (1:BIGINT) <- [2]
17:07:40.933 DEBUG [           main] org.hibernate.SQL                        : 
    select
        p1_0.id_permiso,
        p1_0.accion,
        p1_0.modulo,
        p1_0.nombre 
    from
        public.permiso p1_0 
    where
        p1_0.id_permiso=?
Hibernate: 
    select
        p1_0.id_permiso,
        p1_0.accion,
        p1_0.modulo,
        p1_0.nombre 
    from
        public.permiso p1_0 
    where
        p1_0.id_permiso=?
17:07:40.934 TRACE [           main] org.hibernate.orm.jdbc.bind              : binding parameter (1:BIGINT) <- [3]
17:07:41.035 DEBUG [           main] org.hibernate.SQL                        : 
    select
        p1_0.id_permiso,
        p1_0.accion,
        p1_0.modulo,
        p1_0.nombre 
    from
        public.permiso p1_0 
    where
        p1_0.id_permiso=?
Hibernate: 
    select
        p1_0.id_permiso,
        p1_0.accion,
        p1_0.modulo,
        p1_0.nombre 
    from
        public.permiso p1_0 
    where
        p1_0.id_permiso=?
17:07:41.036 TRACE [           main] org.hibernate.orm.jdbc.bind              : binding parameter (1:BIGINT) <- [4]
17:07:41.131 DEBUG [           main] org.hibernate.SQL                        : 
    select
        p1_0.id_permiso,
        p1_0.accion,
        p1_0.modulo,
        p1_0.nombre 
    from
        public.permiso p1_0 
    where
        p1_0.id_permiso=?
Hibernate: 
    select
        p1_0.id_permiso,
        p1_0.accion,
        p1_0.modulo,
        p1_0.nombre 
    from
        public.permiso p1_0 
    where
        p1_0.id_permiso=?
17:07:41.131 TRACE [           main] org.hibernate.orm.jdbc.bind              : binding parameter (1:BIGINT) <- [5]
17:07:41.225 DEBUG [           main] org.hibernate.SQL                        : 
    select
        p1_0.id_permiso,
        p1_0.accion,
        p1_0.modulo,
[...]
        p1_0.modulo,
        p1_0.nombre 
    from
        public.permiso p1_0 
    where
        p1_0.id_permiso=?
17:07:51.729 TRACE [           main] org.hibernate.orm.jdbc.bind              : binding parameter (1:BIGINT) <- [15]
17:07:51.827 DEBUG [           main] org.hibernate.SQL                        : 
    select
        p1_0.id_permiso,
        p1_0.accion,
        p1_0.modulo,
        p1_0.nombre 
    from
        public.permiso p1_0 
    where
        p1_0.id_permiso=?
Hibernate: 
    select
        p1_0.id_permiso,
        p1_0.accion,
        p1_0.modulo,
        p1_0.nombre 
    from
        public.permiso p1_0 
    where
        p1_0.id_permiso=?
17:07:51.828 TRACE [           main] org.hibernate.orm.jdbc.bind              : binding parameter (1:BIGINT) <- [16]
17:07:51.923 DEBUG [           main] org.hibernate.SQL                        : 
    select
        p1_0.id_permiso,
        p1_0.accion,
        p1_0.modulo,
        p1_0.nombre 
    from
        public.permiso p1_0 
    where
        p1_0.id_permiso=?
Hibernate: 
    select
        p1_0.id_permiso,
        p1_0.accion,
        p1_0.modulo,
        p1_0.nombre 
    from
        public.permiso p1_0 
    where
        p1_0.id_permiso=?
17:07:51.925 TRACE [           main] org.hibernate.orm.jdbc.bind              : binding parameter (1:BIGINT) <- [17]
17:07:52.022 DEBUG [           main] org.hibernate.SQL                        : 
    select
        p1_0.id_permiso,
        p1_0.accion,
        p1_0.modulo,
        p1_0.nombre 
    from
        public.permiso p1_0 
    where
        p1_0.id_permiso=?
Hibernate: 
    select
        p1_0.id_permiso,
        p1_0.accion,
        p1_0.modulo,
        p1_0.nombre 
    from
        public.permiso p1_0 
    where
        p1_0.id_permiso=?
17:07:52.023 TRACE [           main] org.hibernate.orm.jdbc.bind              : binding parameter (1:BIGINT) <- [18]
17:07:52.119 DEBUG [           main] org.hibernate.SQL                        : 
    select
        p1_0.id_permiso,
        p1_0.accion,
        p1_0.modulo,
        p1_0.nombre 
    from
        public.permiso p1_0 
    where
        p1_0.id_permiso=?
Hibernate: 
    select
        p1_0.id_permiso,
        p1_0.accion,
        p1_0.modulo,
        p1_0.nombre 
    from
        public.permiso p1_0 
    where
        p1_0.id_permiso=?
17:07:52.120 TRACE [           main] org.hibernate.orm.jdbc.bind              : binding parameter (1:BIGINT) <- [19]
17:07:52.214 DEBUG [           main] org.hibernate.SQL                        : 
    select
        p1_0.id_permiso,
        p1_0.accion,
        p1_0.modulo,
        p1_0.nombre 
    from
        public.permiso p1_0 
    where
        p1_0.id_permiso=?
Hibernate: 
    select
        p1_0.id_permiso,
        p1_0.accion,
        p1_0.modulo,
        p1_0.nombre 
    from
        public.permiso p1_0 
    where
        p1_0.id_permiso=?
17:07:52.215 TRACE [           main] org.hibernate.orm.jdbc.bind              : binding parameter (1:BIGINT) <- [20]
17:07:52.315 DEBUG [           main] org.hibernate.SQL                        : 
    select
        p1_0.id_permiso,
        p1_0.accion,
        p1_0.modulo,
        p1_0.nombre 
    from
        public.permiso p1_0 
    where
        p1_0.id_permiso=?
Hibernate: 
    select
        p1_0.id_permiso,
        p1_0.accion,
        p1_0.modulo,
        p1_0.nombre 
    from
        public.permiso p1_0 
    where
        p1_0.id_permiso=?
17:07:52.316 TRACE [           main] org.hibernate.orm.jdbc.bind              : binding parameter (1:BIGINT) <- [21]
17:07:52.412 DEBUG [           main] org.hibernate.SQL                        : 
    select
        p1_0.id_permiso,
        p1_0.accion,
        p1_0.modulo,
        p1_0.nombre 
    from
        public.permiso p1_0 
    where
        p1_0.id_permiso=?
Hibernate: 
    select
        p1_0.id_permiso,
        p1_0.accion,
        p1_0.modulo,
        p1_0.nombre 
    from
        public.permiso p1_0 
    where
        p1_0.id_permiso=?
17:07:52.412 TRACE [           main] org.hibernate.orm.jdbc.bind              : binding parameter (1:BIGINT) <- [22]
17:07:52.507 DEBUG [           main] org.hibernate.SQL                        : 
    select
        p1_0.id_permiso,
        p1_0.accion,
        p1_0.modulo,
        p1_0.nombre 
    from
        public.permiso p1_0 
    where
        p1_0.id_permiso=?
Hibernate: 
    select
        p1_0.id_permiso,
        p1_0.accion,
        p1_0.modulo,
        p1_0.nombre 
    from
        public.permiso p1_0 
    where
        p1_0.id_permiso=?
17:07:52.508 TRACE [           main] org.hibernate.orm.jdbc.bind              : binding parameter (1:BIGINT) <- [23]
17:07:52.603 DEBUG [           main] org.hibernate.SQL                        : 
    select
        p1_0.id_permiso,
        p1_0.accion,
        p1_0.modulo,
        p1_0.nombre 
    from
        public.permiso p1_0 
    where
        p1_0.id_permiso=?
Hibernate: 
    select
        p1_0.id_permiso,
        p1_0.accion,
        p1_0.modulo,
        p1_0.nombre 
    from
        public.permiso p1_0 
    where
        p1_0.id_permiso=?
17:07:52.603 TRACE [           main] org.hibernate.orm.jdbc.bind              : binding parameter (1:BIGINT) <- [24]
17:07:52.696 DEBUG [           main] org.hibernate.SQL                        : 
    select
        p1_0.id_permiso,
        p1_0.accion,
        p1_0.modulo,
        p1_0.nombre 
    from
        public.permiso p1_0 
    where
        p1_0.id_permiso=?
Hibernate: 
    select
        p1_0.id_permiso,
        p1_0.accion,
        p1_0.modulo,
        p1_0.nombre 
    from
        public.permiso p1_0 
    where
        p1_0.id_permiso=?
17:07:52.696 TRACE [           main] org.hibernate.orm.jdbc.bind              : binding parameter (1:BIGINT) <- [25]
17:07:52.791 DEBUG [           main] org.hibernate.SQL                        : 
    select
        p1_0.id_permiso,
        p1_0.accion,
        p1_0.modulo,
        p1_0.nombre 
    from
        public.permiso p1_0 
    where
        p1_0.id_permiso=?
Hibernate: 
    select
        p1_0.id_permiso,
        p1_0.accion,
        p1_0.modulo,
        p1_0.nombre 
    from
        public.permiso p1_0 
    where
        p1_0.id_permiso=?
17:07:52.792 TRACE [           main] org.hibernate.orm.jdbc.bind              : binding parameter (1:BIGINT) <- [26]
17:07:52.884 DEBUG [           main] org.hibernate.SQL                        : 
    select
        p1_0.id_permiso,
        p1_0.accion,
        p1_0.modulo,
        p1_0.nombre 
    from
        public.permiso p1_0 
    where
        p1_0.id_permiso=?
Hibernate: 
    select
        p1_0.id_permiso,
        p1_0.accion,
        p1_0.modulo,
        p1_0.nombre 
    from
        public.permiso p1_0 
    where
        p1_0.id_permiso=?
17:07:52.884 TRACE [           main] org.hibernate.orm.jdbc.bind              : binding parameter (1:BIGINT) <- [27]
17:07:52.988 DEBUG [           main] org.hibernate.SQL                        : 
    select
        p1_0.id_permiso,
        p1_0.accion,
        p1_0.modulo,
        p1_0.nombre 
    from
        public.permiso p1_0 
    where
        p1_0.id_permiso=?
Hibernate: 
    select
        p1_0.id_permiso,
        p1_0.accion,
        p1_0.modulo,
        p1_0.nombre 
    from
        public.permiso p1_0 
    where
        p1_0.id_permiso=?
17:07:52.989 TRACE [           main] org.hibernate.orm.jdbc.bind              : binding parameter (1:BIGINT) <- [28]
17:07:53.082 DEBUG [           main] org.hibernate.SQL                        : 
    select
        p1_0.id_permiso,
        p1_0.accion,
        p1_0.modulo,
        p1_0.nombre 
    from
        public.permiso p1_0 
    where
        p1_0.id_permiso=?
Hibernate: 
    select
        p1_0.id_permiso,
        p1_0.accion,
        p1_0.modulo,
        p1_0.nombre 
    from
        public.permiso p1_0 
    where
        p1_0.id_permiso=?
17:07:53.083 TRACE [           main] org.hibernate.orm.jdbc.bind              : binding parameter (1:BIGINT) <- [29]
17:07:53.182 DEBUG [           main] org.hibernate.SQL                        : 
    select
        p1_0.id_permiso,
        p1_0.accion,
        p1_0.modulo,
        p1_0.nombre 
    from
        public.permiso p1_0 
    where
        p1_0.id_permiso=?
Hibernate: 
    select
        p1_0.id_permiso,
        p1_0.accion,
        p1_0.modulo,
        p1_0.nombre 
    from
        public.permiso p1_0 
    where
        p1_0.id_permiso=?
17:07:53.182 TRACE [           main] org.hibernate.orm.jdbc.bind              : binding parameter (1:BIGINT) <- [30]
17:07:53.283 DEBUG [           main] org.hibernate.SQL                        : 
    select
        p1_0.id_permiso,
        p1_0.accion,
        p1_0.modulo,
        p1_0.nombre 
    from
        public.permiso p1_0 
    where
        p1_0.id_permiso=?
Hibernate: 
    select
        p1_0.id_permiso,
        p1_0.accion,
        p1_0.modulo,
        p1_0.nombre 
    from
        public.permiso p1_0 
    where
        p1_0.id_permiso=?
17:07:53.284 TRACE [           main] org.hibernate.orm.jdbc.bind              : binding parameter (1:BIGINT) <- [31]
17:07:53.378 DEBUG [           main] org.hibernate.SQL                        : 
    select
        p1_0.id_permiso,
        p1_0.accion,
        p1_0.modulo,
        p1_0.nombre 
    from
        public.permiso p1_0 
    where
        p1_0.id_permiso=?
Hibernate: 
    select
        p1_0.id_permiso,
        p1_0.accion,
        p1_0.modulo,
        p1_0.nombre 
    from
        public.permiso p1_0 
    where
        p1_0.id_permiso=?
17:07:53.378 TRACE [           main] org.hibernate.orm.jdbc.bind              : binding parameter (1:BIGINT) <- [32]
17:07:53.476 DEBUG [           main] org.hibernate.SQL                        : 
    select
        p1_0.id_permiso,
        p1_0.accion,
        p1_0.modulo,
        p1_0.nombre 
    from
        public.permiso p1_0 
    where
        p1_0.id_permiso=?
Hibernate: 
    select
        p1_0.id_permiso,
        p1_0.accion,
        p1_0.modulo,
        p1_0.nombre 
    from
        public.permiso p1_0 
    where
        p1_0.id_permiso=?
17:07:53.477 TRACE [           main] org.hibernate.orm.jdbc.bind              : binding parameter (1:BIGINT) <- [33]
17:07:53.570 DEBUG [           main] org.hibernate.SQL                        : 
    select
        p1_0.id_permiso,
        p1_0.accion,
        p1_0.modulo,
        p1_0.nombre 
    from
        public.permiso p1_0 
    where
        p1_0.id_permiso=?
Hibernate: 
    select
        p1_0.id_permiso,
        p1_0.accion,
        p1_0.modulo,
        p1_0.nombre 
    from
        public.permiso p1_0 
    where
        p1_0.id_permiso=?
17:07:53.570 TRACE [           main] org.hibernate.orm.jdbc.bind              : binding parameter (1:BIGINT) <- [34]
17:07:53.668 DEBUG [           main] org.hibernate.SQL                        : 
    select
        p1_0.id_permiso,
        p1_0.accion,
        p1_0.modulo,
        p1_0.nombre 
    from
        public.permiso p1_0 
    where
        p1_0.id_permiso=?
Hibernate: 
    select
        p1_0.id_permiso,
        p1_0.accion,
        p1_0.modulo,
        p1_0.nombre 
    from
        public.permiso p1_0 
    where
        p1_0.id_permiso=?
17:07:53.668 TRACE [           main] org.hibernate.orm.jdbc.bind              : binding parameter (1:BIGINT) <- [35]
17:07:53.762 DEBUG [           main] org.hibernate.SQL                        : 
    select
        p1_0.id_permiso,
        p1_0.accion,
        p1_0.modulo,
        p1_0.nombre 
    from
        public.permiso p1_0 
    where
        p1_0.id_permiso=?
Hibernate: 
    select
        p1_0.id_permiso,
        p1_0.accion,
        p1_0.modulo,
        p1_0.nombre 
    from
        public.permiso p1_0 
    where
        p1_0.id_permiso=?
17:07:53.763 TRACE [           main] org.hibernate.orm.jdbc.bind              : binding parameter (1:BIGINT) <- [36]
17:07:53.858 DEBUG [           main] org.hibernate.SQL                        : 
    select
        p1_0.id_permiso,
        p1_0.accion,
        p1_0.modulo,
        p1_0.nombre 
    from
        public.permiso p1_0 
    where
        p1_0.id_permiso=?
Hibernate: 
    select
        p1_0.id_permiso,
        p1_0.accion,
        p1_0.modulo,
        p1_0.nombre 
    from
        public.permiso p1_0 
    where
        p1_0.id_permiso=?
17:07:53.858 TRACE [           main] org.hibernate.orm.jdbc.bind              : binding parameter (1:BIGINT) <- [37]
17:07:53.955 DEBUG [           main] org.hibernate.SQL                        : 
    select
        p1_0.id_permiso,
        p1_0.accion,
        p1_0.modulo,
        p1_0.nombre 
    from
        public.permiso p1_0 
    where
        p1_0.id_permiso=?
Hibernate: 
    select
        p1_0.id_permiso,
        p1_0.accion,
        p1_0.modulo,
        p1_0.nombre 
    from
        public.permiso p1_0 
    where
        p1_0.id_permiso=?
17:07:53.955 TRACE [           main] org.hibernate.orm.jdbc.bind              : binding parameter (1:BIGINT) <- [38]
17:07:54.159 DEBUG [           main] org.hibernate.SQL                        : 
    select
        p1_0.id_permiso,
        p1_0.accion,
        p1_0.modulo,
        p1_0.nombre 
    from
        public.permiso p1_0 
    where
        p1_0.id_permiso=?
Hibernate: 
    select
        p1_0.id_permiso,
        p1_0.accion,
        p1_0.modulo,
        p1_0.nombre 
    from
        public.permiso p1_0 
    where
        p1_0.id_permiso=?
17:07:54.159 TRACE [           main] org.hibernate.orm.jdbc.bind              : binding parameter (1:BIGINT) <- [39]
17:07:54.252 DEBUG [           main] org.hibernate.SQL                        : 
    select
        p1_0.id_permiso,
        p1_0.accion,
        p1_0.modulo,
        p1_0.nombre 
    from
        public.permiso p1_0 
    where
        p1_0.id_permiso=?
Hibernate: 
    select
        p1_0.id_permiso,
        p1_0.accion,
        p1_0.modulo,
        p1_0.nombre 
    from
        public.permiso p1_0 
    where
        p1_0.id_permiso=?
17:07:54.253 TRACE [           main] org.hibernate.orm.jdbc.bind              : binding parameter (1:BIGINT) <- [40]
17:07:54.349 DEBUG [           main] org.hibernate.SQL                        : 
    select
        p1_0.id_permiso,
        p1_0.accion,
        p1_0.modulo,
        p1_0.nombre 
    from
        public.permiso p1_0 
    where
        p1_0.id_permiso=?
Hibernate: 
    select
        p1_0.id_permiso,
        p1_0.accion,
        p1_0.modulo,
        p1_0.nombre 
    from
        public.permiso p1_0 
    where
        p1_0.id_permiso=?
17:07:54.349 TRACE [           main] org.hibernate.orm.jdbc.bind              : binding parameter (1:BIGINT) <- [41]
17:07:54.466 DEBUG [           main] org.hibernate.SQL                        : 
    select
        p1_0.id_permiso,
        p1_0.accion,
        p1_0.modulo,
        p1_0.nombre 
    from
        public.permiso p1_0 
    where
        p1_0.id_permiso=?
Hibernate: 
    select
        p1_0.id_permiso,
        p1_0.accion,
        p1_0.modulo,
        p1_0.nombre 
    from
        public.permiso p1_0 
    where
        p1_0.id_permiso=?
17:07:54.466 TRACE [           main] org.hibernate.orm.jdbc.bind              : binding parameter (1:BIGINT) <- [42]
17:07:55.203 DEBUG [           main] o.s.s.a.dao.DaoAuthenticationProvider    : Authenticated user
17:07:55.203 INFO  [           main] c.c.c.service.impl.AuthServiceImpl       : Login exitoso para usuario: admin
17:07:55.208 DEBUG [           main] o.s.security.web.FilterChainProxy        : Securing GET /api/v1/roles
17:07:55.219 DEBUG [           main] org.hibernate.SQL                        : 
    select
        u1_0.id_usuario,
        u1_0.bloqueado_hasta,
        u1_0.estado,
        u1_0.fecha_creacion,
        u1_0.fecha_expiracion_token,
        u1_0.intentos_fallidos,
        u1_0.password_hash,
        u1_0.id_persona,
        p1_0.id_persona,
        p1_0.apellidos,
        p1_0.correo,
        p1_0.direccion,
        p1_0.estado,
        p1_0.fecha_nacimiento,
        p1_0.foto_perfil,
        p1_0.nombres,
        p1_0.numero_identificacion,
        p1_0.telefono,
        p1_0.tipo_identificacion,
        u1_0.token_recuperacion,
        u1_0.ultimo_login,
        u1_0.username,
        ur1_0.id_usuario,
        ur1_0.id_rol,
        ur1_0.fecha_asignacion,
        r1_0.id_rol,
        r1_0.descripcion,
        r1_0.nombre 
    from
        public.usuario u1_0 
    left join
        public.persona p1_0 
            on p1_0.id_persona=u1_0.id_persona 
    left join
        public.usuario_rol ur1_0 
            on u1_0.id_usuario=ur1_0.id_usuario 
    left join
        public.rol r1_0 
            on r1_0.id_rol=ur1_0.id_rol 
    where
        u1_0.username=?
Hibernate: 
    select
        u1_0.id_usuario,
        u1_0.bloqueado_hasta,
        u1_0.estado,
        u1_0.fecha_creacion,
        u1_0.fecha_expiracion_token,
        u1_0.intentos_fallidos,
        u1_0.password_hash,
        u1_0.id_persona,
        p1_0.id_persona,
        p1_0.apellidos,
        p1_0.correo,
        p1_0.direccion,
        p1_0.estado,
        p1_0.fecha_nacimiento,
        p1_0.foto_perfil,
        p1_0.nombres,
        p1_0.numero_identificacion,
        p1_0.telefono,
        p1_0.tipo_identificacion,
        u1_0.token_recuperacion,
        u1_0.ultimo_login,
        u1_0.username,
        ur1_0.id_usuario,
        ur1_0.id_rol,
        ur1_0.fecha_asignacion,
        r1_0.id_rol,
        r1_0.descripcion,
        r1_0.nombre 
    from
        public.usuario u1_0 
    left join
        public.persona p1_0 
            on p1_0.id_persona=u1_0.id_persona 
    left join
        public.usuario_rol ur1_0 
            on u1_0.id_usuario=ur1_0.id_usuario 
    left join
        public.rol r1_0 
            on r1_0.id_rol=ur1_0.id_rol 
    where
        u1_0.username=?
17:07:55.219 TRACE [           main] org.hibernate.orm.jdbc.bind              : binding parameter (1:VARCHAR) <- [admin]
17:07:55.318 DEBUG [           main] c.c.c.security.JwtAuthenticationFilter   : Usuario autenticado: admin | Roles: [ASAMBLEAS_CREAR, ASAMBLEAS_EDITAR, ASAMBLEAS_ELIMINAR, ASAMBLEAS_LEER, COMUNICADOS_CREAR, COMUNICADOS_EDITAR, COMUNICADOS_ELIMINAR, COMUNICADOS_LEER, CONFIGURACION_EDITAR, CUOTAS_CREAR, CUOTAS_EDITAR, CUOTAS_ELIMINAR, CUOTAS_LEER, PAGOS_CREAR, PAGOS_EDITAR, PAGOS_ELIMINAR, PAGOS_LEER, REPORTES_LEER, RESERVAS_CREAR, RESERVAS_EDITAR, RESERVAS_ELIMINAR, RESERVAS_LEER, RESIDENTES_CREAR, RESIDENTES_EDITAR, RESIDENTES_ELIMINAR, RESIDENTES_LEER, ROLE_ADMIN, TICKETS_CREAR, TICKETS_EDITAR, TICKETS_ELIMINAR, TICKETS_LEER, UNIDADES_CREAR, UNIDADES_EDITAR, UNIDADES_ELIMINAR, UNIDADES_LEER, USUARIOS_CREAR, USUARIOS_EDITAR, USUARIOS_ELIMINAR, USUARIOS_LEER, VISITAS_CREAR, VISITAS_EDITAR, VISITAS_ELIMINAR, VISITAS_LEER]
17:07:55.319 DEBUG [           main] o.s.security.web.FilterChainProxy        : Secured GET /api/v1/roles
17:07:55.325 DEBUG [           main] horizationManagerBeforeMethodInterceptor : Authorizing method invocation ReflectiveMethodInvocation: public org.springframework.http.ResponseEntity com.condominio.condominio_api.controller.RolController.listar(); target is of class [com.condominio.condominio_api.controller.RolController]
17:07:55.345 DEBUG [           main] horizationManagerBeforeMethodInterceptor : Authorized method invocation ReflectiveMethodInvocation: public org.springframework.http.ResponseEntity com.condominio.condominio_api.controller.RolController.listar(); target is of class [com.condominio.condominio_api.controller.RolController]
17:07:55.360 DEBUG [           main] org.hibernate.SQL                        : 
    select
        r1_0.id_rol,
        r1_0.descripcion,
        r1_0.nombre 
    from
        public.rol r1_0 
    order by
        r1_0.nombre
Hibernate: 
    select
        r1_0.id_rol,
        r1_0.descripcion,
        r1_0.nombre 
    from
        public.rol r1_0 
    order by
        r1_0.nombre
]]></system-out>
  </testcase>
</testsuite>