<?xml version="1.0" encoding="UTF-8"?>
<testsuite xmlns:xsi="http://www.w3.org/2001/XMLSchema-instance" xsi:noNamespaceSchemaLocation="https://maven.apache.org/surefire/maven-surefire-plugin/xsd/surefire-test-report.xsd" version="3.0.2" name="com.condominio.condominio_api.controller.AuthControllerTest" time="45.811" tests="8" errors="0" skipped="0" failures="0">
  <properties>
[...]
</properties>
  <testcase name="passwordIncorrecta" classname="com.condominio.condominio_api.controller.AuthControllerTest" time="7.442">
    <system-out><![CDATA[17:30:06.951 [main] INFO org.springframework.test.context.support.AnnotationConfigContextLoaderUtils -- Could not detect default configuration classes for test class [com.condominio.condominio_api.controller.AuthControllerTest]: AuthControllerTest does not declare any static, non-private, non-final, nested classes annotated with @Configuration.
17:30:07.177 [main] INFO org.springframework.boot.test.context.SpringBootTestContextBootstrapper -- Found @SpringBootConfiguration com.condominio.condominio_api.CondominioApiApplication for test class com.condominio.condominio_api.controller.AuthControllerTest
17:30:07.326 [main] INFO org.springframework.boot.devtools.restart.RestartApplicationListener -- Restart disabled due to context in which it is running

  .   ____          _            __ _ _
 /\\ / ___'_ __ _ _(_)_ __  __ _ \ \ \ \
( ( )\___ | '_ | '_| | '_ \/ _` | \ \ \ \
 \\/  ___)| |_)| | | | | || (_| |  ) ) ) )
  '  |____| .__|_| |_|_| |_\__, | / / / /
 =========|_|==============|___/=/_/_/_/

 :: Spring Boot ::                (v3.5.3)

17:30:07.689 INFO  [           main] c.c.c.controller.AuthControllerTest      : Starting AuthControllerTest using Java 25.0.3 with PID 48990 (started by xavo in /home/xavo/GitHub/Personal/condominio-api)
17:30:07.691 DEBUG [           main] c.c.c.controller.AuthControllerTest      : Running with Spring Boot v3.5.3, Spring v6.2.8
17:30:07.691 INFO  [           main] c.c.c.controller.AuthControllerTest      : The following 1 profile is active: "dev"
17:30:08.697 INFO  [           main] .s.d.r.c.RepositoryConfigurationDelegate : Bootstrapping Spring Data JPA repositories in DEFAULT mode.
17:30:08.814 INFO  [           main] .s.d.r.c.RepositoryConfigurationDelegate : Finished Spring Data repository scanning in 107 ms. Found 8 JPA repository interfaces.
17:30:09.731 DEBUG [           main] o.f.c.i.s.classpath.ClassPathScanner     : Scanning for classpath resources at 'classpath:db/callback' ...
17:30:09.731 DEBUG [           main] o.f.c.i.s.classpath.ClassPathScanner     : Determining location urls for classpath:db/callback using ClassLoader jdk.internal.loader.ClassLoaders$AppClassLoader@7c84929b ...
17:30:09.731 DEBUG [           main] o.f.c.i.s.classpath.ClassPathScanner     : Unable to resolve location classpath:db/callback.
17:30:09.731 DEBUG [           main] o.f.c.i.s.classpath.ClassPathScanner     : Scanning for classpath resources at 'classpath:db/migration' ...
17:30:09.731 DEBUG [           main] o.f.c.i.s.classpath.ClassPathScanner     : Determining location urls for classpath:db/migration using ClassLoader jdk.internal.loader.ClassLoaders$AppClassLoader@7c84929b ...
17:30:09.732 DEBUG [           main] o.f.c.i.s.classpath.ClassPathScanner     : Scanning URL: file:/home/xavo/GitHub/Personal/condominio-api/target/classes/db/migration
17:30:09.733 DEBUG [           main] i.s.c.FileSystemClassPathLocationScanner : Scanning starting at classpath root in filesystem: /home/xavo/GitHub/Personal/condominio-api/target/classes/
17:30:09.734 DEBUG [           main] i.s.c.FileSystemClassPathLocationScanner : Scanning for resources in path: /home/xavo/GitHub/Personal/condominio-api/target/classes/db/migration (db/migration)
17:30:09.737 DEBUG [           main] o.f.c.i.s.classpath.ClassPathScanner     : Found resource: db/migration/V1__schema.sql
17:30:09.737 DEBUG [           main] o.f.c.i.s.classpath.ClassPathScanner     : Found resource: db/migration/V2__constraints.sql
17:30:09.737 DEBUG [           main] o.f.c.i.s.classpath.ClassPathScanner     : Found resource: db/migration/V3__indexes.sql
17:30:09.737 DEBUG [           main] o.f.c.i.s.classpath.ClassPathScanner     : Found resource: db/migration/V4__triggers.sql
17:30:09.737 DEBUG [           main] o.f.c.i.s.classpath.ClassPathScanner     : Found resource: db/migration/V5__functions.sql
17:30:09.737 DEBUG [           main] o.f.c.i.s.classpath.ClassPathScanner     : Found resource: db/migration/V6__seed.sql
17:30:09.738 DEBUG [           main] o.f.c.i.s.classpath.ClassPathScanner     : Found resource: db/migration/V7__views.sql
17:30:09.738 DEBUG [           main] o.f.c.i.s.classpath.ClassPathScanner     : Found resource: db/migration/V8__test_auth_seed.sql
17:30:09.738 DEBUG [           main] o.f.c.i.s.classpath.ClassPathScanner     : Found resource: db/migration/V9__fix_admin_password.sql
17:30:09.738 DEBUG [           main] o.f.c.i.s.classpath.ClassPathScanner     : Scanning for classes at classpath:db/migration
17:30:11.070 DEBUG [           main] o.f.c.i.resource.ResourceNameValidator   : Validating V1__schema.sql
17:30:11.073 DEBUG [           main] o.f.c.i.resource.ResourceNameValidator   : Validating V5__functions.sql
17:30:11.073 DEBUG [           main] o.f.c.i.resource.ResourceNameValidator   : Validating V7__views.sql
17:30:11.074 DEBUG [           main] o.f.c.i.resource.ResourceNameValidator   : Validating V4__triggers.sql
17:30:11.074 DEBUG [           main] o.f.c.i.resource.ResourceNameValidator   : Validating V2__constraints.sql
17:30:11.075 DEBUG [           main] o.f.c.i.resource.ResourceNameValidator   : Validating V9__fix_admin_password.sql
17:30:11.075 DEBUG [           main] o.f.c.i.resource.ResourceNameValidator   : Validating V6__seed.sql
17:30:11.076 DEBUG [           main] o.f.c.i.resource.ResourceNameValidator   : Validating V3__indexes.sql
17:30:11.076 DEBUG [           main] o.f.c.i.resource.ResourceNameValidator   : Validating V8__test_auth_seed.sql
17:30:11.093 DEBUG [           main] o.f.c.i.database.DatabaseTypeRegister    : Multiple databases found that handle url 'jdbc:postgresql://db.uegmjdakzkjatjctmmdw.supabase.co:5432/postgres?sslmode=require': CockroachDB,PostgreSQL
17:30:11.095 INFO  [           main] org.flywaydb.core.FlywayExecutor         : Database: jdbc:postgresql://db.uegmjdakzkjatjctmmdw.supabase.co:5432/postgres?sslmode=require (PostgreSQL 17.6)
17:30:11.096 DEBUG [           main] org.flywaydb.core.FlywayExecutor         : Database Type: PostgreSQL
17:30:11.096 DEBUG [           main] org.flywaydb.core.FlywayExecutor         : Driver: PostgreSQL JDBC Driver 42.7.7
17:30:11.097 DEBUG [           main] org.flywaydb.core.FlywayExecutor         : DDL Transactions Supported: true
17:30:11.100 DEBUG [           main] o.f.c.i.s.SchemaHistoryFactory           : Schemas: 
17:30:11.100 DEBUG [           main] o.f.c.i.s.SchemaHistoryFactory           : Default schema: null
17:30:11.937 DEBUG [           main] org.flywaydb.core.FlywayExecutor         : Scanning for script callbacks ...
17:30:11.943 DEBUG [           main] o.f.c.i.c.SqlScriptCallbackFactory       : Scanning for SQL callbacks ...
17:30:12.048 DEBUG [           main] o.f.core.internal.command.DbValidate     : Validating migrations ...
17:30:12.056 DEBUG [           main] o.f.c.a.c.ClassicConfiguration           : CherryPickConfigurationExtension not found
17:30:12.079 DEBUG [           main] o.f.core.internal.scanner.Scanner        : Filtering out resource: db/migration/V1__schema.sql (filename: V1__schema.sql)
17:30:12.080 DEBUG [           main] o.f.core.internal.scanner.Scanner        : Filtering out resource: db/migration/V5__functions.sql (filename: V5__functions.sql)
17:30:12.080 DEBUG [           main] o.f.core.internal.scanner.Scanner        : Filtering out resource: db/migration/V7__views.sql (filename: V7__views.sql)
17:30:12.080 DEBUG [           main] o.f.core.internal.scanner.Scanner        : Filtering out resource: db/migration/V4__triggers.sql (filename: V4__triggers.sql)
17:30:12.081 DEBUG [           main] o.f.core.internal.scanner.Scanner        : Filtering out resource: db/migration/V2__constraints.sql (filename: V2__constraints.sql)
17:30:12.081 DEBUG [           main] o.f.core.internal.scanner.Scanner        : Filtering out resource: db/migration/V9__fix_admin_password.sql (filename: V9__fix_admin_password.sql)
17:30:12.081 DEBUG [           main] o.f.core.internal.scanner.Scanner        : Filtering out resource: db/migration/V6__seed.sql (filename: V6__seed.sql)
17:30:12.081 DEBUG [           main] o.f.core.internal.scanner.Scanner        : Filtering out resource: db/migration/V3__indexes.sql (filename: V3__indexes.sql)
17:30:12.081 DEBUG [           main] o.f.core.internal.scanner.Scanner        : Filtering out resource: db/migration/V8__test_auth_seed.sql (filename: V8__test_auth_seed.sql)
17:30:12.082 DEBUG [           main] o.f.core.internal.scanner.Scanner        : Filtering out resource: db/migration/V1__schema.sql (filename: V1__schema.sql)
17:30:12.083 DEBUG [           main] o.f.core.internal.scanner.Scanner        : Filtering out resource: db/migration/V5__functions.sql (filename: V5__functions.sql)
17:30:12.083 DEBUG [           main] o.f.core.internal.scanner.Scanner        : Filtering out resource: db/migration/V7__views.sql (filename: V7__views.sql)
17:30:12.084 DEBUG [           main] o.f.core.internal.scanner.Scanner        : Filtering out resource: db/migration/V4__triggers.sql (filename: V4__triggers.sql)
17:30:12.084 DEBUG [           main] o.f.core.internal.scanner.Scanner        : Filtering out resource: db/migration/V2__constraints.sql (filename: V2__constraints.sql)
17:30:12.084 DEBUG [           main] o.f.core.internal.scanner.Scanner        : Filtering out resource: db/migration/V9__fix_admin_password.sql (filename: V9__fix_admin_password.sql)
17:30:12.084 DEBUG [           main] o.f.core.internal.scanner.Scanner        : Filtering out resource: db/migration/V6__seed.sql (filename: V6__seed.sql)
17:30:12.085 DEBUG [           main] o.f.core.internal.scanner.Scanner        : Filtering out resource: db/migration/V3__indexes.sql (filename: V3__indexes.sql)
17:30:12.085 DEBUG [           main] o.f.core.internal.scanner.Scanner        : Filtering out resource: db/migration/V8__test_auth_seed.sql (filename: V8__test_auth_seed.sql)
17:30:12.088 DEBUG [           main] o.f.core.internal.scanner.Scanner        : Filtering out resource: db/migration/V1__schema.sql (filename: V1__schema.sql)
17:30:12.088 DEBUG [           main] o.f.core.internal.scanner.Scanner        : Filtering out resource: db/migration/V5__functions.sql (filename: V5__functions.sql)
17:30:12.088 DEBUG [           main] o.f.core.internal.scanner.Scanner        : Filtering out resource: db/migration/V7__views.sql (filename: V7__views.sql)
17:30:12.088 DEBUG [           main] o.f.core.internal.scanner.Scanner        : Filtering out resource: db/migration/V4__triggers.sql (filename: V4__triggers.sql)
17:30:12.089 DEBUG [           main] o.f.core.internal.scanner.Scanner        : Filtering out resource: db/migration/V2__constraints.sql (filename: V2__constraints.sql)
17:30:12.089 DEBUG [           main] o.f.core.internal.scanner.Scanner        : Filtering out resource: db/migration/V9__fix_admin_password.sql (filename: V9__fix_admin_password.sql)
17:30:12.089 DEBUG [           main] o.f.core.internal.scanner.Scanner        : Filtering out resource: db/migration/V6__seed.sql (filename: V6__seed.sql)
17:30:12.089 DEBUG [           main] o.f.core.internal.scanner.Scanner        : Filtering out resource: db/migration/V3__indexes.sql (filename: V3__indexes.sql)
17:30:12.089 DEBUG [           main] o.f.core.internal.scanner.Scanner        : Filtering out resource: db/migration/V8__test_auth_seed.sql (filename: V8__test_auth_seed.sql)
17:30:12.090 DEBUG [           main] o.f.core.internal.scanner.Scanner        : Filtering out resource: db/migration/V1__schema.sql (filename: V1__schema.sql)
17:30:12.090 DEBUG [           main] o.f.core.internal.scanner.Scanner        : Filtering out resource: db/migration/V5__functions.sql (filename: V5__functions.sql)
17:30:12.090 DEBUG [           main] o.f.core.internal.scanner.Scanner        : Filtering out resource: db/migration/V7__views.sql (filename: V7__views.sql)
17:30:12.090 DEBUG [           main] o.f.core.internal.scanner.Scanner        : Filtering out resource: db/migration/V4__triggers.sql (filename: V4__triggers.sql)
17:30:12.090 DEBUG [           main] o.f.core.internal.scanner.Scanner        : Filtering out resource: db/migration/V2__constraints.sql (filename: V2__constraints.sql)
17:30:12.090 DEBUG [           main] o.f.core.internal.scanner.Scanner        : Filtering out resource: db/migration/V9__fix_admin_password.sql (filename: V9__fix_admin_password.sql)
17:30:12.090 DEBUG [           main] o.f.core.internal.scanner.Scanner        : Filtering out resource: db/migration/V6__seed.sql (filename: V6__seed.sql)
17:30:12.090 DEBUG [           main] o.f.core.internal.scanner.Scanner        : Filtering out resource: db/migration/V3__indexes.sql (filename: V3__indexes.sql)
17:30:12.091 DEBUG [           main] o.f.core.internal.scanner.Scanner        : Filtering out resource: db/migration/V8__test_auth_seed.sql (filename: V8__test_auth_seed.sql)
17:30:12.483 INFO  [           main] o.f.core.internal.command.DbValidate     : Successfully validated 9 migrations (execution time 00:00.432s)
17:30:12.579 DEBUG [           main] o.f.core.internal.command.DbSchemas      : Skipping creation of existing schema: "public"
17:30:14.036 DEBUG [           main] o.f.c.a.c.ClassicConfiguration           : CherryPickConfigurationExtension not found
17:30:14.320 INFO  [           main] o.f.core.internal.command.DbMigrate      : Current version of schema "public": 9
17:30:14.415 INFO  [           main] o.f.core.internal.command.DbMigrate      : Schema "public" is up to date. No migration necessary.
17:30:15.166 DEBUG [           main] org.flywaydb.core.FlywayExecutor         : Memory usage: 31 of 76M
17:30:15.299 INFO  [           main] o.hibernate.jpa.internal.util.LogHelper  : HHH000204: Processing PersistenceUnitInfo [name: default]
17:30:15.340 INFO  [           main] org.hibernate.Version                    : HHH000412: Hibernate ORM core version 6.6.18.Final
17:30:15.365 INFO  [           main] o.h.c.internal.RegionFactoryInitiator    : HHH000026: Second-level cache disabled
17:30:15.593 INFO  [           main] o.s.o.j.p.SpringPersistenceUnitInfo      : No LoadTimeWeaver setup: ignoring JPA class transformer
17:30:15.621 INFO  [           main] com.zaxxer.hikari.HikariDataSource       : HikariPool-1 - Starting...
17:30:16.656 INFO  [           main] com.zaxxer.hikari.pool.HikariPool        : HikariPool-1 - Added connection org.postgresql.jdbc.PgConnection@66d61298
17:30:16.659 INFO  [           main] com.zaxxer.hikari.HikariDataSource       : HikariPool-1 - Start completed.
17:30:17.294 INFO  [           main] org.hibernate.orm.connections.pooling    : HHH10001005: Database info:
	Database JDBC URL [Connecting through datasource 'HikariDataSource (HikariPool-1)']
	Database driver: undefined/unknown
	Database version: 17.6
	Autocommit mode: undefined/unknown
	Isolation level: undefined/unknown
	Minimum pool size: undefined/unknown
	Maximum pool size: undefined/unknown
17:30:18.340 INFO  [           main] o.h.e.t.j.p.i.JtaPlatformInitiator       : HHH000489: No JTA platform available (set 'hibernate.transaction.jta.platform' to enable JTA platform integration)
17:30:21.600 INFO  [           main] j.LocalContainerEntityManagerFactoryBean : Initialized JPA EntityManagerFactory for persistence unit 'default'
17:30:21.930 INFO  [           main] o.s.d.j.r.query.QueryEnhancerFactory     : Hibernate is in classpath; If applicable, HQL parser will be used.
17:30:22.483 INFO  [           main] eAuthenticationProviderManagerConfigurer : Global AuthenticationManager configured with AuthenticationProvider bean with name authenticationProvider
17:30:22.483 WARN  [           main] r$InitializeUserDetailsManagerConfigurer : Global AuthenticationManager configured with an AuthenticationProvider bean. UserDetailsService beans will not be used by Spring Security for automatically configuring username/password login. Consider removing the AuthenticationProvider bean. Alternatively, consider using the UserDetailsService in a manually instantiated DaoAuthenticationProvider. If the current configuration is intentional, to turn off this warning, increase the logging level of 'org.springframework.security.config.annotation.authentication.configuration.InitializeUserDetailsBeanManagerConfigurer' to ERROR
17:30:23.486 DEBUG [           main] o.s.s.web.DefaultSecurityFilterChain     : Will secure any request with filters: DisableEncodeUrlFilter, WebAsyncManagerIntegrationFilter, SecurityContextHolderFilter, HeaderWriterFilter, CorsFilter, LogoutFilter, JwtAuthenticationFilter, RequestCacheAwareFilter, SecurityContextHolderAwareRequestFilter, AnonymousAuthenticationFilter, SessionManagementFilter, ExceptionTranslationFilter, AuthorizationFilter
17:30:23.988 DEBUG [           main] c.c.c.security.JwtAuthenticationFilter   : Filter 'jwtAuthenticationFilter' configured for use
17:30:23.989 INFO  [           main] o.s.b.t.m.w.SpringBootMockServletContext : Initializing Spring TestDispatcherServlet ''
17:30:23.989 INFO  [           main] o.s.t.web.servlet.TestDispatcherServlet  : Initializing Servlet ''
17:30:23.991 INFO  [           main] o.s.t.web.servlet.TestDispatcherServlet  : Completed initialization in 2 ms
17:30:24.085 INFO  [           main] c.c.c.controller.AuthControllerTest      : Started AuthControllerTest in 16.769 seconds (process running for 18.246)
17:30:25.254 DEBUG [           main] o.s.security.web.FilterChainProxy        : Securing POST /api/v1/auth/login
17:30:25.264 DEBUG [           main] o.s.s.w.a.AnonymousAuthenticationFilter  : Set SecurityContextHolder to anonymous SecurityContext
17:30:25.266 DEBUG [           main] o.s.security.web.FilterChainProxy        : Secured POST /api/v1/auth/login
17:30:25.851 DEBUG [           main] org.hibernate.SQL                        : 
    select
        u1_0.id_usuario,
        u1_0.bloqueado_hasta,
        u1_0.estado,
        u1_0.fecha_creacion,
        u1_0.fecha_expiracion_token,
        u1_0.intentos_fallidos,
        u1_0.password_hash,
        u1_0.id_persona,
        p1_0.id_persona,
        p1_0.apellidos,
        p1_0.correo,
        p1_0.direccion,
        p1_0.estado,
        p1_0.fecha_nacimiento,
        p1_0.foto_perfil,
        p1_0.nombres,
        p1_0.numero_identificacion,
        p1_0.telefono,
        p1_0.tipo_identificacion,
        u1_0.token_recuperacion,
        u1_0.ultimo_login,
        u1_0.username,
        ur1_0.id_usuario,
        ur1_0.id_rol,
        ur1_0.fecha_asignacion,
        r1_0.id_rol,
        r1_0.descripcion,
        r1_0.nombre 
    from
        public.usuario u1_0 
    left join
        public.persona p1_0 
            on p1_0.id_persona=u1_0.id_persona 
    left join
        public.usuario_rol ur1_0 
            on u1_0.id_usuario=ur1_0.id_usuario 
    left join
        public.rol r1_0 
            on r1_0.id_rol=ur1_0.id_rol 
    where
        u1_0.username=?
Hibernate: 
    select
        u1_0.id_usuario,
        u1_0.bloqueado_hasta,
        u1_0.estado,
        u1_0.fecha_creacion,
        u1_0.fecha_expiracion_token,
        u1_0.intentos_fallidos,
        u1_0.password_hash,
        u1_0.id_persona,
        p1_0.id_persona,
        p1_0.apellidos,
        p1_0.correo,
        p1_0.direccion,
        p1_0.estado,
        p1_0.fecha_nacimiento,
        p1_0.foto_perfil,
        p1_0.nombres,
        p1_0.numero_identificacion,
        p1_0.telefono,
        p1_0.tipo_identificacion,
        u1_0.token_recuperacion,
        u1_0.ultimo_login,
        u1_0.username,
        ur1_0.id_usuario,
        ur1_0.id_rol,
        ur1_0.fecha_asignacion,
        r1_0.id_rol,
        r1_0.descripcion,
        r1_0.nombre 
    from
        public.usuario u1_0 
    left join
        public.persona p1_0 
            on p1_0.id_persona=u1_0.id_persona 
    left join
        public.usuario_rol ur1_0 
            on u1_0.id_usuario=ur1_0.id_usuario 
    left join
        public.rol r1_0 
            on r1_0.id_rol=ur1_0.id_rol 
    where
        u1_0.username=?
17:30:25.853 TRACE [           main] org.hibernate.orm.jdbc.bind              : binding parameter (1:VARCHAR) <- [admin]
17:30:26.030 DEBUG [           main] org.hibernate.SQL                        : 
    select
        rp1_0.id_rol,
        rp1_0.id_permiso 
    from
        public.rol_permiso rp1_0 
    where
        rp1_0.id_rol=?
Hibernate: 
    select
        rp1_0.id_rol,
        rp1_0.id_permiso 
    from
        public.rol_permiso rp1_0 
    where
        rp1_0.id_rol=?
17:30:26.031 TRACE [           main] org.hibernate.orm.jdbc.bind              : binding parameter (1:BIGINT) <- [1]
17:30:26.176 DEBUG [           main] org.hibernate.SQL                        : 
    select
        p1_0.id_permiso,
        p1_0.accion,
        p1_0.modulo,
        p1_0.nombre 
    from
        public.permiso p1_0 
    where
        p1_0.id_permiso=?
Hibernate: 
    select
        p1_0.id_permiso,
        p1_0.accion,
        p1_0.modulo,
        p1_0.nombre 
    from
        public.permiso p1_0 
    where
        p1_0.id_permiso=?
17:30:26.177 TRACE [           main] org.hibernate.orm.jdbc.bind              : binding parameter (1:BIGINT) <- [1]
17:30:26.282 DEBUG [           main] org.hibernate.SQL                        : 
    select
        p1_0.id_permiso,
        p1_0.accion,
        p1_0.modulo,
        p1_0.nombre 
    from
        public.permiso p1_0 
    where
        p1_0.id_permiso=?
Hibernate: 
    select
        p1_0.id_permiso,
        p1_0.accion,
        p1_0.modulo,
        p1_0.nombre 
    from
        public.permiso p1_0 
    where
        p1_0.id_permiso=?
17:30:26.283 TRACE [           main] org.hibernate.orm.jdbc.bind              : binding parameter (1:BIGINT) <- [2]
17:30:26.383 DEBUG [           main] org.hibernate.SQL                        : 
    select
        p1_0.id_permiso,
        p1_0.accion,
        p1_0.modulo,
        p1_0.nombre 
    from
        public.permiso p1_0 
    where
        p1_0.id_permiso=?
Hibernate: 
    select
        p1_0.id_permiso,
        p1_0.accion,
        p1_0.modulo,
        p1_0.nombre 
    from
        public.permiso p1_0 
    where
        p1_0.id_permiso=?
17:30:26.384 TRACE [           main] org.hibernate.orm.jdbc.bind              : binding parameter (1:BIGINT) <- [3]
17:30:26.484 DEBUG [           main] org.hibernate.SQL                        : 
    select
        p1_0.id_permiso,
        p1_0.accion,
        p1_0.modulo,
        p1_0.nombre 
    from
        public.permiso p1_0 
    where
        p1_0.id_permiso=?
Hibernate: 
    select
        p1_0.id_permiso,
        p1_0.accion,
        p1_0.modulo,
        p1_0.nombre 
    from
        public.permiso p1_0 
    where
        p1_0.id_permiso=?
17:30:26.485 TRACE [           main] org.hibernate.orm.jdbc.bind              : binding parameter (1:BIGINT) <- [4]
17:30:26.587 DEBUG [           main] org.hibernate.SQL                        : 
    select
        p1_0.id_permiso,
        p1_0.accion,
        p1_0.modulo,
        p1_0.nombre 
    from
        public.permiso p1_0 
    where
        p1_0.id_permiso=?
Hibernate: 
    select
        p1_0.id_permiso,
        p1_0.accion,
        p1_0.modulo,
        p1_0.nombre 
    from
        public.permiso p1_0 
    where
        p1_0.id_permiso=?
17:30:26.588 TRACE [           main] org.hibernate.orm.jdbc.bind              : binding parameter (1:BIGINT) <- [5]
17:30:26.691 DEBUG [           main] org.hibernate.SQL                        : 
    select
        p1_0.id_permiso,
        p1_0.accion,
        p1_0.modulo,
        p1_0.nombre 
    from
        public.permiso p1_0 
    where
        p1_0.id_permiso=?
Hibernate: 
    select
        p1_0.id_permiso,
        p1_0.accion,
        p1_0.modulo,
        p1_0.nombre 
    from
        public.permiso p1_0 
    where
        p1_0.id_permiso=?
17:30:26.692 TRACE [           main] org.hibernate.orm.jdbc.bind              : binding parameter (1:BIGINT) <- [6]
17:30:26.791 DEBUG [           main] org.hibernate.SQL                        : 
    select
        p1_0.id_permiso,
        p1_0.accion,
        p1_0.modulo,
        p1_0.nombre 
    from
        public.permiso p1_0 
    where
        p1_0.id_permiso=?
Hibernate: 
    select
        p1_0.id_permiso,
        p1_0.accion,
        p1_0.modulo,
        p1_0.nombre 
    from
        public.permiso p1_0 
    where
        p1_0.id_permiso=?
17:30:26.792 TRACE [           main] org.hibernate.orm.jdbc.bind              : binding parameter (1:BIGINT) <- [7]
17:30:26.894 DEBUG [           main] org.hibernate.SQL                        : 
    select
        p1_0.id_permiso,
        p1_0.accion,
        p1_0.modulo,
        p1_0.nombre 
    from
        public.permiso p1_0 
    where
        p1_0.id_permiso=?
Hibernate: 
    select
        p1_0.id_permiso,
        p1_0.accion,
        p1_0.modulo,
        p1_0.nombre 
    from
        public.permiso p1_0 
    where
        p1_0.id_permiso=?
17:30:26.894 TRACE [           main] org.hibernate.orm.jdbc.bind              : binding parameter (1:BIGINT) <- [8]
17:30:26.991 DEBUG [           main] org.hibernate.SQL                        : 
    select
        p1_0.id_permiso,
        p1_0.accion,
        p1_0.modulo,
        p1_0.nombre 
    from
        public.permiso p1_0 
    where
        p1_0.id_permiso=?
Hibernate: 
    select
        p1_0.id_permiso,
        p1_0.accion,
        p1_0.modulo,
        p1_0.nombre 
    from
        public.permiso p1_0 
    where
        p1_0.id_permiso=?
17:30:26.992 TRACE [           main] org.hibernate.orm.jdbc.bind              : binding parameter (1:BIGINT) <- [9]
17:30:27.088 DEBUG [           main] org.hibernate.SQL                        : 
    select
        p1_0.id_permiso,
        p1_0.accion,
        p1_0.modulo,
        p1_0.nombre 
    from
        public.permiso p1_0 
    where
        p1_0.id_permiso=?
Hibernate: 
    select
        p1_0.id_permiso,
        p1_0.accion,
        p1_0.modulo,
        p1_0.nombre 
    from
        public.permiso p1_0 
    where
        p1_0.id_permiso=?
17:30:27.088 TRACE [           main] org.hibernate.orm.jdbc.bind              : binding parameter (1:BIGINT) <- [10]
17:30:27.185 DEBUG [           main] org.hibernate.SQL                        : 
    select
        p1_0.id_permiso,
        p1_0.accion,
        p1_0.modulo,
        p1_0.nombre 
    from
        public.permiso p1_0 
    where
        p1_0.id_permiso=?
Hibernate: 
    select
        p1_0.id_permiso,
        p1_0.accion,
        p1_0.modulo,
        p1_0.nombre 
    from
        public.permiso p1_0 
    where
        p1_0.id_permiso=?
17:30:27.186 TRACE [           main] org.hibernate.orm.jdbc.bind              : binding parameter (1:BIGINT) <- [11]
17:30:27.283 DEBUG [           main] org.hibernate.SQL                        : 
    select
        p1_0.id_permiso,
        p1_0.accion,
        p1_0.modulo,
        p1_0.nombre 
    from
        public.permiso p1_0 
    where
        p1_0.id_permiso=?
Hibernate: 
    select
        p1_0.id_permiso,
        p1_0.accion,
        p1_0.modulo,
        p1_0.nombre 
    from
        public.permiso p1_0 
    where
        p1_0.id_permiso=?
17:30:27.284 TRACE [           main] org.hibernate.orm.jdbc.bind              : binding parameter (1:BIGINT) <- [12]
17:30:27.383 DEBUG [           main] org.hibernate.SQL                        : 
    select
        p1_0.id_permiso,
        p1_0.accion,
        p1_0.modulo,
        p1_0.nombre 
    from
        public.permiso p1_0 
    where
        p1_0.id_permiso=?
Hibernate: 
    select
        p1_0.id_permiso,
        p1_0.accion,
        p1_0.modulo,
        p1_0.nombre 
    from
        public.permiso p1_0 
    where
        p1_0.id_permiso=?
17:30:27.384 TRACE [           main] org.hibernate.orm.jdbc.bind              : binding parameter (1:BIGINT) <- [13]
17:30:27.483 DEBUG [           main] org.hibernate.SQL                        : 
    select
        p1_0.id_permiso,
        p1_0.accion,
        p1_0.modulo,
        p1_0.nombre 
    from
        public.permiso p1_0 
    where
        p1_0.id_permiso=?
Hibernate: 
    select
        p1_0.id_permiso,
        p1_0.accion,
        p1_0.modulo,
        p1_0.nombre 
    from
        public.permiso p1_0 
    where
        p1_0.id_permiso=?
17:30:27.484 TRACE [           main] org.hibernate.orm.jdbc.bind              : binding parameter (1:BIGINT) <- [14]
17:30:27.579 DEBUG [           main] org.hibernate.SQL                        : 
    select
        p1_0.id_permiso,
        p1_0.accion,
        p1_0.modulo,
        p1_0.nombre 
    from
        public.permiso p1_0 
    where
        p1_0.id_permiso=?
Hibernate: 
    select
        p1_0.id_permiso,
        p1_0.accion,
        p1_0.modulo,
        p1_0.nombre 
    from
        public.permiso p1_0 
    where
        p1_0.id_permiso=?
17:30:27.579 TRACE [           main] org.hibernate.orm.jdbc.bind              : binding parameter (1:BIGINT) <- [15]
17:30:27.676 DEBUG [           main] org.hibernate.SQL                        : 
    select
        p1_0.id_permiso,
        p1_0.accion,
        p1_0.modulo,
        p1_0.nombre 
    from
        public.permiso p1_0 
    where
        p1_0.id_permiso=?
Hibernate: 
    select
        p1_0.id_permiso,
        p1_0.accion,
        p1_0.modulo,
        p1_0.nombre 
    from
        public.permiso p1_0 
    where
        p1_0.id_permiso=?
17:30:27.676 TRACE [           main] org.hibernate.orm.jdbc.bind              : binding parameter (1:BIGINT) <- [16]
17:30:27.772 DEBUG [           main] org.hibernate.SQL                        : 
    select
        p1_0.id_permiso,
        p1_0.accion,
        p1_0.modulo,
        p1_0.nombre 
    from
        public.permiso p1_0 
    where
        p1_0.id_permiso=?
Hibernate: 
    select
        p1_0.id_permiso,
        p1_0.accion,
        p1_0.modulo,
        p1_0.nombre 
    from
        public.permiso p1_0 
    where
        p1_0.id_permiso=?
17:30:27.773 TRACE [           main] org.hibernate.orm.jdbc.bind              : binding parameter (1:BIGINT) <- [17]
17:30:27.870 DEBUG [           main] org.hibernate.SQL                        : 
    select
        p1_0.id_permiso,
        p1_0.accion,
        p1_0.modulo,
        p1_0.nombre 
    from
        public.permiso p1_0 
    where
        p1_0.id_permiso=?
Hibernate: 
    select
        p1_0.id_permiso,
        p1_0.accion,
        p1_0.modulo,
        p1_0.nombre 
    from
        public.permiso p1_0 
    where
        p1_0.id_permiso=?
17:30:27.871 TRACE [           main] org.hibernate.orm.jdbc.bind              : binding parameter (1:BIGINT) <- [18]
17:30:27.973 DEBUG [           main] org.hibernate.SQL                        : 
    select
        p1_0.id_permiso,
        p1_0.accion,
        p1_0.modulo,
        p1_0.nombre 
    from
        public.permiso p1_0 
    where
        p1_0.id_permiso=?
Hibernate: 
    select
        p1_0.id_permiso,
        p1_0.accion,
        p1_0.modulo,
        p1_0.nombre 
    from
        public.permiso p1_0 
    where
        p1_0.id_permiso=?
17:30:27.973 TRACE [           main] org.hibernate.orm.jdbc.bind              : binding parameter (1:BIGINT) <- [19]
17:30:28.079 DEBUG [           main] org.hibernate.SQL                        : 
    select
        p1_0.id_permiso,
        p1_0.accion,
        p1_0.modulo,
        p1_0.nombre 
    from
        public.permiso p1_0 
    where
        p1_0.id_permiso=?
Hibernate: 
    select
        p1_0.id_permiso,
        p1_0.accion,
        p1_0.modulo,
        p1_0.nombre 
    from
        public.permiso p1_0 
    where
        p1_0.id_permiso=?
17:30:28.079 TRACE [           main] org.hibernate.orm.jdbc.bind              : binding parameter (1:BIGINT) <- [20]
17:30:28.282 DEBUG [           main] org.hibernate.SQL                        : 
    select
        p1_0.id_permiso,
        p1_0.accion,
        p1_0.modulo,
        p1_0.nombre 
    from
        public.permiso p1_0 
    where
        p1_0.id_permiso=?
Hibernate: 
    select
        p1_0.id_permiso,
        p1_0.accion,
        p1_0.modulo,
        p1_0.nombre 
    from
        public.permiso p1_0 
    where
        p1_0.id_permiso=?
17:30:28.284 TRACE [           main] org.hibernate.orm.jdbc.bind              : binding parameter (1:BIGINT) <- [21]
17:30:28.485 DEBUG [           main] org.hibernate.SQL                        : 
    select
        p1_0.id_permiso,
        p1_0.accion,
        p1_0.modulo,
        p1_0.nombre 
    from
        public.permiso p1_0 
    where
        p1_0.id_permiso=?
Hibernate: 
    select
        p1_0.id_permiso,
        p1_0.accion,
        p1_0.modulo,
        p1_0.nombre 
    from
        public.permiso p1_0 
    where
        p1_0.id_permiso=?
17:30:28.485 TRACE [           main] org.hibernate.orm.jdbc.bind              : binding parameter (1:BIGINT) <- [22]
17:30:28.690 DEBUG [           main] org.hibernate.SQL                        : 
    select
        p1_0.id_permiso,
        p1_0.accion,
        p1_0.modulo,
        p1_0.nombre 
    from
        public.permiso p1_0 
    where
        p1_0.id_permiso=?
Hibernate: 
    select
        p1_0.id_permiso,
        p1_0.accion,
        p1_0.modulo,
        p1_0.nombre 
    from
        public.permiso p1_0 
    where
        p1_0.id_permiso=?
17:30:28.692 TRACE [           main] org.hibernate.orm.jdbc.bind              : binding parameter (1:BIGINT) <- [23]
17:30:28.883 DEBUG [           main] org.hibernate.SQL                        : 
    select
        p1_0.id_permiso,
        p1_0.accion,
        p1_0.modulo,
        p1_0.nombre 
    from
        public.permiso p1_0 
    where
        p1_0.id_permiso=?
Hibernate: 
    select
        p1_0.id_permiso,
        p1_0.accion,
        p1_0.modulo,
        p1_0.nombre 
    from
        public.permiso p1_0 
    where
        p1_0.id_permiso=?
17:30:28.884 TRACE [           main] org.hibernate.orm.jdbc.bind              : binding parameter (1:BIGINT) <- [24]
17:30:29.101 DEBUG [           main] org.hibernate.SQL                        : 
    select
        p1_0.id_permiso,
        p1_0.accion,
        p1_0.modulo,
        p1_0.nombre 
    from
        public.permiso p1_0 
    where
        p1_0.id_permiso=?
Hibernate: 
    select
        p1_0.id_permiso,
        p1_0.accion,
        p1_0.modulo,
        p1_0.nombre 
    from
        public.permiso p1_0 
    where
        p1_0.id_permiso=?
17:30:29.103 TRACE [           main] org.hibernate.orm.jdbc.bind              : binding parameter (1:BIGINT) <- [25]
17:30:29.202 DEBUG [           main] org.hibernate.SQL                        : 
    select
        p1_0.id_permiso,
        p1_0.accion,
        p1_0.modulo,
        p1_0.nombre 
    from
        public.permiso p1_0 
    where
        p1_0.id_permiso=?
Hibernate: 
    select
        p1_0.id_permiso,
        p1_0.accion,
        p1_0.modulo,
        p1_0.nombre 
    from
        public.permiso p1_0 
    where
        p1_0.id_permiso=?
17:30:29.202 TRACE [           main] org.hibernate.orm.jdbc.bind              : binding parameter (1:BIGINT) <- [26]
17:30:29.306 DEBUG [           main] org.hibernate.SQL                        : 
    select
        p1_0.id_permiso,
        p1_0.accion,
        p1_0.modulo,
        p1_0.nombre 
    from
        public.permiso p1_0 
    where
        p1_0.id_permiso=?
Hibernate: 
    select
        p1_0.id_permiso,
        p1_0.accion,
        p1_0.modulo,
        p1_0.nombre 
    from
        public.permiso p1_0 
    where
        p1_0.id_permiso=?
17:30:29.307 TRACE [           main] org.hibernate.orm.jdbc.bind              : binding parameter (1:BIGINT) <- [27]
17:30:29.407 DEBUG [           main] org.hibernate.SQL                        : 
    select
        p1_0.id_permiso,
        p1_0.accion,
        p1_0.modulo,
        p1_0.nombre 
    from
        public.permiso p1_0 
    where
        p1_0.id_permiso=?
Hibernate: 
    select
        p1_0.id_permiso,
        p1_0.accion,
        p1_0.modulo,
        p1_0.nombre 
    from
        public.permiso p1_0 
    where
        p1_0.id_permiso=?
17:30:29.407 TRACE [           main] org.hibernate.orm.jdbc.bind              : binding parameter (1:BIGINT) <- [28]
17:30:29.508 DEBUG [           main] org.hibernate.SQL                        : 
    select
        p1_0.id_permiso,
        p1_0.accion,
        p1_0.modulo,
        p1_0.nombre 
    from
        public.permiso p1_0 
    where
        p1_0.id_permiso=?
Hibernate: 
    select
        p1_0.id_permiso,
        p1_0.accion,
        p1_0.modulo,
        p1_0.nombre 
    from
        public.permiso p1_0 
    where
        p1_0.id_permiso=?
17:30:29.508 TRACE [           main] org.hibernate.orm.jdbc.bind              : binding parameter (1:BIGINT) <- [29]
17:30:29.611 DEBUG [           main] org.hibernate.SQL                        : 
    select
        p1_0.id_permiso,
        p1_0.accion,
        p1_0.modulo,
        p1_0.nombre 
    from
        public.permiso p1_0 
    where
        p1_0.id_permiso=?
Hibernate: 
    select
        p1_0.id_permiso,
        p1_0.accion,
        p1_0.modulo,
        p1_0.nombre 
    from
        public.permiso p1_0 
    where
        p1_0.id_permiso=?
17:30:29.612 TRACE [           main] org.hibernate.orm.jdbc.bind              : binding parameter (1:BIGINT) <- [30]
17:30:29.714 DEBUG [           main] org.hibernate.SQL                        : 
    select
        p1_0.id_permiso,
        p1_0.accion,
        p1_0.modulo,
        p1_0.nombre 
    from
        public.permiso p1_0 
    where
        p1_0.id_permiso=?
Hibernate: 
    select
        p1_0.id_permiso,
        p1_0.accion,
        p1_0.modulo,
        p1_0.nombre 
    from
        public.permiso p1_0 
    where
        p1_0.id_permiso=?
17:30:29.715 TRACE [           main] org.hibernate.orm.jdbc.bind              : binding parameter (1:BIGINT) <- [31]
17:30:29.815 DEBUG [           main] org.hibernate.SQL                        : 
    select
        p1_0.id_permiso,
        p1_0.accion,
        p1_0.modulo,
        p1_0.nombre 
    from
        public.permiso p1_0 
    where
        p1_0.id_permiso=?
Hibernate: 
    select
        p1_0.id_permiso,
        p1_0.accion,
        p1_0.modulo,
        p1_0.nombre 
    from
        public.permiso p1_0 
    where
        p1_0.id_permiso=?
17:30:29.816 TRACE [           main] org.hibernate.orm.jdbc.bind              : binding parameter (1:BIGINT) <- [32]
17:30:29.919 DEBUG [           main] org.hibernate.SQL                        : 
    select
        p1_0.id_permiso,
        p1_0.accion,
        p1_0.modulo,
        p1_0.nombre 
    from
        public.permiso p1_0 
    where
        p1_0.id_permiso=?
Hibernate: 
    select
        p1_0.id_permiso,
        p1_0.accion,
        p1_0.modulo,
        p1_0.nombre 
    from
        public.permiso p1_0 
    where
        p1_0.id_permiso=?
17:30:29.920 TRACE [           main] org.hibernate.orm.jdbc.bind              : binding parameter (1:BIGINT) <- [33]
17:30:30.023 DEBUG [           main] org.hibernate.SQL                        : 
    select
        p1_0.id_permiso,
        p1_0.accion,
        p1_0.modulo,
        p1_0.nombre 
    from
        public.permiso p1_0 
    where
        p1_0.id_permiso=?
Hibernate: 
    select
        p1_0.id_permiso,
        p1_0.accion,
        p1_0.modulo,
        p1_0.nombre 
    from
        public.permiso p1_0 
    where
        p1_0.id_permiso=?
17:30:30.023 TRACE [           main] org.hibernate.orm.jdbc.bind              : binding parameter (1:BIGINT) <- [34]
17:30:30.127 DEBUG [           main] org.hibernate.SQL                        : 
    select
        p1_0.id_permiso,
        p1_0.accion,
        p1_0.modulo,
        p1_0.nombre 
    from
        public.permiso p1_0 
    where
        p1_0.id_permiso=?
Hibernate: 
    select
        p1_0.id_permiso,
        p1_0.accion,
        p1_0.modulo,
        p1_0.nombre 
    from
        public.permiso p1_0 
    where
        p1_0.id_permiso=?
17:30:30.128 TRACE [           main] org.hibernate.orm.jdbc.bind              : binding parameter (1:BIGINT) <- [35]
17:30:30.225 DEBUG [           main] org.hibernate.SQL                        : 
    select
        p1_0.id_permiso,
        p1_0.accion,
        p1_0.modulo,
        p1_0.nombre 
    from
        public.permiso p1_0 
    where
        p1_0.id_permiso=?
Hibernate: 
    select
        p1_0.id_permiso,
        p1_0.accion,
        p1_0.modulo,
        p1_0.nombre 
    from
        public.permiso p1_0 
    where
        p1_0.id_permiso=?
17:30:30.226 TRACE [           main] org.hibernate.orm.jdbc.bind              : binding parameter (1:BIGINT) <- [36]
17:30:30.331 DEBUG [           main] org.hibernate.SQL                        : 
    select
        p1_0.id_permiso,
        p1_0.accion,
        p1_0.modulo,
        p1_0.nombre 
    from
        public.permiso p1_0 
    where
        p1_0.id_permiso=?
Hibernate: 
    select
        p1_0.id_permiso,
        p1_0.accion,
        p1_0.modulo,
        p1_0.nombre 
    from
        public.permiso p1_0 
    where
        p1_0.id_permiso=?
17:30:30.331 TRACE [           main] org.hibernate.orm.jdbc.bind              : binding parameter (1:BIGINT) <- [37]
17:30:30.431 DEBUG [           main] org.hibernate.SQL                        : 
    select
        p1_0.id_permiso,
        p1_0.accion,
        p1_0.modulo,
        p1_0.nombre 
    from
        public.permiso p1_0 
    where
        p1_0.id_permiso=?
Hibernate: 
    select
        p1_0.id_permiso,
        p1_0.accion,
        p1_0.modulo,
        p1_0.nombre 
    from
        public.permiso p1_0 
    where
        p1_0.id_permiso=?
17:30:30.431 TRACE [           main] org.hibernate.orm.jdbc.bind              : binding parameter (1:BIGINT) <- [38]
17:30:30.533 DEBUG [           main] org.hibernate.SQL                        : 
    select
        p1_0.id_permiso,
        p1_0.accion,
        p1_0.modulo,
        p1_0.nombre 
    from
        public.permiso p1_0 
    where
        p1_0.id_permiso=?
Hibernate: 
    select
        p1_0.id_permiso,
        p1_0.accion,
        p1_0.modulo,
        p1_0.nombre 
    from
        public.permiso p1_0 
    where
        p1_0.id_permiso=?
17:30:30.534 TRACE [           main] org.hibernate.orm.jdbc.bind              : binding parameter (1:BIGINT) <- [39]
17:30:30.637 DEBUG [           main] org.hibernate.SQL                        : 
    select
        p1_0.id_permiso,
        p1_0.accion,
        p1_0.modulo,
        p1_0.nombre 
    from
        public.permiso p1_0 
    where
        p1_0.id_permiso=?
Hibernate: 
    select
        p1_0.id_permiso,
        p1_0.accion,
        p1_0.modulo,
        p1_0.nombre 
    from
        public.permiso p1_0 
    where
        p1_0.id_permiso=?
17:30:30.638 TRACE [           main] org.hibernate.orm.jdbc.bind              : binding parameter (1:BIGINT) <- [40]
17:30:30.737 DEBUG [           main] org.hibernate.SQL                        : 
    select
        p1_0.id_permiso,
        p1_0.accion,
        p1_0.modulo,
        p1_0.nombre 
    from
        public.permiso p1_0 
    where
        p1_0.id_permiso=?
Hibernate: 
    select
        p1_0.id_permiso,
        p1_0.accion,
        p1_0.modulo,
        p1_0.nombre 
    from
        public.permiso p1_0 
    where
        p1_0.id_permiso=?
17:30:30.738 TRACE [           main] org.hibernate.orm.jdbc.bind              : binding parameter (1:BIGINT) <- [41]
17:30:30.838 DEBUG [           main] org.hibernate.SQL                        : 
    select
        p1_0.id_permiso,
        p1_0.accion,
        p1_0.modulo,
        p1_0.nombre 
    from
        public.permiso p1_0 
    where
        p1_0.id_permiso=?
Hibernate: 
    select
        p1_0.id_permiso,
        p1_0.accion,
        p1_0.modulo,
        p1_0.nombre 
    from
        public.permiso p1_0 
    where
        p1_0.id_permiso=?
17:30:30.839 TRACE [           main] org.hibernate.orm.jdbc.bind              : binding parameter (1:BIGINT) <- [42]
17:30:31.407 DEBUG [           main] o.s.s.a.dao.DaoAuthenticationProvider    : Failed to authenticate since password does not match stored value
17:30:31.408 DEBUG [           main] o.s.s.authentication.ProviderManager     : Authentication failed with provider DaoAuthenticationProvider since Bad credentials
17:30:31.411 WARN  [           main] c.c.c.exception.GlobalExceptionHandler   : Credenciales inválidas en '/api/v1/auth/login'
]]></system-out>
    <system-err><![CDATA[Mockito is currently self-attaching to enable the inline-mock-maker. This will no longer work in future releases of the JDK. Please add Mockito as an agent to your build as described in Mockito's documentation: https://javadoc.io/doc/org.mockito/mockito-core/latest/org.mockito/org/mockito/Mockito.html#0.3
WARNING: A Java agent has been loaded dynamically (/home/xavo/.m2/repository/net/bytebuddy/byte-buddy-agent/1.17.6/byte-buddy-agent-1.17.6.jar)
WARNING: If a serviceability tool is in use, please run with -XX:+EnableDynamicAgentLoading to hide this warning
WARNING: If a serviceability tool is not in use, please run with -Djdk.instrument.traceUsage for more information
WARNING: Dynamic loading of agents will be disallowed by default in a future release
]]></system-err>
  </testcase>
  <testcase name="jwtInvalido" classname="com.condominio.condominio_api.controller.AuthControllerTest" time="0.821">
    <system-out><![CDATA[17:30:32.098 DEBUG [           main] o.s.security.web.FilterChainProxy        : Securing GET /api/v1/roles
17:30:32.186 ERROR [           main] c.c.c.security.JwtAuthenticationFilter   : No se pudo autenticar el JWT: Malformed protected header JSON: Unable to deserialize: Unexpected character ('�' (code 65533 / 0xfffd)): expected a valid value (JSON String, Number, Array, Object or token 'null', 'true' or 'false')
 at [Source: REDACTED (`StreamReadFeature.INCLUDE_SOURCE_IN_LOCATION` disabled); line: 1, column: 1]
17:30:32.187 DEBUG [           main] o.s.s.w.a.AnonymousAuthenticationFilter  : Set SecurityContextHolder to anonymous SecurityContext
17:30:32.188 WARN  [           main] c.c.c.s.JwtAuthenticationEntryPoint      : Acceso no autorizado a '/api/v1/roles': Full authentication is required to access this resource
]]></system-out>
  </testcase>
  <testcase name="loginCorrecto" classname="com.condominio.condominio_api.controller.AuthControllerTest" time="5.599">
    <system-out><![CDATA[17:30:32.930 DEBUG [           main] o.s.security.web.FilterChainProxy        : Securing POST /api/v1/auth/login
17:30:32.931 DEBUG [           main] o.s.s.w.a.AnonymousAuthenticationFilter  : Set SecurityContextHolder to anonymous SecurityContext
17:30:32.931 DEBUG [           main] o.s.security.web.FilterChainProxy        : Secured POST /api/v1/auth/login
17:30:32.937 DEBUG [           main] org.hibernate.SQL                        : 
    select
        u1_0.id_usuario,
        u1_0.bloqueado_hasta,
        u1_0.estado,
        u1_0.fecha_creacion,
        u1_0.fecha_expiracion_token,
        u1_0.intentos_fallidos,
        u1_0.password_hash,
        u1_0.id_persona,
        p1_0.id_persona,
        p1_0.apellidos,
        p1_0.correo,
        p1_0.direccion,
        p1_0.estado,
        p1_0.fecha_nacimiento,
        p1_0.foto_perfil,
        p1_0.nombres,
        p1_0.numero_identificacion,
        p1_0.telefono,
        p1_0.tipo_identificacion,
        u1_0.token_recuperacion,
        u1_0.ultimo_login,
        u1_0.username,
        ur1_0.id_usuario,
        ur1_0.id_rol,
        ur1_0.fecha_asignacion,
        r1_0.id_rol,
        r1_0.descripcion,
        r1_0.nombre 
    from
        public.usuario u1_0 
    left join
        public.persona p1_0 
            on p1_0.id_persona=u1_0.id_persona 
    left join
        public.usuario_rol ur1_0 
            on u1_0.id_usuario=ur1_0.id_usuario 
    left join
        public.rol r1_0 
            on r1_0.id_rol=ur1_0.id_rol 
    where
        u1_0.username=?
Hibernate: 
    select
        u1_0.id_usuario,
        u1_0.bloqueado_hasta,
        u1_0.estado,
        u1_0.fecha_creacion,
        u1_0.fecha_expiracion_token,
        u1_0.intentos_fallidos,
        u1_0.password_hash,
        u1_0.id_persona,
        p1_0.id_persona,
        p1_0.apellidos,
        p1_0.correo,
        p1_0.direccion,
        p1_0.estado,
        p1_0.fecha_nacimiento,
        p1_0.foto_perfil,
        p1_0.nombres,
        p1_0.numero_identificacion,
        p1_0.telefono,
        p1_0.tipo_identificacion,
        u1_0.token_recuperacion,
        u1_0.ultimo_login,
        u1_0.username,
        ur1_0.id_usuario,
        ur1_0.id_rol,
        ur1_0.fecha_asignacion,
        r1_0.id_rol,
        r1_0.descripcion,
        r1_0.nombre 
    from
        public.usuario u1_0 
    left join
        public.persona p1_0 
            on p1_0.id_persona=u1_0.id_persona 
    left join
        public.usuario_rol ur1_0 
            on u1_0.id_usuario=ur1_0.id_usuario 
    left join
        public.rol r1_0 
            on r1_0.id_rol=ur1_0.id_rol 
    where
        u1_0.username=?
17:30:32.938 TRACE [           main] org.hibernate.orm.jdbc.bind              : binding parameter (1:VARCHAR) <- [admin]
17:30:33.040 DEBUG [           main] org.hibernate.SQL                        : 
    select
        rp1_0.id_rol,
        rp1_0.id_permiso 
    from
        public.rol_permiso rp1_0 
    where
        rp1_0.id_rol=?
Hibernate: 
    select
        rp1_0.id_rol,
        rp1_0.id_permiso 
    from
        public.rol_permiso rp1_0 
    where
        rp1_0.id_rol=?
17:30:33.040 TRACE [           main] org.hibernate.orm.jdbc.bind              : binding parameter (1:BIGINT) <- [1]
17:30:33.151 DEBUG [           main] org.hibernate.SQL                        : 
    select
        p1_0.id_permiso,
        p1_0.accion,
        p1_0.modulo,
        p1_0.nombre 
    from
        public.permiso p1_0 
    where
        p1_0.id_permiso=?
Hibernate: 
    select
        p1_0.id_permiso,
        p1_0.accion,
        p1_0.modulo,
        p1_0.nombre 
    from
        public.permiso p1_0 
    where
        p1_0.id_permiso=?
17:30:33.152 TRACE [           main] org.hibernate.orm.jdbc.bind              : binding parameter (1:BIGINT) <- [1]
17:30:33.253 DEBUG [           main] org.hibernate.SQL                        : 
    select
        p1_0.id_permiso,
        p1_0.accion,
        p1_0.modulo,
        p1_0.nombre 
    from
        public.permiso p1_0 
    where
        p1_0.id_permiso=?
Hibernate: 
    select
        p1_0.id_permiso,
        p1_0.accion,
        p1_0.modulo,
        p1_0.nombre 
    from
        public.permiso p1_0 
    where
        p1_0.id_permiso=?
17:30:33.254 TRACE [           main] org.hibernate.orm.jdbc.bind              : binding parameter (1:BIGINT) <- [2]
17:30:33.352 DEBUG [           main] org.hibernate.SQL                        : 
    select
        p1_0.id_permiso,
        p1_0.accion,
        p1_0.modulo,
        p1_0.nombre 
    from
        public.permiso p1_0 
    where
        p1_0.id_permiso=?
Hibernate: 
    select
        p1_0.id_permiso,
        p1_0.accion,
        p1_0.modulo,
        p1_0.nombre 
    from
        public.permiso p1_0 
    where
        p1_0.id_permiso=?
17:30:33.352 TRACE [           main] org.hibernate.orm.jdbc.bind              : binding parameter (1:BIGINT) <- [3]
17:30:33.451 DEBUG [           main] org.hibernate.SQL                        : 
    select
        p1_0.id_permiso,
        p1_0.accion,
        p1_0.modulo,
        p1_0.nombre 
    from
        public.permiso p1_0 
    where
        p1_0.id_permiso=?
Hibernate: 
    select
        p1_0.id_permiso,
        p1_0.accion,
        p1_0.modulo,
        p1_0.nombre 
    from
        public.permiso p1_0 
    where
        p1_0.id_permiso=?
17:30:33.451 TRACE [           main] org.hibernate.orm.jdbc.bind              : binding parameter (1:BIGINT) <- [4]
17:30:33.551 DEBUG [           main] org.hibernate.SQL                        : 
    select
        p1_0.id_permiso,
        p1_0.accion,
        p1_0.modulo,
        p1_0.nombre 
    from
        public.permiso p1_0 
    where
        p1_0.id_permiso=?
Hibernate: 
    select
        p1_0.id_permiso,
        p1_0.accion,
        p1_0.modulo,
        p1_0.nombre 
    from
        public.permiso p1_0 
    where
        p1_0.id_permiso=?
17:30:33.552 TRACE [           main] org.hibernate.orm.jdbc.bind              : binding parameter (1:BIGINT) <- [5]
17:30:33.654 DEBUG [           main] org.hibernate.SQL                        : 
    select
        p1_0.id_permiso,
        p1_0.accion,
        p1_0.modulo,
        p1_0.nombre 
    from
        public.permiso p1_0 
    where
        p1_0.id_permiso=?
Hibernate: 
    select
        p1_0.id_permiso,
        p1_0.accion,
        p1_0.modulo,
        p1_0.nombre 
    from
        public.permiso p1_0 
    where
        p1_0.id_permiso=?
17:30:33.655 TRACE [           main] org.hibernate.orm.jdbc.bind              : binding parameter (1:BIGINT) <- [6]
17:30:33.756 DEBUG [           main] org.hibernate.SQL                        : 
    select
        p1_0.id_permiso,
        p1_0.accion,
        p1_0.modulo,
        p1_0.nombre 
    from
        public.permiso p1_0 
    where
        p1_0.id_permiso=?
Hibernate: 
    select
        p1_0.id_permiso,
        p1_0.accion,
        p1_0.modulo,
        p1_0.nombre 
    from
        public.permiso p1_0 
    where
        p1_0.id_permiso=?
17:30:33.756 TRACE [           main] org.hibernate.orm.jdbc.bind              : binding parameter (1:BIGINT) <- [7]
17:30:33.854 DEBUG [           main] org.hibernate.SQL                        : 
    select
        p1_0.id_permiso,
        p1_0.accion,
        p1_0.modulo,
        p1_0.nombre 
    from
        public.permiso p1_0 
    where
        p1_0.id_permiso=?
Hibernate: 
    select
        p1_0.id_permiso,
        p1_0.accion,
        p1_0.modulo,
        p1_0.nombre 
    from
        public.permiso p1_0 
    where
        p1_0.id_permiso=?
17:30:33.855 TRACE [           main] org.hibernate.orm.jdbc.bind              : binding parameter (1:BIGINT) <- [8]
17:30:33.960 DEBUG [           main] org.hibernate.SQL                        : 
    select
        p1_0.id_permiso,
        p1_0.accion,
        p1_0.modulo,
        p1_0.nombre 
    from
        public.permiso p1_0 
    where
        p1_0.id_permiso=?
Hibernate: 
    select
        p1_0.id_permiso,
        p1_0.accion,
        p1_0.modulo,
        p1_0.nombre 
    from
        public.permiso p1_0 
    where
        p1_0.id_permiso=?
17:30:33.960 TRACE [           main] org.hibernate.orm.jdbc.bind              : binding parameter (1:BIGINT) <- [9]
17:30:34.056 DEBUG [           main] org.hibernate.SQL                        : 
    select
        p1_0.id_permiso,
        p1_0.accion,
        p1_0.modulo,
        p1_0.nombre 
    from
        public.permiso p1_0 
    where
        p1_0.id_permiso=?
Hibernate: 
    select
        p1_0.id_permiso,
        p1_0.accion,
        p1_0.modulo,
        p1_0.nombre 
    from
        public.permiso p1_0 
    where
        p1_0.id_permiso=?
17:30:34.057 TRACE [           main] org.hibernate.orm.jdbc.bind              : binding parameter (1:BIGINT) <- [10]
17:30:34.154 DEBUG [           main] org.hibernate.SQL                        : 
    select
        p1_0.id_permiso,
        p1_0.accion,
        p1_0.modulo,
        p1_0.nombre 
    from
        public.permiso p1_0 
    where
        p1_0.id_permiso=?
Hibernate: 
    select
        p1_0.id_permiso,
        p1_0.accion,
        p1_0.modulo,
        p1_0.nombre 
    from
        public.permiso p1_0 
    where
        p1_0.id_permiso=?
17:30:34.155 TRACE [           main] org.hibernate.orm.jdbc.bind              : binding parameter (1:BIGINT) <- [11]
17:30:34.257 DEBUG [           main] org.hibernate.SQL                        : 
    select
        p1_0.id_permiso,
        p1_0.accion,
        p1_0.modulo,
        p1_0.nombre 
    from
        public.permiso p1_0 
    where
        p1_0.id_permiso=?
Hibernate: 
    select
        p1_0.id_permiso,
        p1_0.accion,
        p1_0.modulo,
        p1_0.nombre 
    from
        public.permiso p1_0 
    where
        p1_0.id_permiso=?
17:30:34.257 TRACE [           main] org.hibernate.orm.jdbc.bind              : binding parameter (1:BIGINT) <- [12]
17:30:34.353 DEBUG [           main] org.hibernate.SQL                        : 
    select
        p1_0.id_permiso,
        p1_0.accion,
        p1_0.modulo,
        p1_0.nombre 
    from
        public.permiso p1_0 
    where
        p1_0.id_permiso=?
Hibernate: 
    select
        p1_0.id_permiso,
        p1_0.accion,
        p1_0.modulo,
        p1_0.nombre 
    from
        public.permiso p1_0 
    where
        p1_0.id_permiso=?
17:30:34.354 TRACE [           main] org.hibernate.orm.jdbc.bind              : binding parameter (1:BIGINT) <- [13]
17:30:34.450 DEBUG [           main] org.hibernate.SQL                        : 
    select
        p1_0.id_permiso,
        p1_0.accion,
        p1_0.modulo,
        p1_0.nombre 
    from
        public.permiso p1_0 
    where
        p1_0.id_permiso=?
Hibernate: 
    select
        p1_0.id_permiso,
        p1_0.accion,
        p1_0.modulo,
        p1_0.nombre 
    from
        public.permiso p1_0 
    where
        p1_0.id_permiso=?
17:30:34.450 TRACE [           main] org.hibernate.orm.jdbc.bind              : binding parameter (1:BIGINT) <- [14]
17:30:34.547 DEBUG [           main] org.hibernate.SQL                        : 
    select
        p1_0.id_permiso,
        p1_0.accion,
        p1_0.modulo,
        p1_0.nombre 
    from
        public.permiso p1_0 
    where
        p1_0.id_permiso=?
Hibernate: 
    select
        p1_0.id_permiso,
        p1_0.accion,
        p1_0.modulo,
        p1_0.nombre 
    from
        public.permiso p1_0 
    where
        p1_0.id_permiso=?
17:30:34.547 TRACE [           main] org.hibernate.orm.jdbc.bind              : binding parameter (1:BIGINT) <- [15]
17:30:34.646 DEBUG [           main] org.hibernate.SQL                        : 
    select
        p1_0.id_permiso,
        p1_0.accion,
        p1_0.modulo,
        p1_0.nombre 
    from
        public.permiso p1_0 
    where
        p1_0.id_permiso=?
Hibernate: 
    select
        p1_0.id_permiso,
        p1_0.accion,
        p1_0.modulo,
        p1_0.nombre 
    from
        public.permiso p1_0 
    where
        p1_0.id_permiso=?
17:30:34.646 TRACE [           main] org.hibernate.orm.jdbc.bind              : binding parameter (1:BIGINT) <- [16]
17:30:34.743 DEBUG [           main] org.hibernate.SQL                        : 
    select
        p1_0.id_permiso,
        p1_0.accion,
        p1_0.modulo,
        p1_0.nombre 
    from
        public.permiso p1_0 
    where
        p1_0.id_permiso=?
Hibernate: 
    select
        p1_0.id_permiso,
        p1_0.accion,
        p1_0.modulo,
        p1_0.nombre 
    from
        public.permiso p1_0 
    where
        p1_0.id_permiso=?
17:30:34.744 TRACE [           main] org.hibernate.orm.jdbc.bind              : binding parameter (1:BIGINT) <- [17]
17:30:34.842 DEBUG [           main] org.hibernate.SQL                        : 
    select
        p1_0.id_permiso,
        p1_0.accion,
        p1_0.modulo,
        p1_0.nombre 
    from
        public.permiso p1_0 
    where
        p1_0.id_permiso=?
Hibernate: 
    select
        p1_0.id_permiso,
        p1_0.accion,
        p1_0.modulo,
        p1_0.nombre 
    from
        public.permiso p1_0 
    where
        p1_0.id_permiso=?
17:30:34.842 TRACE [           main] org.hibernate.orm.jdbc.bind              : binding parameter (1:BIGINT) <- [18]
17:30:34.941 DEBUG [           main] org.hibernate.SQL                        : 
    select
        p1_0.id_permiso,
        p1_0.accion,
        p1_0.modulo,
        p1_0.nombre 
    from
        public.permiso p1_0 
    where
        p1_0.id_permiso=?
Hibernate: 
    select
        p1_0.id_permiso,
        p1_0.accion,
        p1_0.modulo,
        p1_0.nombre 
    from
        public.permiso p1_0 
    where
        p1_0.id_permiso=?
17:30:34.942 TRACE [           main] org.hibernate.orm.jdbc.bind              : binding parameter (1:BIGINT) <- [19]
17:30:35.041 DEBUG [           main] org.hibernate.SQL                        : 
    select
        p1_0.id_permiso,
        p1_0.accion,
        p1_0.modulo,
        p1_0.nombre 
    from
        public.permiso p1_0 
    where
        p1_0.id_permiso=?
Hibernate: 
    select
        p1_0.id_permiso,
        p1_0.accion,
        p1_0.modulo,
        p1_0.nombre 
    from
        public.permiso p1_0 
    where
        p1_0.id_permiso=?
17:30:35.041 TRACE [           main] org.hibernate.orm.jdbc.bind              : binding parameter (1:BIGINT) <- [20]
17:30:35.140 DEBUG [           main] org.hibernate.SQL                        : 
    select
        p1_0.id_permiso,
        p1_0.accion,
        p1_0.modulo,
        p1_0.nombre 
    from
        public.permiso p1_0 
    where
        p1_0.id_permiso=?
Hibernate: 
    select
        p1_0.id_permiso,
        p1_0.accion,
        p1_0.modulo,
        p1_0.nombre 
    from
        public.permiso p1_0 
    where
        p1_0.id_permiso=?
17:30:35.141 TRACE [           main] org.hibernate.orm.jdbc.bind              : binding parameter (1:BIGINT) <- [21]
17:30:35.241 DEBUG [           main] org.hibernate.SQL                        : 
    select
        p1_0.id_permiso,
        p1_0.accion,
        p1_0.modulo,
        p1_0.nombre 
    from
        public.permiso p1_0 
    where
        p1_0.id_permiso=?
Hibernate: 
    select
        p1_0.id_permiso,
        p1_0.accion,
        p1_0.modulo,
        p1_0.nombre 
    from
        public.permiso p1_0 
    where
        p1_0.id_permiso=?
17:30:35.242 TRACE [           main] org.hibernate.orm.jdbc.bind              : binding parameter (1:BIGINT) <- [22]
17:30:35.338 DEBUG [           main] org.hibernate.SQL                        : 
    select
        p1_0.id_permiso,
        p1_0.accion,
        p1_0.modulo,
        p1_0.nombre 
    from
        public.permiso p1_0 
    where
        p1_0.id_permiso=?
Hibernate: 
    select
        p1_0.id_permiso,
        p1_0.accion,
        p1_0.modulo,
        p1_0.nombre 
    from
        public.permiso p1_0 
    where
        p1_0.id_permiso=?
17:30:35.339 TRACE [           main] org.hibernate.orm.jdbc.bind              : binding parameter (1:BIGINT) <- [23]
17:30:35.437 DEBUG [           main] org.hibernate.SQL                        : 
    select
        p1_0.id_permiso,
        p1_0.accion,
        p1_0.modulo,
        p1_0.nombre 
    from
        public.permiso p1_0 
    where
        p1_0.id_permiso=?
Hibernate: 
    select
        p1_0.id_permiso,
        p1_0.accion,
        p1_0.modulo,
        p1_0.nombre 
    from
        public.permiso p1_0 
    where
        p1_0.id_permiso=?
17:30:35.438 TRACE [           main] org.hibernate.orm.jdbc.bind              : binding parameter (1:BIGINT) <- [24]
17:30:35.537 DEBUG [           main] org.hibernate.SQL                        : 
    select
        p1_0.id_permiso,
        p1_0.accion,
        p1_0.modulo,
        p1_0.nombre 
    from
        public.permiso p1_0 
    where
        p1_0.id_permiso=?
Hibernate: 
    select
        p1_0.id_permiso,
        p1_0.accion,
        p1_0.modulo,
        p1_0.nombre 
    from
        public.permiso p1_0 
    where
        p1_0.id_permiso=?
17:30:35.537 TRACE [           main] org.hibernate.orm.jdbc.bind              : binding parameter (1:BIGINT) <- [25]
17:30:35.634 DEBUG [           main] org.hibernate.SQL                        : 
    select
        p1_0.id_permiso,
        p1_0.accion,
        p1_0.modulo,
        p1_0.nombre 
    from
        public.permiso p1_0 
    where
        p1_0.id_permiso=?
Hibernate: 
    select
        p1_0.id_permiso,
        p1_0.accion,
        p1_0.modulo,
        p1_0.nombre 
    from
        public.permiso p1_0 
    where
        p1_0.id_permiso=?
17:30:35.635 TRACE [           main] org.hibernate.orm.jdbc.bind              : binding parameter (1:BIGINT) <- [26]
17:30:35.734 DEBUG [           main] org.hibernate.SQL                        : 
    select
        p1_0.id_permiso,
        p1_0.accion,
        p1_0.modulo,
        p1_0.nombre 
    from
        public.permiso p1_0 
    where
        p1_0.id_permiso=?
Hibernate: 
    select
        p1_0.id_permiso,
        p1_0.accion,
        p1_0.modulo,
        p1_0.nombre 
    from
        public.permiso p1_0 
    where
        p1_0.id_permiso=?
17:30:35.734 TRACE [           main] org.hibernate.orm.jdbc.bind              : binding parameter (1:BIGINT) <- [27]
17:30:35.838 DEBUG [           main] org.hibernate.SQL                        : 
    select
        p1_0.id_permiso,
        p1_0.accion,
        p1_0.modulo,
        p1_0.nombre 
    from
        public.permiso p1_0 
    where
        p1_0.id_permiso=?
Hibernate: 
    select
        p1_0.id_permiso,
        p1_0.accion,
        p1_0.modulo,
        p1_0.nombre 
    from
        public.permiso p1_0 
    where
        p1_0.id_permiso=?
17:30:35.839 TRACE [           main] org.hibernate.orm.jdbc.bind              : binding parameter (1:BIGINT) <- [28]
17:30:35.940 DEBUG [           main] org.hibernate.SQL                        : 
    select
        p1_0.id_permiso,
        p1_0.accion,
        p1_0.modulo,
        p1_0.nombre 
    from
        public.permiso p1_0 
    where
        p1_0.id_permiso=?
Hibernate: 
    select
        p1_0.id_permiso,
        p1_0.accion,
        p1_0.modulo,
        p1_0.nombre 
    from
        public.permiso p1_0 
    where
        p1_0.id_permiso=?
17:30:35.941 TRACE [           main] org.hibernate.orm.jdbc.bind              : binding parameter (1:BIGINT) <- [29]
17:30:36.041 DEBUG [           main] org.hibernate.SQL                        : 
    select
        p1_0.id_permiso,
        p1_0.accion,
        p1_0.modulo,
        p1_0.nombre 
    from
        public.permiso p1_0 
    where
        p1_0.id_permiso=?
Hibernate: 
    select
        p1_0.id_permiso,
        p1_0.accion,
        p1_0.modulo,
        p1_0.nombre 
    from
        public.permiso p1_0 
    where
        p1_0.id_permiso=?
17:30:36.041 TRACE [           main] org.hibernate.orm.jdbc.bind              : binding parameter (1:BIGINT) <- [30]
17:30:36.138 DEBUG [           main] org.hibernate.SQL                        : 
    select
        p1_0.id_permiso,
        p1_0.accion,
        p1_0.modulo,
        p1_0.nombre 
    from
        public.permiso p1_0 
    where
        p1_0.id_permiso=?
Hibernate: 
    select
        p1_0.id_permiso,
        p1_0.accion,
        p1_0.modulo,
        p1_0.nombre 
    from
        public.permiso p1_0 
    where
        p1_0.id_permiso=?
17:30:36.138 TRACE [           main] org.hibernate.orm.jdbc.bind              : binding parameter (1:BIGINT) <- [31]
17:30:36.237 DEBUG [           main] org.hibernate.SQL                        : 
    select
        p1_0.id_permiso,
        p1_0.accion,
        p1_0.modulo,
        p1_0.nombre 
    from
        public.permiso p1_0 
    where
        p1_0.id_permiso=?
Hibernate: 
    select
        p1_0.id_permiso,
        p1_0.accion,
        p1_0.modulo,
        p1_0.nombre 
    from
        public.permiso p1_0 
    where
        p1_0.id_permiso=?
17:30:36.238 TRACE [           main] org.hibernate.orm.jdbc.bind              : binding parameter (1:BIGINT) <- [32]
17:30:36.335 DEBUG [           main] org.hibernate.SQL                        : 
    select
        p1_0.id_permiso,
        p1_0.accion,
        p1_0.modulo,
        p1_0.nombre 
    from
        public.permiso p1_0 
    where
        p1_0.id_permiso=?
Hibernate: 
    select
        p1_0.id_permiso,
        p1_0.accion,
        p1_0.modulo,
        p1_0.nombre 
    from
        public.permiso p1_0 
    where
        p1_0.id_permiso=?
17:30:36.335 TRACE [           main] org.hibernate.orm.jdbc.bind              : binding parameter (1:BIGINT) <- [33]
17:30:36.432 DEBUG [           main] org.hibernate.SQL                        : 
    select
        p1_0.id_permiso,
        p1_0.accion,
        p1_0.modulo,
        p1_0.nombre 
    from
        public.permiso p1_0 
    where
        p1_0.id_permiso=?
Hibernate: 
    select
        p1_0.id_permiso,
        p1_0.accion,
        p1_0.modulo,
        p1_0.nombre 
    from
        public.permiso p1_0 
    where
        p1_0.id_permiso=?
17:30:36.432 TRACE [           main] org.hibernate.orm.jdbc.bind              : binding parameter (1:BIGINT) <- [34]
17:30:36.531 DEBUG [           main] org.hibernate.SQL                        : 
    select
        p1_0.id_permiso,
        p1_0.accion,
        p1_0.modulo,
        p1_0.nombre 
    from
        public.permiso p1_0 
    where
        p1_0.id_permiso=?
Hibernate: 
    select
        p1_0.id_permiso,
        p1_0.accion,
        p1_0.modulo,
        p1_0.nombre 
    from
        public.permiso p1_0 
    where
        p1_0.id_permiso=?
17:30:36.532 TRACE [           main] org.hibernate.orm.jdbc.bind              : binding parameter (1:BIGINT) <- [35]
17:30:36.631 DEBUG [           main] org.hibernate.SQL                        : 
    select
        p1_0.id_permiso,
        p1_0.accion,
        p1_0.modulo,
        p1_0.nombre 
    from
        public.permiso p1_0 
    where
        p1_0.id_permiso=?
Hibernate: 
    select
        p1_0.id_permiso,
        p1_0.accion,
        p1_0.modulo,
        p1_0.nombre 
    from
        public.permiso p1_0 
    where
        p1_0.id_permiso=?
17:30:36.632 TRACE [           main] org.hibernate.orm.jdbc.bind              : binding parameter (1:BIGINT) <- [36]
17:30:36.730 DEBUG [           main] org.hibernate.SQL                        : 
    select
        p1_0.id_permiso,
        p1_0.accion,
        p1_0.modulo,
        p1_0.nombre 
    from
        public.permiso p1_0 
    where
        p1_0.id_permiso=?
Hibernate: 
    select
        p1_0.id_permiso,
        p1_0.accion,
        p1_0.modulo,
        p1_0.nombre 
    from
        public.permiso p1_0 
    where
        p1_0.id_permiso=?
17:30:36.731 TRACE [           main] org.hibernate.orm.jdbc.bind              : binding parameter (1:BIGINT) <- [37]
17:30:36.829 DEBUG [           main] org.hibernate.SQL                        : 
    select
        p1_0.id_permiso,
        p1_0.accion,
        p1_0.modulo,
        p1_0.nombre 
    from
        public.permiso p1_0 
    where
        p1_0.id_permiso=?
Hibernate: 
    select
        p1_0.id_permiso,
        p1_0.accion,
        p1_0.modulo,
        p1_0.nombre 
    from
        public.permiso p1_0 
    where
        p1_0.id_permiso=?
17:30:36.829 TRACE [           main] org.hibernate.orm.jdbc.bind              : binding parameter (1:BIGINT) <- [38]
17:30:36.929 DEBUG [           main] org.hibernate.SQL                        : 
    select
        p1_0.id_permiso,
        p1_0.accion,
        p1_0.modulo,
        p1_0.nombre 
    from
        public.permiso p1_0 
    where
        p1_0.id_permiso=?
Hibernate: 
    select
        p1_0.id_permiso,
        p1_0.accion,
        p1_0.modulo,
        p1_0.nombre 
    from
        public.permiso p1_0 
    where
        p1_0.id_permiso=?
17:30:36.930 TRACE [           main] org.hibernate.orm.jdbc.bind              : binding parameter (1:BIGINT) <- [39]
17:30:37.032 DEBUG [           main] org.hibernate.SQL                        : 
    select
        p1_0.id_permiso,
        p1_0.accion,
        p1_0.modulo,
        p1_0.nombre 
    from
        public.permiso p1_0 
    where
        p1_0.id_permiso=?
Hibernate: 
    select
        p1_0.id_permiso,
        p1_0.accion,
        p1_0.modulo,
        p1_0.nombre 
    from
        public.permiso p1_0 
    where
        p1_0.id_permiso=?
17:30:37.032 TRACE [           main] org.hibernate.orm.jdbc.bind              : binding parameter (1:BIGINT) <- [40]
17:30:37.128 DEBUG [           main] org.hibernate.SQL                        : 
    select
        p1_0.id_permiso,
        p1_0.accion,
        p1_0.modulo,
        p1_0.nombre 
    from
        public.permiso p1_0 
    where
        p1_0.id_permiso=?
Hibernate: 
    select
        p1_0.id_permiso,
        p1_0.accion,
        p1_0.modulo,
        p1_0.nombre 
    from
        public.permiso p1_0 
    where
        p1_0.id_permiso=?
17:30:37.129 TRACE [           main] org.hibernate.orm.jdbc.bind              : binding parameter (1:BIGINT) <- [41]
17:30:37.226 DEBUG [           main] org.hibernate.SQL                        : 
    select
        p1_0.id_permiso,
        p1_0.accion,
        p1_0.modulo,
        p1_0.nombre 
    from
        public.permiso p1_0 
    where
        p1_0.id_permiso=?
Hibernate: 
    select
        p1_0.id_permiso,
        p1_0.accion,
        p1_0.modulo,
        p1_0.nombre 
    from
        public.permiso p1_0 
    where
        p1_0.id_permiso=?
17:30:37.226 TRACE [           main] org.hibernate.orm.jdbc.bind              : binding parameter (1:BIGINT) <- [42]
17:30:37.763 DEBUG [           main] o.s.s.a.dao.DaoAuthenticationProvider    : Authenticated user
17:30:37.763 INFO  [           main] c.c.c.service.impl.AuthServiceImpl       : Login exitoso para usuario: admin
]]></system-out>
  </testcase>
  <testcase name="refreshTokenValido" classname="com.condominio.condominio_api.controller.AuthControllerTest" time="6.106">
    <system-out><![CDATA[17:30:38.588 DEBUG [           main] o.s.security.web.FilterChainProxy        : Securing POST /api/v1/auth/login
17:30:38.589 DEBUG [           main] o.s.s.w.a.AnonymousAuthenticationFilter  : Set SecurityContextHolder to anonymous SecurityContext
17:30:38.589 DEBUG [           main] o.s.security.web.FilterChainProxy        : Secured POST /api/v1/auth/login
17:30:38.593 DEBUG [           main] org.hibernate.SQL                        : 
    select
        u1_0.id_usuario,
        u1_0.bloqueado_hasta,
        u1_0.estado,
        u1_0.fecha_creacion,
        u1_0.fecha_expiracion_token,
        u1_0.intentos_fallidos,
        u1_0.password_hash,
        u1_0.id_persona,
        p1_0.id_persona,
        p1_0.apellidos,
        p1_0.correo,
        p1_0.direccion,
        p1_0.estado,
        p1_0.fecha_nacimiento,
        p1_0.foto_perfil,
        p1_0.nombres,
        p1_0.numero_identificacion,
        p1_0.telefono,
        p1_0.tipo_identificacion,
        u1_0.token_recuperacion,
        u1_0.ultimo_login,
        u1_0.username,
        ur1_0.id_usuario,
        ur1_0.id_rol,
        ur1_0.fecha_asignacion,
        r1_0.id_rol,
        r1_0.descripcion,
        r1_0.nombre 
    from
        public.usuario u1_0 
    left join
        public.persona p1_0 
            on p1_0.id_persona=u1_0.id_persona 
    left join
        public.usuario_rol ur1_0 
            on u1_0.id_usuario=ur1_0.id_usuario 
    left join
        public.rol r1_0 
            on r1_0.id_rol=ur1_0.id_rol 
    where
        u1_0.username=?
Hibernate: 
    select
        u1_0.id_usuario,
        u1_0.bloqueado_hasta,
        u1_0.estado,
        u1_0.fecha_creacion,
        u1_0.fecha_expiracion_token,
        u1_0.intentos_fallidos,
        u1_0.password_hash,
        u1_0.id_persona,
        p1_0.id_persona,
        p1_0.apellidos,
        p1_0.correo,
        p1_0.direccion,
        p1_0.estado,
        p1_0.fecha_nacimiento,
        p1_0.foto_perfil,
        p1_0.nombres,
        p1_0.numero_identificacion,
        p1_0.telefono,
        p1_0.tipo_identificacion,
        u1_0.token_recuperacion,
        u1_0.ultimo_login,
        u1_0.username,
        ur1_0.id_usuario,
        ur1_0.id_rol,
        ur1_0.fecha_asignacion,
        r1_0.id_rol,
        r1_0.descripcion,
        r1_0.nombre 
    from
        public.usuario u1_0 
    left join
        public.persona p1_0 
            on p1_0.id_persona=u1_0.id_persona 
    left join
        public.usuario_rol ur1_0 
            on u1_0.id_usuario=ur1_0.id_usuario 
    left join
        public.rol r1_0 
            on r1_0.id_rol=ur1_0.id_rol 
    where
        u1_0.username=?
17:30:38.594 TRACE [           main] org.hibernate.orm.jdbc.bind              : binding parameter (1:VARCHAR) <- [admin]
17:30:38.729 DEBUG [           main] org.hibernate.SQL                        : 
    select
        rp1_0.id_rol,
        rp1_0.id_permiso 
    from
        public.rol_permiso rp1_0 
    where
        rp1_0.id_rol=?
Hibernate: 
    select
        rp1_0.id_rol,
        rp1_0.id_permiso 
    from
        public.rol_permiso rp1_0 
    where
        rp1_0.id_rol=?
17:30:38.730 TRACE [           main] org.hibernate.orm.jdbc.bind              : binding parameter (1:BIGINT) <- [1]
17:30:38.844 DEBUG [           main] org.hibernate.SQL                        : 
    select
        p1_0.id_permiso,
        p1_0.accion,
        p1_0.modulo,
        p1_0.nombre 
    from
        public.permiso p1_0 
    where
        p1_0.id_permiso=?
Hibernate: 
    select
        p1_0.id_permiso,
        p1_0.accion,
        p1_0.modulo,
        p1_0.nombre 
    from
        public.permiso p1_0 
    where
        p1_0.id_permiso=?
17:30:38.844 TRACE [           main] org.hibernate.orm.jdbc.bind              : binding parameter (1:BIGINT) <- [1]
17:30:38.945 DEBUG [           main] org.hibernate.SQL                        : 
    select
        p1_0.id_permiso,
        p1_0.accion,
        p1_0.modulo,
        p1_0.nombre 
    from
        public.permiso p1_0 
    where
        p1_0.id_permiso=?
Hibernate: 
    select
        p1_0.id_permiso,
        p1_0.accion,
        p1_0.modulo,
        p1_0.nombre 
    from
        public.permiso p1_0 
    where
        p1_0.id_permiso=?
17:30:38.945 TRACE [           main] org.hibernate.orm.jdbc.bind              : binding parameter (1:BIGINT) <- [2]
17:30:39.045 DEBUG [           main] org.hibernate.SQL                        : 
    select
        p1_0.id_permiso,
        p1_0.accion,
        p1_0.modulo,
        p1_0.nombre 
    from
        public.permiso p1_0 
    where
        p1_0.id_permiso=?
Hibernate: 
    select
        p1_0.id_permiso,
        p1_0.accion,
        p1_0.modulo,
        p1_0.nombre 
    from
        public.permiso p1_0 
    where
        p1_0.id_permiso=?
17:30:39.045 TRACE [           main] org.hibernate.orm.jdbc.bind              : binding parameter (1:BIGINT) <- [3]
17:30:39.143 DEBUG [           main] org.hibernate.SQL                        : 
    select
        p1_0.id_permiso,
        p1_0.accion,
        p1_0.modulo,
        p1_0.nombre 
    from
        public.permiso p1_0 
    where
        p1_0.id_permiso=?
Hibernate: 
    select
        p1_0.id_permiso,
        p1_0.accion,
        p1_0.modulo,
        p1_0.nombre 
    from
        public.permiso p1_0 
    where
        p1_0.id_permiso=?
17:30:39.143 TRACE [           main] org.hibernate.orm.jdbc.bind              : binding parameter (1:BIGINT) <- [4]
17:30:39.346 DEBUG [           main] org.hibernate.SQL                        : 
    select
        p1_0.id_permiso,
        p1_0.accion,
        p1_0.modulo,
        p1_0.nombre 
    from
        public.permiso p1_0 
    where
        p1_0.id_permiso=?
Hibernate: 
    select
        p1_0.id_permiso,
        p1_0.accion,
        p1_0.modulo,
        p1_0.nombre 
    from
        public.permiso p1_0 
    where
        p1_0.id_permiso=?
17:30:39.347 TRACE [           main] org.hibernate.orm.jdbc.bind              : binding parameter (1:BIGINT) <- [5]
17:30:39.450 DEBUG [           main] org.hibernate.SQL                        : 
    select
        p1_0.id_permiso,
        p1_0.accion,
        p1_0.modulo,
[...]
        p1_0.modulo,
        p1_0.nombre 
    from
        public.permiso p1_0 
    where
        p1_0.id_permiso=?
17:30:48.800 TRACE [           main] org.hibernate.orm.jdbc.bind              : binding parameter (1:BIGINT) <- [15]
17:30:48.900 DEBUG [           main] org.hibernate.SQL                        : 
    select
        p1_0.id_permiso,
        p1_0.accion,
        p1_0.modulo,
        p1_0.nombre 
    from
        public.permiso p1_0 
    where
        p1_0.id_permiso=?
Hibernate: 
    select
        p1_0.id_permiso,
        p1_0.accion,
        p1_0.modulo,
        p1_0.nombre 
    from
        public.permiso p1_0 
    where
        p1_0.id_permiso=?
17:30:48.901 TRACE [           main] org.hibernate.orm.jdbc.bind              : binding parameter (1:BIGINT) <- [16]
17:30:48.999 DEBUG [           main] org.hibernate.SQL                        : 
    select
        p1_0.id_permiso,
        p1_0.accion,
        p1_0.modulo,
        p1_0.nombre 
    from
        public.permiso p1_0 
    where
        p1_0.id_permiso=?
Hibernate: 
    select
        p1_0.id_permiso,
        p1_0.accion,
        p1_0.modulo,
        p1_0.nombre 
    from
        public.permiso p1_0 
    where
        p1_0.id_permiso=?
17:30:49.000 TRACE [           main] org.hibernate.orm.jdbc.bind              : binding parameter (1:BIGINT) <- [17]
17:30:49.100 DEBUG [           main] org.hibernate.SQL                        : 
    select
        p1_0.id_permiso,
        p1_0.accion,
        p1_0.modulo,
        p1_0.nombre 
    from
        public.permiso p1_0 
    where
        p1_0.id_permiso=?
Hibernate: 
    select
        p1_0.id_permiso,
        p1_0.accion,
        p1_0.modulo,
        p1_0.nombre 
    from
        public.permiso p1_0 
    where
        p1_0.id_permiso=?
17:30:49.100 TRACE [           main] org.hibernate.orm.jdbc.bind              : binding parameter (1:BIGINT) <- [18]
17:30:49.196 DEBUG [           main] org.hibernate.SQL                        : 
    select
        p1_0.id_permiso,
        p1_0.accion,
        p1_0.modulo,
        p1_0.nombre 
    from
        public.permiso p1_0 
    where
        p1_0.id_permiso=?
Hibernate: 
    select
        p1_0.id_permiso,
        p1_0.accion,
        p1_0.modulo,
        p1_0.nombre 
    from
        public.permiso p1_0 
    where
        p1_0.id_permiso=?
17:30:49.197 TRACE [           main] org.hibernate.orm.jdbc.bind              : binding parameter (1:BIGINT) <- [19]
17:30:49.293 DEBUG [           main] org.hibernate.SQL                        : 
    select
        p1_0.id_permiso,
        p1_0.accion,
        p1_0.modulo,
        p1_0.nombre 
    from
        public.permiso p1_0 
    where
        p1_0.id_permiso=?
Hibernate: 
    select
        p1_0.id_permiso,
        p1_0.accion,
        p1_0.modulo,
        p1_0.nombre 
    from
        public.permiso p1_0 
    where
        p1_0.id_permiso=?
17:30:49.293 TRACE [           main] org.hibernate.orm.jdbc.bind              : binding parameter (1:BIGINT) <- [20]
17:30:49.391 DEBUG [           main] org.hibernate.SQL                        : 
    select
        p1_0.id_permiso,
        p1_0.accion,
        p1_0.modulo,
        p1_0.nombre 
    from
        public.permiso p1_0 
    where
        p1_0.id_permiso=?
Hibernate: 
    select
        p1_0.id_permiso,
        p1_0.accion,
        p1_0.modulo,
        p1_0.nombre 
    from
        public.permiso p1_0 
    where
        p1_0.id_permiso=?
17:30:49.392 TRACE [           main] org.hibernate.orm.jdbc.bind              : binding parameter (1:BIGINT) <- [21]
17:30:49.487 DEBUG [           main] org.hibernate.SQL                        : 
    select
        p1_0.id_permiso,
        p1_0.accion,
        p1_0.modulo,
        p1_0.nombre 
    from
        public.permiso p1_0 
    where
        p1_0.id_permiso=?
Hibernate: 
    select
        p1_0.id_permiso,
        p1_0.accion,
        p1_0.modulo,
        p1_0.nombre 
    from
        public.permiso p1_0 
    where
        p1_0.id_permiso=?
17:30:49.487 TRACE [           main] org.hibernate.orm.jdbc.bind              : binding parameter (1:BIGINT) <- [22]
17:30:49.586 DEBUG [           main] org.hibernate.SQL                        : 
    select
        p1_0.id_permiso,
        p1_0.accion,
        p1_0.modulo,
        p1_0.nombre 
    from
        public.permiso p1_0 
    where
        p1_0.id_permiso=?
Hibernate: 
    select
        p1_0.id_permiso,
        p1_0.accion,
        p1_0.modulo,
        p1_0.nombre 
    from
        public.permiso p1_0 
    where
        p1_0.id_permiso=?
17:30:49.586 TRACE [           main] org.hibernate.orm.jdbc.bind              : binding parameter (1:BIGINT) <- [23]
17:30:49.686 DEBUG [           main] org.hibernate.SQL                        : 
    select
        p1_0.id_permiso,
        p1_0.accion,
        p1_0.modulo,
        p1_0.nombre 
    from
        public.permiso p1_0 
    where
        p1_0.id_permiso=?
Hibernate: 
    select
        p1_0.id_permiso,
        p1_0.accion,
        p1_0.modulo,
        p1_0.nombre 
    from
        public.permiso p1_0 
    where
        p1_0.id_permiso=?
17:30:49.686 TRACE [           main] org.hibernate.orm.jdbc.bind              : binding parameter (1:BIGINT) <- [24]
17:30:49.787 DEBUG [           main] org.hibernate.SQL                        : 
    select
        p1_0.id_permiso,
        p1_0.accion,
        p1_0.modulo,
        p1_0.nombre 
    from
        public.permiso p1_0 
    where
        p1_0.id_permiso=?
Hibernate: 
    select
        p1_0.id_permiso,
        p1_0.accion,
        p1_0.modulo,
        p1_0.nombre 
    from
        public.permiso p1_0 
    where
        p1_0.id_permiso=?
17:30:49.787 TRACE [           main] org.hibernate.orm.jdbc.bind              : binding parameter (1:BIGINT) <- [25]
17:30:49.888 DEBUG [           main] org.hibernate.SQL                        : 
    select
        p1_0.id_permiso,
        p1_0.accion,
        p1_0.modulo,
        p1_0.nombre 
    from
        public.permiso p1_0 
    where
        p1_0.id_permiso=?
Hibernate: 
    select
        p1_0.id_permiso,
        p1_0.accion,
        p1_0.modulo,
        p1_0.nombre 
    from
        public.permiso p1_0 
    where
        p1_0.id_permiso=?
17:30:49.889 TRACE [           main] org.hibernate.orm.jdbc.bind              : binding parameter (1:BIGINT) <- [26]
17:30:49.990 DEBUG [           main] org.hibernate.SQL                        : 
    select
        p1_0.id_permiso,
        p1_0.accion,
        p1_0.modulo,
        p1_0.nombre 
    from
        public.permiso p1_0 
    where
        p1_0.id_permiso=?
Hibernate: 
    select
        p1_0.id_permiso,
        p1_0.accion,
        p1_0.modulo,
        p1_0.nombre 
    from
        public.permiso p1_0 
    where
        p1_0.id_permiso=?
17:30:49.990 TRACE [           main] org.hibernate.orm.jdbc.bind              : binding parameter (1:BIGINT) <- [27]
17:30:50.092 DEBUG [           main] org.hibernate.SQL                        : 
    select
        p1_0.id_permiso,
        p1_0.accion,
        p1_0.modulo,
        p1_0.nombre 
    from
        public.permiso p1_0 
    where
        p1_0.id_permiso=?
Hibernate: 
    select
        p1_0.id_permiso,
        p1_0.accion,
        p1_0.modulo,
        p1_0.nombre 
    from
        public.permiso p1_0 
    where
        p1_0.id_permiso=?
17:30:50.093 TRACE [           main] org.hibernate.orm.jdbc.bind              : binding parameter (1:BIGINT) <- [28]
17:30:50.300 DEBUG [           main] org.hibernate.SQL                        : 
    select
        p1_0.id_permiso,
        p1_0.accion,
        p1_0.modulo,
        p1_0.nombre 
    from
        public.permiso p1_0 
    where
        p1_0.id_permiso=?
Hibernate: 
    select
        p1_0.id_permiso,
        p1_0.accion,
        p1_0.modulo,
        p1_0.nombre 
    from
        public.permiso p1_0 
    where
        p1_0.id_permiso=?
17:30:50.300 TRACE [           main] org.hibernate.orm.jdbc.bind              : binding parameter (1:BIGINT) <- [29]
17:30:50.399 DEBUG [           main] org.hibernate.SQL                        : 
    select
        p1_0.id_permiso,
        p1_0.accion,
        p1_0.modulo,
        p1_0.nombre 
    from
        public.permiso p1_0 
    where
        p1_0.id_permiso=?
Hibernate: 
    select
        p1_0.id_permiso,
        p1_0.accion,
        p1_0.modulo,
        p1_0.nombre 
    from
        public.permiso p1_0 
    where
        p1_0.id_permiso=?
17:30:50.399 TRACE [           main] org.hibernate.orm.jdbc.bind              : binding parameter (1:BIGINT) <- [30]
17:30:50.498 DEBUG [           main] org.hibernate.SQL                        : 
    select
        p1_0.id_permiso,
        p1_0.accion,
        p1_0.modulo,
        p1_0.nombre 
    from
        public.permiso p1_0 
    where
        p1_0.id_permiso=?
Hibernate: 
    select
        p1_0.id_permiso,
        p1_0.accion,
        p1_0.modulo,
        p1_0.nombre 
    from
        public.permiso p1_0 
    where
        p1_0.id_permiso=?
17:30:50.498 TRACE [           main] org.hibernate.orm.jdbc.bind              : binding parameter (1:BIGINT) <- [31]
17:30:50.595 DEBUG [           main] org.hibernate.SQL                        : 
    select
        p1_0.id_permiso,
        p1_0.accion,
        p1_0.modulo,
        p1_0.nombre 
    from
        public.permiso p1_0 
    where
        p1_0.id_permiso=?
Hibernate: 
    select
        p1_0.id_permiso,
        p1_0.accion,
        p1_0.modulo,
        p1_0.nombre 
    from
        public.permiso p1_0 
    where
        p1_0.id_permiso=?
17:30:50.595 TRACE [           main] org.hibernate.orm.jdbc.bind              : binding parameter (1:BIGINT) <- [32]
17:30:50.698 DEBUG [           main] org.hibernate.SQL                        : 
    select
        p1_0.id_permiso,
        p1_0.accion,
        p1_0.modulo,
        p1_0.nombre 
    from
        public.permiso p1_0 
    where
        p1_0.id_permiso=?
Hibernate: 
    select
        p1_0.id_permiso,
        p1_0.accion,
        p1_0.modulo,
        p1_0.nombre 
    from
        public.permiso p1_0 
    where
        p1_0.id_permiso=?
17:30:50.698 TRACE [           main] org.hibernate.orm.jdbc.bind              : binding parameter (1:BIGINT) <- [33]
17:30:50.797 DEBUG [           main] org.hibernate.SQL                        : 
    select
        p1_0.id_permiso,
        p1_0.accion,
        p1_0.modulo,
        p1_0.nombre 
    from
        public.permiso p1_0 
    where
        p1_0.id_permiso=?
Hibernate: 
    select
        p1_0.id_permiso,
        p1_0.accion,
        p1_0.modulo,
        p1_0.nombre 
    from
        public.permiso p1_0 
    where
        p1_0.id_permiso=?
17:30:50.798 TRACE [           main] org.hibernate.orm.jdbc.bind              : binding parameter (1:BIGINT) <- [34]
17:30:50.895 DEBUG [           main] org.hibernate.SQL                        : 
    select
        p1_0.id_permiso,
        p1_0.accion,
        p1_0.modulo,
        p1_0.nombre 
    from
        public.permiso p1_0 
    where
        p1_0.id_permiso=?
Hibernate: 
    select
        p1_0.id_permiso,
        p1_0.accion,
        p1_0.modulo,
        p1_0.nombre 
    from
        public.permiso p1_0 
    where
        p1_0.id_permiso=?
17:30:50.895 TRACE [           main] org.hibernate.orm.jdbc.bind              : binding parameter (1:BIGINT) <- [35]
17:30:50.992 DEBUG [           main] org.hibernate.SQL                        : 
    select
        p1_0.id_permiso,
        p1_0.accion,
        p1_0.modulo,
        p1_0.nombre 
    from
        public.permiso p1_0 
    where
        p1_0.id_permiso=?
Hibernate: 
    select
        p1_0.id_permiso,
        p1_0.accion,
        p1_0.modulo,
        p1_0.nombre 
    from
        public.permiso p1_0 
    where
        p1_0.id_permiso=?
17:30:50.993 TRACE [           main] org.hibernate.orm.jdbc.bind              : binding parameter (1:BIGINT) <- [36]
17:30:51.090 DEBUG [           main] org.hibernate.SQL                        : 
    select
        p1_0.id_permiso,
        p1_0.accion,
        p1_0.modulo,
        p1_0.nombre 
    from
        public.permiso p1_0 
    where
        p1_0.id_permiso=?
Hibernate: 
    select
        p1_0.id_permiso,
        p1_0.accion,
        p1_0.modulo,
        p1_0.nombre 
    from
        public.permiso p1_0 
    where
        p1_0.id_permiso=?
17:30:51.091 TRACE [           main] org.hibernate.orm.jdbc.bind              : binding parameter (1:BIGINT) <- [37]
17:30:51.187 DEBUG [           main] org.hibernate.SQL                        : 
    select
        p1_0.id_permiso,
        p1_0.accion,
        p1_0.modulo,
        p1_0.nombre 
    from
        public.permiso p1_0 
    where
        p1_0.id_permiso=?
Hibernate: 
    select
        p1_0.id_permiso,
        p1_0.accion,
        p1_0.modulo,
        p1_0.nombre 
    from
        public.permiso p1_0 
    where
        p1_0.id_permiso=?
17:30:51.187 TRACE [           main] org.hibernate.orm.jdbc.bind              : binding parameter (1:BIGINT) <- [38]
17:30:51.285 DEBUG [           main] org.hibernate.SQL                        : 
    select
        p1_0.id_permiso,
        p1_0.accion,
        p1_0.modulo,
        p1_0.nombre 
    from
        public.permiso p1_0 
    where
        p1_0.id_permiso=?
Hibernate: 
    select
        p1_0.id_permiso,
        p1_0.accion,
        p1_0.modulo,
        p1_0.nombre 
    from
        public.permiso p1_0 
    where
        p1_0.id_permiso=?
17:30:51.286 TRACE [           main] org.hibernate.orm.jdbc.bind              : binding parameter (1:BIGINT) <- [39]
17:30:51.383 DEBUG [           main] org.hibernate.SQL                        : 
    select
        p1_0.id_permiso,
        p1_0.accion,
        p1_0.modulo,
        p1_0.nombre 
    from
        public.permiso p1_0 
    where
        p1_0.id_permiso=?
Hibernate: 
    select
        p1_0.id_permiso,
        p1_0.accion,
        p1_0.modulo,
        p1_0.nombre 
    from
        public.permiso p1_0 
    where
        p1_0.id_permiso=?
17:30:51.384 TRACE [           main] org.hibernate.orm.jdbc.bind              : binding parameter (1:BIGINT) <- [40]
17:30:51.482 DEBUG [           main] org.hibernate.SQL                        : 
    select
        p1_0.id_permiso,
        p1_0.accion,
        p1_0.modulo,
        p1_0.nombre 
    from
        public.permiso p1_0 
    where
        p1_0.id_permiso=?
Hibernate: 
    select
        p1_0.id_permiso,
        p1_0.accion,
        p1_0.modulo,
        p1_0.nombre 
    from
        public.permiso p1_0 
    where
        p1_0.id_permiso=?
17:30:51.483 TRACE [           main] org.hibernate.orm.jdbc.bind              : binding parameter (1:BIGINT) <- [41]
17:30:51.580 DEBUG [           main] org.hibernate.SQL                        : 
    select
        p1_0.id_permiso,
        p1_0.accion,
        p1_0.modulo,
        p1_0.nombre 
    from
        public.permiso p1_0 
    where
        p1_0.id_permiso=?
Hibernate: 
    select
        p1_0.id_permiso,
        p1_0.accion,
        p1_0.modulo,
        p1_0.nombre 
    from
        public.permiso p1_0 
    where
        p1_0.id_permiso=?
17:30:51.580 TRACE [           main] org.hibernate.orm.jdbc.bind              : binding parameter (1:BIGINT) <- [42]
17:30:52.143 DEBUG [           main] o.s.s.a.dao.DaoAuthenticationProvider    : Authenticated user
17:30:52.143 INFO  [           main] c.c.c.service.impl.AuthServiceImpl       : Login exitoso para usuario: admin
17:30:52.149 DEBUG [           main] o.s.security.web.FilterChainProxy        : Securing GET /api/v1/roles
17:30:52.158 DEBUG [           main] org.hibernate.SQL                        : 
    select
        u1_0.id_usuario,
        u1_0.bloqueado_hasta,
        u1_0.estado,
        u1_0.fecha_creacion,
        u1_0.fecha_expiracion_token,
        u1_0.intentos_fallidos,
        u1_0.password_hash,
        u1_0.id_persona,
        p1_0.id_persona,
        p1_0.apellidos,
        p1_0.correo,
        p1_0.direccion,
        p1_0.estado,
        p1_0.fecha_nacimiento,
        p1_0.foto_perfil,
        p1_0.nombres,
        p1_0.numero_identificacion,
        p1_0.telefono,
        p1_0.tipo_identificacion,
        u1_0.token_recuperacion,
        u1_0.ultimo_login,
        u1_0.username,
        ur1_0.id_usuario,
        ur1_0.id_rol,
        ur1_0.fecha_asignacion,
        r1_0.id_rol,
        r1_0.descripcion,
        r1_0.nombre 
    from
        public.usuario u1_0 
    left join
        public.persona p1_0 
            on p1_0.id_persona=u1_0.id_persona 
    left join
        public.usuario_rol ur1_0 
            on u1_0.id_usuario=ur1_0.id_usuario 
    left join
        public.rol r1_0 
            on r1_0.id_rol=ur1_0.id_rol 
    where
        u1_0.username=?
Hibernate: 
    select
        u1_0.id_usuario,
        u1_0.bloqueado_hasta,
        u1_0.estado,
        u1_0.fecha_creacion,
        u1_0.fecha_expiracion_token,
        u1_0.intentos_fallidos,
        u1_0.password_hash,
        u1_0.id_persona,
        p1_0.id_persona,
        p1_0.apellidos,
        p1_0.correo,
        p1_0.direccion,
        p1_0.estado,
        p1_0.fecha_nacimiento,
        p1_0.foto_perfil,
        p1_0.nombres,
        p1_0.numero_identificacion,
        p1_0.telefono,
        p1_0.tipo_identificacion,
        u1_0.token_recuperacion,
        u1_0.ultimo_login,
        u1_0.username,
        ur1_0.id_usuario,
        ur1_0.id_rol,
        ur1_0.fecha_asignacion,
        r1_0.id_rol,
        r1_0.descripcion,
        r1_0.nombre 
    from
        public.usuario u1_0 
    left join
        public.persona p1_0 
            on p1_0.id_persona=u1_0.id_persona 
    left join
        public.usuario_rol ur1_0 
            on u1_0.id_usuario=ur1_0.id_usuario 
    left join
        public.rol r1_0 
            on r1_0.id_rol=ur1_0.id_rol 
    where
        u1_0.username=?
17:30:52.159 TRACE [           main] org.hibernate.orm.jdbc.bind              : binding parameter (1:VARCHAR) <- [admin]
17:30:52.267 DEBUG [           main] c.c.c.security.JwtAuthenticationFilter   : Usuario autenticado: admin | Roles: [ASAMBLEAS_CREAR, ASAMBLEAS_EDITAR, ASAMBLEAS_ELIMINAR, ASAMBLEAS_LEER, COMUNICADOS_CREAR, COMUNICADOS_EDITAR, COMUNICADOS_ELIMINAR, COMUNICADOS_LEER, CONFIGURACION_EDITAR, CUOTAS_CREAR, CUOTAS_EDITAR, CUOTAS_ELIMINAR, CUOTAS_LEER, PAGOS_CREAR, PAGOS_EDITAR, PAGOS_ELIMINAR, PAGOS_LEER, REPORTES_LEER, RESERVAS_CREAR, RESERVAS_EDITAR, RESERVAS_ELIMINAR, RESERVAS_LEER, RESIDENTES_CREAR, RESIDENTES_EDITAR, RESIDENTES_ELIMINAR, RESIDENTES_LEER, ROLE_ADMIN, TICKETS_CREAR, TICKETS_EDITAR, TICKETS_ELIMINAR, TICKETS_LEER, UNIDADES_CREAR, UNIDADES_EDITAR, UNIDADES_ELIMINAR, UNIDADES_LEER, USUARIOS_CREAR, USUARIOS_EDITAR, USUARIOS_ELIMINAR, USUARIOS_LEER, VISITAS_CREAR, VISITAS_EDITAR, VISITAS_ELIMINAR, VISITAS_LEER]
17:30:52.268 DEBUG [           main] o.s.security.web.FilterChainProxy        : Secured GET /api/v1/roles
17:30:52.273 DEBUG [           main] horizationManagerBeforeMethodInterceptor : Authorizing method invocation ReflectiveMethodInvocation: public org.springframework.http.ResponseEntity com.condominio.condominio_api.controller.RolController.listar(); target is of class [com.condominio.condominio_api.controller.RolController]
17:30:52.302 DEBUG [           main] horizationManagerBeforeMethodInterceptor : Authorized method invocation ReflectiveMethodInvocation: public org.springframework.http.ResponseEntity com.condominio.condominio_api.controller.RolController.listar(); target is of class [com.condominio.condominio_api.controller.RolController]
17:30:52.320 DEBUG [           main] org.hibernate.SQL                        : 
    select
        r1_0.id_rol,
        r1_0.descripcion,
        r1_0.nombre 
    from
        public.rol r1_0 
    order by
        r1_0.nombre
Hibernate: 
    select
        r1_0.id_rol,
        r1_0.descripcion,
        r1_0.nombre 
    from
        public.rol r1_0 
    order by
        r1_0.nombre
]]></system-out>
  </testcase>
</testsuite>