<?xml version="1.0" encoding="UTF-8"?>
<testsuite xmlns:xsi="http://www.w3.org/2001/XMLSchema-instance" xsi:noNamespaceSchemaLocation="https://maven.apache.org/surefire/maven-surefire-plugin/xsd/surefire-test-report.xsd" version="3.0.2" name="com.condominio.condominio_api.CondominioApiApplicationTests" time="10.091" tests="1" errors="0" skipped="0" failures="0">
  <properties>
[...]
</properties>
  <testcase name="contextLoads" classname="com.condominio.condominio_api.CondominioApiApplicationTests" time="0.003">
    <system-out><![CDATA[22:40:48.750 INFO  [           main] t.c.s.AnnotationConfigContextLoaderUtils : Could not detect default configuration classes for test class [com.condominio.condominio_api.CondominioApiApplicationTests]: CondominioApiApplicationTests does not declare any static, non-private, non-final, nested classes annotated with @Configuration.
22:40:48.754 INFO  [           main] .b.t.c.SpringBootTestContextBootstrapper : Found @SpringBootConfiguration com.condominio.condominio_api.CondominioApiApplication for test class com.condominio.condominio_api.CondominioApiApplicationTests
22:40:48.757 INFO  [           main] o.s.b.d.r.RestartApplicationListener     : Restart disabled due to context in which it is running

  .   ____          _            __ _ _
 /\\ / ___'_ __ _ _(_)_ __  __ _ \ \ \ \
( ( )\___ | '_ | '_| | '_ \/ _` | \ \ \ \
 \\/  ___)| |_)| | | | | || (_| |  ) ) ) )
  '  |____| .__|_| |_|_| |_\__, | / / / /
 =========|_|==============|___/=/_/_/_/

 :: Spring Boot ::                (v3.5.3)

22:40:48.773 INFO  [           main] c.c.c.CondominioApiApplicationTests      : Starting CondominioApiApplicationTests using Java 25.0.3 with PID 82301 (started by xavo in /home/xavo/GitHub/Personal/condominio-api)
22:40:48.773 DEBUG [           main] c.c.c.CondominioApiApplicationTests      : Running with Spring Boot v3.5.3, Spring v6.2.8
22:40:48.773 INFO  [           main] c.c.c.CondominioApiApplicationTests      : The following 1 profile is active: "dev"
22:40:48.874 INFO  [           main] .s.d.r.c.RepositoryConfigurationDelegate : Bootstrapping Spring Data JPA repositories in DEFAULT mode.
22:40:48.899 INFO  [           main] .s.d.r.c.RepositoryConfigurationDelegate : Finished Spring Data repository scanning in 24 ms. Found 39 JPA repository interfaces.
22:40:48.955 DEBUG [           main] o.f.c.i.s.classpath.ClassPathScanner     : Scanning for classpath resources at 'classpath:db/callback' ...
22:40:48.955 DEBUG [           main] o.f.c.i.s.classpath.ClassPathScanner     : Determining location urls for classpath:db/callback using ClassLoader jdk.internal.loader.ClassLoaders$AppClassLoader@14dad5dc ...
22:40:48.956 DEBUG [           main] o.f.c.i.s.classpath.ClassPathScanner     : Unable to resolve location classpath:db/callback.
22:40:48.957 DEBUG [           main] o.f.c.i.s.classpath.ClassPathScanner     : Scanning for classpath resources at 'classpath:db/migration' ...
22:40:48.957 DEBUG [           main] o.f.c.i.s.classpath.ClassPathScanner     : Determining location urls for classpath:db/migration using ClassLoader jdk.internal.loader.ClassLoaders$AppClassLoader@14dad5dc ...
22:40:48.957 DEBUG [           main] o.f.c.i.s.classpath.ClassPathScanner     : Scanning URL: file:/home/xavo/GitHub/Personal/condominio-api/target/classes/db/migration
22:40:48.957 DEBUG [           main] i.s.c.FileSystemClassPathLocationScanner : Scanning starting at classpath root in filesystem: /home/xavo/GitHub/Personal/condominio-api/target/classes/
22:40:48.957 DEBUG [           main] i.s.c.FileSystemClassPathLocationScanner : Scanning for resources in path: /home/xavo/GitHub/Personal/condominio-api/target/classes/db/migration (db/migration)
22:40:48.957 DEBUG [           main] o.f.c.i.s.classpath.ClassPathScanner     : Found resource: db/migration/V10__seed_categorias_tickets.sql
22:40:48.957 DEBUG [           main] o.f.c.i.s.classpath.ClassPathScanner     : Found resource: db/migration/V1__schema.sql
22:40:48.957 DEBUG [           main] o.f.c.i.s.classpath.ClassPathScanner     : Found resource: db/migration/V2__constraints.sql
22:40:48.957 DEBUG [           main] o.f.c.i.s.classpath.ClassPathScanner     : Found resource: db/migration/V3__indexes.sql
22:40:48.957 DEBUG [           main] o.f.c.i.s.classpath.ClassPathScanner     : Found resource: db/migration/V4__triggers.sql
22:40:48.957 DEBUG [           main] o.f.c.i.s.classpath.ClassPathScanner     : Found resource: db/migration/V5__functions.sql
22:40:48.957 DEBUG [           main] o.f.c.i.s.classpath.ClassPathScanner     : Found resource: db/migration/V6__seed.sql
22:40:48.957 DEBUG [           main] o.f.c.i.s.classpath.ClassPathScanner     : Found resource: db/migration/V7__views.sql
22:40:48.957 DEBUG [           main] o.f.c.i.s.classpath.ClassPathScanner     : Found resource: db/migration/V8__test_auth_seed.sql
22:40:48.957 DEBUG [           main] o.f.c.i.s.classpath.ClassPathScanner     : Found resource: db/migration/V9__fix_admin_password.sql
22:40:48.957 DEBUG [           main] o.f.c.i.s.classpath.ClassPathScanner     : Scanning for classes at classpath:db/migration
22:40:49.750 DEBUG [           main] o.f.c.i.resource.ResourceNameValidator   : Validating V1__schema.sql
22:40:49.750 DEBUG [           main] o.f.c.i.resource.ResourceNameValidator   : Validating V5__functions.sql
22:40:49.751 DEBUG [           main] o.f.c.i.resource.ResourceNameValidator   : Validating V7__views.sql
22:40:49.751 DEBUG [           main] o.f.c.i.resource.ResourceNameValidator   : Validating V10__seed_categorias_tickets.sql
22:40:49.751 DEBUG [           main] o.f.c.i.resource.ResourceNameValidator   : Validating V4__triggers.sql
22:40:49.751 DEBUG [           main] o.f.c.i.resource.ResourceNameValidator   : Validating V2__constraints.sql
22:40:49.751 DEBUG [           main] o.f.c.i.resource.ResourceNameValidator   : Validating V9__fix_admin_password.sql
22:40:49.751 DEBUG [           main] o.f.c.i.resource.ResourceNameValidator   : Validating V6__seed.sql
22:40:49.751 DEBUG [           main] o.f.c.i.resource.ResourceNameValidator   : Validating V3__indexes.sql
22:40:49.751 DEBUG [           main] o.f.c.i.resource.ResourceNameValidator   : Validating V8__test_auth_seed.sql
22:40:49.752 DEBUG [           main] o.f.c.i.database.DatabaseTypeRegister    : Multiple databases found that handle url 'jdbc:postgresql://db.uegmjdakzkjatjctmmdw.supabase.co:5432/postgres?sslmode=require': CockroachDB,PostgreSQL
22:40:49.752 INFO  [           main] org.flywaydb.core.FlywayExecutor         : Database: jdbc:postgresql://db.uegmjdakzkjatjctmmdw.supabase.co:5432/postgres?sslmode=require (PostgreSQL 17.6)
22:40:49.752 DEBUG [           main] org.flywaydb.core.FlywayExecutor         : Database Type: PostgreSQL
22:40:49.752 DEBUG [           main] org.flywaydb.core.FlywayExecutor         : Driver: PostgreSQL JDBC Driver 42.7.7
22:40:49.752 DEBUG [           main] org.flywaydb.core.FlywayExecutor         : DDL Transactions Supported: true
22:40:49.752 DEBUG [           main] o.f.c.i.s.SchemaHistoryFactory           : Schemas: 
22:40:49.752 DEBUG [           main] o.f.c.i.s.SchemaHistoryFactory           : Default schema: null
22:40:50.674 DEBUG [           main] org.flywaydb.core.FlywayExecutor         : Scanning for script callbacks ...
22:40:50.675 DEBUG [           main] o.f.c.i.c.SqlScriptCallbackFactory       : Scanning for SQL callbacks ...
22:40:50.773 DEBUG [           main] o.f.core.internal.command.DbValidate     : Validating migrations ...
22:40:50.773 DEBUG [           main] o.f.c.a.c.ClassicConfiguration           : CherryPickConfigurationExtension not found
22:40:50.776 DEBUG [           main] o.f.core.internal.scanner.Scanner        : Filtering out resource: db/migration/V1__schema.sql (filename: V1__schema.sql)
22:40:50.776 DEBUG [           main] o.f.core.internal.scanner.Scanner        : Filtering out resource: db/migration/V5__functions.sql (filename: V5__functions.sql)
22:40:50.776 DEBUG [           main] o.f.core.internal.scanner.Scanner        : Filtering out resource: db/migration/V7__views.sql (filename: V7__views.sql)
22:40:50.776 DEBUG [           main] o.f.core.internal.scanner.Scanner        : Filtering out resource: db/migration/V10__seed_categorias_tickets.sql (filename: V10__seed_categorias_tickets.sql)
22:40:50.776 DEBUG [           main] o.f.core.internal.scanner.Scanner        : Filtering out resource: db/migration/V4__triggers.sql (filename: V4__triggers.sql)
22:40:50.776 DEBUG [           main] o.f.core.internal.scanner.Scanner        : Filtering out resource: db/migration/V2__constraints.sql (filename: V2__constraints.sql)
22:40:50.776 DEBUG [           main] o.f.core.internal.scanner.Scanner        : Filtering out resource: db/migration/V9__fix_admin_password.sql (filename: V9__fix_admin_password.sql)
22:40:50.776 DEBUG [           main] o.f.core.internal.scanner.Scanner        : Filtering out resource: db/migration/V6__seed.sql (filename: V6__seed.sql)
22:40:50.776 DEBUG [           main] o.f.core.internal.scanner.Scanner        : Filtering out resource: db/migration/V3__indexes.sql (filename: V3__indexes.sql)
22:40:50.776 DEBUG [           main] o.f.core.internal.scanner.Scanner        : Filtering out resource: db/migration/V8__test_auth_seed.sql (filename: V8__test_auth_seed.sql)
22:40:50.776 DEBUG [           main] o.f.core.internal.scanner.Scanner        : Filtering out resource: db/migration/V1__schema.sql (filename: V1__schema.sql)
22:40:50.776 DEBUG [           main] o.f.core.internal.scanner.Scanner        : Filtering out resource: db/migration/V5__functions.sql (filename: V5__functions.sql)
22:40:50.776 DEBUG [           main] o.f.core.internal.scanner.Scanner        : Filtering out resource: db/migration/V7__views.sql (filename: V7__views.sql)
22:40:50.776 DEBUG [           main] o.f.core.internal.scanner.Scanner        : Filtering out resource: db/migration/V10__seed_categorias_tickets.sql (filename: V10__seed_categorias_tickets.sql)
22:40:50.776 DEBUG [           main] o.f.core.internal.scanner.Scanner        : Filtering out resource: db/migration/V4__triggers.sql (filename: V4__triggers.sql)
22:40:50.776 DEBUG [           main] o.f.core.internal.scanner.Scanner        : Filtering out resource: db/migration/V2__constraints.sql (filename: V2__constraints.sql)
22:40:50.776 DEBUG [           main] o.f.core.internal.scanner.Scanner        : Filtering out resource: db/migration/V9__fix_admin_password.sql (filename: V9__fix_admin_password.sql)
22:40:50.776 DEBUG [           main] o.f.core.internal.scanner.Scanner        : Filtering out resource: db/migration/V6__seed.sql (filename: V6__seed.sql)
22:40:50.776 DEBUG [           main] o.f.core.internal.scanner.Scanner        : Filtering out resource: db/migration/V3__indexes.sql (filename: V3__indexes.sql)
22:40:50.776 DEBUG [           main] o.f.core.internal.scanner.Scanner        : Filtering out resource: db/migration/V8__test_auth_seed.sql (filename: V8__test_auth_seed.sql)
22:40:50.777 DEBUG [           main] o.f.core.internal.scanner.Scanner        : Filtering out resource: db/migration/V1__schema.sql (filename: V1__schema.sql)
22:40:50.777 DEBUG [           main] o.f.core.internal.scanner.Scanner        : Filtering out resource: db/migration/V5__functions.sql (filename: V5__functions.sql)
22:40:50.777 DEBUG [           main] o.f.core.internal.scanner.Scanner        : Filtering out resource: db/migration/V7__views.sql (filename: V7__views.sql)
22:40:50.777 DEBUG [           main] o.f.core.internal.scanner.Scanner        : Filtering out resource: db/migration/V10__seed_categorias_tickets.sql (filename: V10__seed_categorias_tickets.sql)
22:40:50.777 DEBUG [           main] o.f.core.internal.scanner.Scanner        : Filtering out resource: db/migration/V4__triggers.sql (filename: V4__triggers.sql)
22:40:50.777 DEBUG [           main] o.f.core.internal.scanner.Scanner        : Filtering out resource: db/migration/V2__constraints.sql (filename: V2__constraints.sql)
22:40:50.777 DEBUG [           main] o.f.core.internal.scanner.Scanner        : Filtering out resource: db/migration/V9__fix_admin_password.sql (filename: V9__fix_admin_password.sql)
22:40:50.777 DEBUG [           main] o.f.core.internal.scanner.Scanner        : Filtering out resource: db/migration/V6__seed.sql (filename: V6__seed.sql)
22:40:50.777 DEBUG [           main] o.f.core.internal.scanner.Scanner        : Filtering out resource: db/migration/V3__indexes.sql (filename: V3__indexes.sql)
22:40:50.777 DEBUG [           main] o.f.core.internal.scanner.Scanner        : Filtering out resource: db/migration/V8__test_auth_seed.sql (filename: V8__test_auth_seed.sql)
22:40:50.778 DEBUG [           main] o.f.core.internal.scanner.Scanner        : Filtering out resource: db/migration/V1__schema.sql (filename: V1__schema.sql)
22:40:50.778 DEBUG [           main] o.f.core.internal.scanner.Scanner        : Filtering out resource: db/migration/V5__functions.sql (filename: V5__functions.sql)
22:40:50.778 DEBUG [           main] o.f.core.internal.scanner.Scanner        : Filtering out resource: db/migration/V7__views.sql (filename: V7__views.sql)
22:40:50.778 DEBUG [           main] o.f.core.internal.scanner.Scanner        : Filtering out resource: db/migration/V10__seed_categorias_tickets.sql (filename: V10__seed_categorias_tickets.sql)
22:40:50.778 DEBUG [           main] o.f.core.internal.scanner.Scanner        : Filtering out resource: db/migration/V4__triggers.sql (filename: V4__triggers.sql)
22:40:50.778 DEBUG [           main] o.f.core.internal.scanner.Scanner        : Filtering out resource: db/migration/V2__constraints.sql (filename: V2__constraints.sql)
22:40:50.778 DEBUG [           main] o.f.core.internal.scanner.Scanner        : Filtering out resource: db/migration/V9__fix_admin_password.sql (filename: V9__fix_admin_password.sql)
22:40:50.778 DEBUG [           main] o.f.core.internal.scanner.Scanner        : Filtering out resource: db/migration/V6__seed.sql (filename: V6__seed.sql)
22:40:50.778 DEBUG [           main] o.f.core.internal.scanner.Scanner        : Filtering out resource: db/migration/V3__indexes.sql (filename: V3__indexes.sql)
22:40:50.778 DEBUG [           main] o.f.core.internal.scanner.Scanner        : Filtering out resource: db/migration/V8__test_auth_seed.sql (filename: V8__test_auth_seed.sql)
22:40:51.178 INFO  [           main] o.f.core.internal.command.DbValidate     : Successfully validated 10 migrations (execution time 00:00.404s)
22:40:51.290 DEBUG [           main] o.f.core.internal.command.DbSchemas      : Skipping creation of existing schema: "public"
22:40:52.813 DEBUG [           main] o.f.c.a.c.ClassicConfiguration           : CherryPickConfigurationExtension not found
22:40:53.104 INFO  [           main] o.f.core.internal.command.DbMigrate      : Current version of schema "public": 10
22:40:53.200 INFO  [           main] o.f.core.internal.command.DbMigrate      : Schema "public" is up to date. No migration necessary.
22:40:53.973 DEBUG [           main] org.flywaydb.core.FlywayExecutor         : Memory usage: 168 of 250M
22:40:53.990 INFO  [           main] o.hibernate.jpa.internal.util.LogHelper  : HHH000204: Processing PersistenceUnitInfo [name: default]
22:40:53.991 INFO  [           main] o.h.c.internal.RegionFactoryInitiator    : HHH000026: Second-level cache disabled
22:40:53.995 INFO  [           main] o.s.o.j.p.SpringPersistenceUnitInfo      : No LoadTimeWeaver setup: ignoring JPA class transformer
22:40:53.995 INFO  [           main] com.zaxxer.hikari.HikariDataSource       : HikariPool-3 - Starting...
22:40:54.885 INFO  [           main] com.zaxxer.hikari.pool.HikariPool        : HikariPool-3 - Added connection org.postgresql.jdbc.PgConnection@6a8c9430
22:40:54.885 INFO  [           main] com.zaxxer.hikari.HikariDataSource       : HikariPool-3 - Start completed.
22:40:55.384 INFO  [           main] org.hibernate.orm.connections.pooling    : HHH10001005: Database info:
	Database JDBC URL [Connecting through datasource 'HikariDataSource (HikariPool-3)']
	Database driver: undefined/unknown
	Database version: 17.6
	Autocommit mode: undefined/unknown
	Isolation level: undefined/unknown
	Minimum pool size: undefined/unknown
	Maximum pool size: undefined/unknown
22:40:55.471 INFO  [           main] o.h.e.t.j.p.i.JtaPlatformInitiator       : HHH000489: No JTA platform available (set 'hibernate.transaction.jta.platform' to enable JTA platform integration)
22:40:58.448 INFO  [           main] j.LocalContainerEntityManagerFactoryBean : Initialized JPA EntityManagerFactory for persistence unit 'default'
22:40:58.557 INFO  [           main] eAuthenticationProviderManagerConfigurer : Global AuthenticationManager configured with AuthenticationProvider bean with name authenticationProvider
22:40:58.557 WARN  [           main] r$InitializeUserDetailsManagerConfigurer : Global AuthenticationManager configured with an AuthenticationProvider bean. UserDetailsService beans will not be used by Spring Security for automatically configuring username/password login. Consider removing the AuthenticationProvider bean. Alternatively, consider using the UserDetailsService in a manually instantiated DaoAuthenticationProvider. If the current configuration is intentional, to turn off this warning, increase the logging level of 'org.springframework.security.config.annotation.authentication.configuration.InitializeUserDetailsBeanManagerConfigurer' to ERROR
22:40:58.782 DEBUG [           main] o.s.s.web.DefaultSecurityFilterChain     : Will secure any request with filters: DisableEncodeUrlFilter, WebAsyncManagerIntegrationFilter, SecurityContextHolderFilter, HeaderWriterFilter, CorsFilter, LogoutFilter, JwtAuthenticationFilter, RequestCacheAwareFilter, SecurityContextHolderAwareRequestFilter, AnonymousAuthenticationFilter, SessionManagementFilter, ExceptionTranslationFilter, AuthorizationFilter
22:40:58.835 INFO  [           main] c.c.c.CondominioApiApplicationTests      : Started CondominioApiApplicationTests in 10.078 seconds (process running for 65.583)
]]></system-out>
  </testcase>
</testsuite>